2025-02-27 22:57:08 [main] INFO  com.zoho.base.BaseTest - Extent Reports initialized.
2025-02-27 22:57:14 [main] INFO  com.zoho.base.BaseTest - Launching browser: chrome
2025-02-27 22:57:16 [main] INFO  com.zoho.base.BaseTest - Starting test: testLaunchGoogle
2025-02-27 22:57:18 [main] INFO  com.zoho.base.BaseTest - Opened Google successfully.
2025-02-27 22:57:18 [main] INFO  com.zoho.base.BaseTest - Browser closed.
2025-02-27 22:57:18 [main] INFO  com.zoho.base.BaseTest - Extent Reports flushed.
2025-02-27 23:00:32 [main] INFO  com.zoho.base.BaseTest - Extent Reports initialized.
2025-02-27 23:00:36 [main] INFO  com.zoho.base.BaseTest - Launching browser: chrome
2025-02-27 23:00:37 [main] INFO  com.zoho.base.BaseTest - Starting test: testLaunchGoogle
2025-02-27 23:00:38 [main] INFO  com.zoho.base.BaseTest - Opened https://google.com successfully.
2025-02-27 23:00:39 [main] INFO  com.zoho.base.BaseTest - Browser closed.
2025-02-27 23:00:39 [main] INFO  com.zoho.base.BaseTest - Extent Reports flushed.
2025-02-27 23:06:04 [main] INFO  com.zoho.base.BaseTest - Extent Reports initialized.
2025-02-27 23:06:07 [TestNG-test=ZohoCRM Tests-1] INFO  com.zoho.base.BaseTest - Launching browser: chrome
2025-02-27 23:06:09 [TestNG-test=ZohoCRM Tests-1] INFO  com.zoho.base.BaseTest - Starting test: testLaunchGoogle
2025-02-27 23:06:10 [TestNG-test=ZohoCRM Tests-1] INFO  com.zoho.base.BaseTest - Opened https://google.com successfully.
2025-02-27 23:06:10 [TestNG-test=ZohoCRM Tests-1] INFO  com.zoho.base.BaseTest - Browser closed.
2025-02-27 23:06:11 [main] INFO  com.zoho.base.BaseTest - Extent Reports flushed.
2025-02-27 23:06:52 [main] INFO  com.zoho.base.BaseTest - Extent Reports initialized.
2025-02-27 23:06:55 [TestNG-test=ZohoCRM Tests-1] INFO  com.zoho.base.BaseTest - Launching browser: chrome
2025-02-27 23:06:57 [TestNG-test=ZohoCRM Tests-1] INFO  com.zoho.base.BaseTest - Starting test: testLaunchGoogle
2025-02-27 23:06:59 [TestNG-test=ZohoCRM Tests-1] INFO  com.zoho.base.BaseTest - Opened https://google.com successfully.
2025-02-27 23:06:59 [TestNG-test=ZohoCRM Tests-1] INFO  com.zoho.base.BaseTest - Browser closed.
2025-02-27 23:07:00 [main] INFO  com.zoho.base.BaseTest - Extent Reports flushed.
2025-02-27 23:07:28 [main] INFO  com.zoho.base.BaseTest - Extent Reports initialized.
2025-02-27 23:07:31 [main] INFO  com.zoho.base.BaseTest - Launching browser: chrome
2025-02-27 23:07:33 [main] INFO  com.zoho.base.BaseTest - Starting test: testLaunchGoogle
2025-02-27 23:07:36 [main] INFO  com.zoho.base.BaseTest - Opened https://google.com successfully.
2025-02-27 23:07:36 [main] INFO  com.zoho.base.BaseTest - Browser closed.
2025-02-27 23:07:36 [main] INFO  com.zoho.base.BaseTest - Extent Reports flushed.
2025-02-27 23:10:35 [main] INFO  com.zoho.base.BaseTest - Extent Reports initialized.
2025-02-27 23:10:39 [TestNG-test=ZohoCRM Tests-1] INFO  com.zoho.base.BaseTest - Launching browser: chrome
2025-02-27 23:10:41 [TestNG-test=ZohoCRM Tests-1] INFO  com.zoho.base.BaseTest - Starting test: testLaunchGoogle
2025-02-27 23:10:41 [TestNG-test=ZohoCRM Tests-1] INFO  com.zoho.base.BaseTest - Opened https://google.com successfully.
2025-02-27 23:10:42 [TestNG-test=ZohoCRM Tests-1] INFO  com.zoho.base.BaseTest - Browser closed.
2025-02-27 23:10:42 [main] INFO  com.zoho.base.BaseTest - Extent Reports flushed.
2025-02-27 23:12:21 [main] INFO  org.testng.internal.Utils - [TestNG] Running:
  /Users/apple/Library/Caches/JetBrains/IdeaIC2023.2/temp-testng-customsuite.xml

2025-02-27 23:12:21 [main] INFO  com.zoho.base.BaseTest - Extent Reports initialized.
2025-02-27 23:12:22 [main] INFO  io.github.bonigarcia.wdm.WebDriverManager - Using chromedriver 133.0.6943.141 (resolved driver for Chrome 133)
2025-02-27 23:12:22 [main] INFO  io.github.bonigarcia.wdm.WebDriverManager - Exporting webdriver.chrome.driver as /Users/apple/.cache/selenium/chromedriver/mac64/133.0.6943.141/chromedriver
2025-02-27 23:12:25 [main] INFO  com.zoho.base.BaseTest - Launching browser: chrome
2025-02-27 23:12:27 [main] INFO  com.zoho.base.BaseTest - Starting test: testLaunchGoogle
2025-02-27 23:12:28 [main] INFO  com.zoho.base.BaseTest - Opened https://google.com successfully.
2025-02-27 23:12:28 [main] INFO  com.zoho.base.BaseTest - Browser closed.
2025-02-27 23:12:29 [main] INFO  com.zoho.base.BaseTest - Extent Reports flushed.
2025-02-27 23:14:14 [main] INFO  org.testng.internal.Utils - [TestNG] Running:
  /Users/apple/Library/Caches/JetBrains/IdeaIC2023.2/temp-testng-customsuite.xml

2025-02-27 23:14:14 [main] INFO  com.zoho.base.BaseTest - Extent Reports initialized.
2025-02-27 23:14:15 [main] INFO  io.github.bonigarcia.wdm.WebDriverManager - Using chromedriver 133.0.6943.141 (resolved driver for Chrome 133)
2025-02-27 23:14:15 [main] INFO  io.github.bonigarcia.wdm.WebDriverManager - Exporting webdriver.chrome.driver as /Users/apple/.cache/selenium/chromedriver/mac64/133.0.6943.141/chromedriver
2025-02-27 23:14:18 [main] INFO  com.zoho.base.BaseTest - Launching browser: chrome
2025-02-27 23:14:19 [main] INFO  com.zoho.base.BaseTest - Starting test: testLaunchGoogle
2025-02-27 23:14:20 [main] INFO  com.zoho.base.BaseTest - Opened https://google.com successfully.
2025-02-27 23:14:20 [main] INFO  com.zoho.base.BaseTest - Browser closed.
2025-02-27 23:14:20 [main] INFO  com.zoho.base.BaseTest - Extent Reports flushed.
2025-02-27 23:19:02 [main] INFO  com.zoho.base.BaseTest - Extent Reports initialized.
2025-02-27 23:19:02 [TestNG-test=ZohoCRM Tests-1] INFO  io.github.bonigarcia.wdm.WebDriverManager - Using chromedriver 133.0.6943.141 (resolved driver for Chrome 133)
2025-02-27 23:19:02 [TestNG-test=ZohoCRM Tests-1] INFO  io.github.bonigarcia.wdm.WebDriverManager - Exporting webdriver.chrome.driver as /Users/apple/.cache/selenium/chromedriver/mac64/133.0.6943.141/chromedriver
2025-02-27 23:19:04 [TestNG-test=ZohoCRM Tests-1] INFO  com.zoho.base.BaseTest - Launching browser: chrome
2025-02-27 23:19:06 [TestNG-test=ZohoCRM Tests-1] INFO  com.zoho.base.BaseTest - Starting test: testLaunchGoogle
2025-02-27 23:19:08 [TestNG-test=ZohoCRM Tests-1] INFO  com.zoho.base.BaseTest - Opened https://google.com successfully.
2025-02-27 23:19:08 [TestNG-test=ZohoCRM Tests-1] INFO  com.zoho.base.BaseTest - Browser closed.
2025-02-27 23:19:09 [main] INFO  com.zoho.base.BaseTest - Extent Reports flushed.
2025-02-27 23:21:36 [main] INFO  com.zoho.base.BaseTest - Extent Reports initialized.
2025-02-27 23:21:37 [TestNG-test=ZohoCRM Tests-1] INFO  io.github.bonigarcia.wdm.WebDriverManager - Using chromedriver 133.0.6943.141 (resolved driver for Chrome 133)
2025-02-27 23:21:38 [TestNG-test=ZohoCRM Tests-1] INFO  io.github.bonigarcia.wdm.WebDriverManager - Exporting webdriver.chrome.driver as /Users/apple/.cache/selenium/chromedriver/mac64/133.0.6943.141/chromedriver
2025-02-27 23:21:42 [TestNG-test=ZohoCRM Tests-1] INFO  com.zoho.base.BaseTest - Launching browser: chrome
2025-02-27 23:21:44 [TestNG-test=ZohoCRM Tests-1] INFO  com.zoho.base.BaseTest - Starting test: testLaunchGoogle
2025-02-27 23:21:45 [TestNG-test=ZohoCRM Tests-1] INFO  com.zoho.base.BaseTest - Opened https://google.com successfully.
2025-02-27 23:21:45 [TestNG-test=ZohoCRM Tests-1] INFO  com.zoho.base.BaseTest - Browser closed.
2025-02-27 23:21:46 [main] INFO  com.zoho.base.BaseTest - Extent Reports flushed.
2025-02-27 23:25:01 [main] INFO  com.zoho.base.BaseTest - Extent Reports initialized: reports/ExtentReport_20250227_232501.html
2025-02-27 23:25:02 [TestNG-test=ZohoCRM Tests-1] INFO  io.github.bonigarcia.wdm.WebDriverManager - Using chromedriver 133.0.6943.141 (resolved driver for Chrome 133)
2025-02-27 23:25:02 [TestNG-test=ZohoCRM Tests-1] INFO  io.github.bonigarcia.wdm.WebDriverManager - Exporting webdriver.chrome.driver as /Users/apple/.cache/selenium/chromedriver/mac64/133.0.6943.141/chromedriver
2025-02-27 23:25:04 [TestNG-test=ZohoCRM Tests-1] INFO  com.zoho.base.BaseTest - Launching browser: chrome
2025-02-27 23:25:06 [TestNG-test=ZohoCRM Tests-1] INFO  com.zoho.base.BaseTest - Starting test: testLaunchGoogle
2025-02-27 23:25:06 [TestNG-test=ZohoCRM Tests-1] INFO  com.zoho.base.BaseTest - Opened https://google.com successfully.
2025-02-27 23:25:07 [TestNG-test=ZohoCRM Tests-1] INFO  com.zoho.base.BaseTest - Browser closed.
2025-02-27 23:25:07 [main] INFO  com.zoho.base.BaseTest - Extent Reports flushed.
2025-02-28 03:24:41 [main] INFO  com.zoho.base.BaseTest - Extent Reports initialized: reports/ExtentReport_20250228_032440.html
2025-02-28 03:24:53 [TestNG-test=ZohoCRM Tests-1] INFO  io.github.bonigarcia.wdm.WebDriverManager - Using chromedriver 133.0.6943.141 (resolved driver for Chrome 133)
2025-02-28 03:24:53 [TestNG-test=ZohoCRM Tests-1] INFO  io.github.bonigarcia.wdm.WebDriverManager - Exporting webdriver.chrome.driver as /Users/apple/.cache/selenium/chromedriver/mac64/133.0.6943.141/chromedriver
2025-02-28 03:24:56 [TestNG-test=ZohoCRM Tests-1] INFO  com.zoho.base.BaseTest - Launching browser: chrome
2025-02-28 03:24:58 [TestNG-test=ZohoCRM Tests-1] INFO  com.zoho.base.BaseTest - Starting test: testLaunchGoogle
2025-02-28 03:24:59 [TestNG-test=ZohoCRM Tests-1] INFO  com.zoho.base.BaseTest - Opened https://google.com successfully.
2025-02-28 03:24:59 [TestNG-test=ZohoCRM Tests-1] INFO  com.zoho.base.BaseTest - Browser closed.
2025-02-28 03:25:00 [main] INFO  com.zoho.base.BaseTest - Extent Reports flushed.
2025-02-28 03:45:06 [main] INFO  org.testng.internal.Utils - [TestNG] Running:
  /Users/apple/Library/Caches/JetBrains/IdeaIC2023.2/temp-testng-customsuite.xml

2025-02-28 03:45:06 [main] INFO  com.zoho.base.BaseTest - Extent Reports initialized: reports/ExtentReport_20250228_034506.html
2025-02-28 03:45:07 [main] INFO  io.github.bonigarcia.wdm.WebDriverManager - Using chromedriver 133.0.6943.141 (resolved driver for Chrome 133)
2025-02-28 03:45:07 [main] INFO  io.github.bonigarcia.wdm.WebDriverManager - Exporting webdriver.chrome.driver as /Users/apple/.cache/selenium/chromedriver/mac64/133.0.6943.141/chromedriver
2025-02-28 03:45:10 [main] INFO  com.zoho.base.BaseTest - Launching browser: chrome
2025-02-28 03:45:14 [main] INFO  com.zoho.base.BaseTest - Starting test: testLaunchZoho
2025-02-28 03:45:15 [main] INFO  com.zoho.base.BaseTest - Opened https://www.zoho.com/crm/ successfully.
2025-02-28 03:45:16 [main] INFO  com.zoho.base.BaseTest - Browser closed.
2025-02-28 03:45:16 [main] INFO  com.zoho.base.BaseTest - Extent Reports flushed.
2025-02-28 05:44:05 [main] INFO  org.testng.internal.Utils - [TestNG] Running:
  /Users/apple/Library/Caches/JetBrains/IdeaIC2023.2/temp-testng-customsuite.xml

2025-02-28 05:44:05 [main] INFO  com.zoho.base.BaseTest - Extent Reports initialized: reports/ExtentReport_20250228_054405.html
2025-02-28 05:44:17 [main] INFO  io.github.bonigarcia.wdm.WebDriverManager - Using chromedriver 133.0.6943.141 (resolved driver for Chrome 133)
2025-02-28 05:44:17 [main] INFO  io.github.bonigarcia.wdm.WebDriverManager - Exporting webdriver.chrome.driver as /Users/apple/.cache/selenium/chromedriver/mac64/133.0.6943.141/chromedriver
2025-02-28 05:44:21 [main] INFO  com.zoho.base.BaseTest - Launching browser: chrome
2025-02-28 05:44:24 [main] INFO  com.zoho.base.BaseTest - Launching browser: chrome
2025-02-28 05:44:26 [main] INFO  com.zoho.base.BaseTest - Starting test: testLogin
2025-02-28 05:44:39 [main] INFO  com.zoho.base.BaseTest - Browser closed.
2025-02-28 05:44:39 [main] INFO  com.zoho.base.BaseTest - Extent Reports flushed.
2025-02-28 05:47:18 [main] INFO  org.testng.internal.Utils - [TestNG] Running:
  /Users/apple/Library/Caches/JetBrains/IdeaIC2023.2/temp-testng-customsuite.xml

2025-02-28 05:47:18 [main] INFO  com.zoho.base.BaseTest - Extent Reports initialized: reports/ExtentReport_20250228_054718.html
2025-02-28 05:47:19 [main] INFO  io.github.bonigarcia.wdm.WebDriverManager - Using chromedriver 133.0.6943.141 (resolved driver for Chrome 133)
2025-02-28 05:47:19 [main] INFO  io.github.bonigarcia.wdm.WebDriverManager - Exporting webdriver.chrome.driver as /Users/apple/.cache/selenium/chromedriver/mac64/133.0.6943.141/chromedriver
2025-02-28 05:47:23 [main] INFO  com.zoho.base.BaseTest - Launching browser: chrome
2025-02-28 05:47:26 [main] INFO  com.zoho.base.BaseTest - Launching browser: chrome
2025-02-28 05:47:28 [main] INFO  com.zoho.base.BaseTest - Starting test: testLogin
2025-02-28 05:47:41 [main] INFO  com.zoho.base.BaseTest - Browser closed.
2025-02-28 05:47:41 [main] INFO  com.zoho.base.BaseTest - Extent Reports flushed.
2025-02-28 05:52:19 [main] INFO  org.testng.internal.Utils - [TestNG] Running:
  /Users/apple/Library/Caches/JetBrains/IdeaIC2023.2/temp-testng-customsuite.xml

2025-02-28 05:52:19 [main] INFO  com.zoho.base.BaseTest - Extent Reports initialized: reports/ExtentReport_20250228_055219.html
2025-02-28 05:52:19 [main] INFO  io.github.bonigarcia.wdm.WebDriverManager - Using chromedriver 133.0.6943.141 (resolved driver for Chrome 133)
2025-02-28 05:52:19 [main] INFO  io.github.bonigarcia.wdm.WebDriverManager - Exporting webdriver.chrome.driver as /Users/apple/.cache/selenium/chromedriver/mac64/133.0.6943.141/chromedriver
2025-02-28 05:52:23 [main] INFO  com.zoho.base.BaseTest - Launching browser: chrome
2025-02-28 05:52:27 [main] INFO  com.zoho.base.BaseTest - Launching browser: chrome
2025-02-28 05:52:29 [main] INFO  com.zoho.base.BaseTest - Starting test: testLogin
2025-02-28 05:52:43 [main] INFO  com.zoho.base.BaseTest - Browser closed.
2025-02-28 05:52:43 [main] INFO  com.zoho.base.BaseTest - Extent Reports flushed.
2025-02-28 05:53:51 [main] INFO  org.testng.internal.Utils - [TestNG] Running:
  /Users/apple/Library/Caches/JetBrains/IdeaIC2023.2/temp-testng-customsuite.xml

2025-02-28 05:53:51 [main] INFO  com.zoho.base.BaseTest - Extent Reports initialized: reports/ExtentReport_20250228_055351.html
2025-02-28 05:53:52 [main] INFO  io.github.bonigarcia.wdm.WebDriverManager - Using chromedriver 133.0.6943.141 (resolved driver for Chrome 133)
2025-02-28 05:53:52 [main] INFO  io.github.bonigarcia.wdm.WebDriverManager - Exporting webdriver.chrome.driver as /Users/apple/.cache/selenium/chromedriver/mac64/133.0.6943.141/chromedriver
2025-02-28 05:53:56 [main] INFO  com.zoho.base.BaseTest - Launching browser: chrome
2025-02-28 05:53:59 [main] INFO  com.zoho.base.BaseTest - Launching browser: chrome
2025-02-28 05:54:02 [main] INFO  com.zoho.base.BaseTest - Starting test: testLogin
2025-02-28 05:54:16 [main] INFO  com.zoho.base.BaseTest - Browser closed.
2025-02-28 05:54:17 [main] INFO  com.zoho.base.BaseTest - Extent Reports flushed.
2025-02-28 13:50:45 [main] INFO  org.testng.internal.Utils - [TestNG] Running:
  /Users/apple/Library/Caches/JetBrains/IdeaIC2023.2/temp-testng-customsuite.xml

2025-02-28 13:50:45 [main] INFO  com.zoho.base.BaseTest - Extent Reports initialized: reports/ExtentReport_20250228_135045.html
2025-02-28 13:50:46 [main] INFO  io.github.bonigarcia.wdm.WebDriverManager - Using chromedriver 133.0.6943.141 (resolved driver for Chrome 133)
2025-02-28 13:50:46 [main] INFO  io.github.bonigarcia.wdm.WebDriverManager - Exporting webdriver.chrome.driver as /Users/apple/.cache/selenium/chromedriver/mac64/133.0.6943.141/chromedriver
2025-02-28 13:50:48 [main] INFO  com.zoho.base.BaseTest - Launching browser: chrome
2025-02-28 13:50:48 [main] INFO  com.zoho.config.ConfigManager - Config properties loaded successfully.
2025-02-28 13:50:52 [main] INFO  com.zoho.tests.LoginTest - Navigating to Zoho CRM Login Page: https://www.zoho.com/crm/
2025-02-28 13:50:55 [main] INFO  com.zoho.tests.LoginTest - Starting Login Test
2025-02-28 13:50:55 [main] INFO  com.zoho.pages.LoginPage - Logging in with stored credentials.
2025-02-28 13:50:58 [main] INFO  com.zoho.pages.BasePage - Checking if dashboard is displayed.
2025-02-28 13:51:08 [main] ERROR com.zoho.pages.BasePage - Element not found or not visible: By.id: dashboard
org.openqa.selenium.TimeoutException: Expected condition failed: waiting for visibility of element located by By.id: dashboard (tried for 10 second(s) with 500 milliseconds interval)
Build info: version: '4.29.0', revision: '5fc1ec94cb'
System info: os.name: 'Mac OS X', os.arch: 'x86_64', os.version: '15.3.1', java.version: '11.0.26'
Driver info: org.openqa.selenium.chrome.ChromeDriver
Capabilities {acceptInsecureCerts: false, browserName: chrome, browserVersion: 133.0.6943.142, chrome: {chromedriverVersion: 133.0.6943.141 (2a5d6da0d61..., userDataDir: /var/folders/bq/gspj_j4d661...}, fedcm:accounts: true, goog:chromeOptions: {debuggerAddress: localhost:49875}, networkConnectionEnabled: false, pageLoadStrategy: normal, platformName: mac, proxy: Proxy(), se:cdp: ws://localhost:49875/devtoo..., se:cdpVersion: 133.0.6943.142, setWindowRect: true, strictFileInteractability: false, timeouts: {implicit: 0, pageLoad: 300000, script: 30000}, unhandledPromptBehavior: dismiss and notify, webauthn:extension:credBlob: true, webauthn:extension:largeBlob: true, webauthn:extension:minPinLength: true, webauthn:extension:prf: true, webauthn:virtualAuthenticators: true}
Session ID: 833773b77f205d9e512844e728e9ccf0
	at org.openqa.selenium.support.ui.WebDriverWait.timeoutException(WebDriverWait.java:84) ~[selenium-support-4.29.0.jar:?]
	at org.openqa.selenium.support.ui.FluentWait.until(FluentWait.java:228) ~[selenium-support-4.29.0.jar:?]
	at com.zoho.utils.WaitUtil.waitForElementVisible(WaitUtil.java:15) ~[classes/:?]
	at com.zoho.pages.BasePage.isElementDisplayed(BasePage.java:35) ~[classes/:?]
	at com.zoho.pages.HomePage.isDashboardDisplayed(HomePage.java:16) ~[classes/:?]
	at com.zoho.tests.LoginTest.testLogin(LoginTest.java:32) ~[test-classes/:?]
	at jdk.internal.reflect.NativeMethodAccessorImpl.invoke0(Native Method) ~[?:?]
	at jdk.internal.reflect.NativeMethodAccessorImpl.invoke(NativeMethodAccessorImpl.java:62) ~[?:?]
	at jdk.internal.reflect.DelegatingMethodAccessorImpl.invoke(DelegatingMethodAccessorImpl.java:43) ~[?:?]
	at java.lang.reflect.Method.invoke(Method.java:566) ~[?:?]
	at org.testng.internal.invokers.MethodInvocationHelper.invokeMethod(MethodInvocationHelper.java:139) ~[testng-7.8.0.jar:7.8.0]
	at org.testng.internal.invokers.TestInvoker.invokeMethod(TestInvoker.java:664) ~[testng-7.8.0.jar:7.8.0]
	at org.testng.internal.invokers.TestInvoker.invokeTestMethod(TestInvoker.java:227) ~[testng-7.8.0.jar:7.8.0]
	at org.testng.internal.invokers.MethodRunner.runInSequence(MethodRunner.java:50) ~[testng-7.8.0.jar:7.8.0]
	at org.testng.internal.invokers.TestInvoker$MethodInvocationAgent.invoke(TestInvoker.java:957) ~[testng-7.8.0.jar:7.8.0]
	at org.testng.internal.invokers.TestInvoker.invokeTestMethods(TestInvoker.java:200) ~[testng-7.8.0.jar:7.8.0]
	at org.testng.internal.invokers.TestMethodWorker.invokeTestMethods(TestMethodWorker.java:148) ~[testng-7.8.0.jar:7.8.0]
	at org.testng.internal.invokers.TestMethodWorker.run(TestMethodWorker.java:128) ~[testng-7.8.0.jar:7.8.0]
	at java.util.ArrayList.forEach(ArrayList.java:1541) [?:?]
	at org.testng.TestRunner.privateRun(TestRunner.java:848) [testng-7.8.0.jar:7.8.0]
	at org.testng.TestRunner.run(TestRunner.java:621) [testng-7.8.0.jar:7.8.0]
	at org.testng.SuiteRunner.runTest(SuiteRunner.java:443) [testng-7.8.0.jar:7.8.0]
	at org.testng.SuiteRunner.runSequentially(SuiteRunner.java:437) [testng-7.8.0.jar:7.8.0]
	at org.testng.SuiteRunner.privateRun(SuiteRunner.java:397) [testng-7.8.0.jar:7.8.0]
	at org.testng.SuiteRunner.run(SuiteRunner.java:336) [testng-7.8.0.jar:7.8.0]
	at org.testng.SuiteRunnerWorker.runSuite(SuiteRunnerWorker.java:52) [testng-7.8.0.jar:7.8.0]
	at org.testng.SuiteRunnerWorker.run(SuiteRunnerWorker.java:95) [testng-7.8.0.jar:7.8.0]
	at org.testng.TestNG.runSuitesSequentially(TestNG.java:1280) [testng-7.8.0.jar:7.8.0]
	at org.testng.TestNG.runSuitesLocally(TestNG.java:1200) [testng-7.8.0.jar:7.8.0]
	at org.testng.TestNG.runSuites(TestNG.java:1114) [testng-7.8.0.jar:7.8.0]
	at org.testng.TestNG.run(TestNG.java:1082) [testng-7.8.0.jar:7.8.0]
	at com.intellij.rt.testng.IDEARemoteTestNG.run(IDEARemoteTestNG.java:66) [testng-rt.jar:?]
	at com.intellij.rt.testng.RemoteTestNGStarter.main(RemoteTestNGStarter.java:105) [testng-rt.jar:?]
2025-02-28 13:51:08 [main] INFO  com.zoho.base.BaseTest - Browser closed.
2025-02-28 13:51:09 [main] INFO  com.zoho.base.BaseTest - Extent Reports flushed.
2025-02-28 14:51:34 [main] INFO  org.testng.internal.Utils - [TestNG] Running:
  /Users/apple/Library/Caches/JetBrains/IdeaIC2023.2/temp-testng-customsuite.xml

2025-02-28 14:51:34 [main] INFO  com.zoho.base.BaseTest - Extent Reports initialized: reports/ExtentReport_20250228_145134.html
2025-02-28 14:51:35 [main] INFO  io.github.bonigarcia.wdm.WebDriverManager - Using chromedriver 133.0.6943.141 (resolved driver for Chrome 133)
2025-02-28 14:51:35 [main] INFO  io.github.bonigarcia.wdm.WebDriverManager - Exporting webdriver.chrome.driver as /Users/apple/.cache/selenium/chromedriver/mac64/133.0.6943.141/chromedriver
2025-02-28 14:51:37 [main] INFO  com.zoho.base.BaseTest - Launching browser: chrome
2025-02-28 14:51:37 [main] INFO  com.zoho.config.ConfigManager - Config properties loaded successfully.
2025-02-28 14:51:37 [main] INFO  com.zoho.base.BaseTest - Navigating to Zoho CRM URL: https://www.zoho.com/crm/
2025-02-28 14:51:42 [main] INFO  com.zoho.tests.LoginTest - Initializing LoginPage and HomePage objects.
2025-02-28 14:51:42 [main] INFO  com.zoho.tests.LoginTest - Starting Login Test
2025-02-28 14:51:42 [main] INFO  com.zoho.pages.LoginPage - Navigating to login page and signing in.
2025-02-28 14:51:42 [main] INFO  com.zoho.pages.BasePage - Clicking on element: By.xpath: //a[@class='zgh-login'][normalize-space()='Sign In']
2025-02-28 14:51:43 [main] INFO  com.zoho.pages.BasePage - Entering text into element: By.id: login_id
2025-02-28 14:51:44 [main] INFO  com.zoho.pages.BasePage - Clicking on element: By.xpath: //span[normalize-space()='Next']
2025-02-28 14:51:44 [main] INFO  com.zoho.pages.BasePage - Entering text into element: By.xpath: //input[@id='password']
2025-02-28 14:51:45 [main] INFO  com.zoho.pages.BasePage - Clicking on element: By.xpath: //button[@id='nextbtn']//span[contains(text(),'Sign in')]
2025-02-28 14:51:45 [main] INFO  com.zoho.pages.HomePage - Checking if user profile name is displayed.
2025-02-28 14:51:50 [main] INFO  com.zoho.tests.LoginTest - Login successful!
2025-02-28 14:51:50 [main] WARN  com.zoho.tests.LoginTest - Extent Test is not initialized. Skipping reporting.
2025-02-28 14:51:51 [main] INFO  com.zoho.base.BaseTest - Browser closed.
2025-02-28 14:51:51 [main] INFO  com.zoho.base.BaseTest - Extent Reports flushed.
2025-02-28 14:56:37 [main] INFO  org.testng.internal.Utils - [TestNG] Running:
  /Users/apple/Library/Caches/JetBrains/IdeaIC2023.2/temp-testng-customsuite.xml

2025-02-28 14:56:37 [main] INFO  com.zoho.base.BaseTest - Extent Reports initialized: /Users/apple/IdeaProjects/zoho-web-automation/ZohoCRM_Automation/reports/ExtentReport_20250228_145637.html
2025-02-28 14:56:38 [main] INFO  io.github.bonigarcia.wdm.WebDriverManager - Using chromedriver 133.0.6943.141 (resolved driver for Chrome 133)
2025-02-28 14:56:38 [main] INFO  io.github.bonigarcia.wdm.WebDriverManager - Exporting webdriver.chrome.driver as /Users/apple/.cache/selenium/chromedriver/mac64/133.0.6943.141/chromedriver
2025-02-28 14:56:40 [main] INFO  com.zoho.base.BaseTest - Launching browser: chrome
2025-02-28 14:56:40 [main] INFO  com.zoho.config.ConfigManager - Config properties loaded successfully.
2025-02-28 14:56:43 [main] INFO  com.zoho.base.BaseTest - Navigating to Zoho CRM URL: https://www.zoho.com/crm/
2025-02-28 14:56:43 [main] INFO  com.zoho.tests.LoginTest - Initializing LoginPage and HomePage objects.
2025-02-28 14:56:43 [main] INFO  com.zoho.tests.LoginTest - Starting Login Test
2025-02-28 14:56:43 [main] INFO  com.zoho.pages.LoginPage - Navigating to login page and signing in.
2025-02-28 14:56:43 [main] INFO  com.zoho.pages.BasePage - Clicking on element: By.xpath: //a[@class='zgh-login'][normalize-space()='Sign In']
2025-02-28 14:56:44 [main] INFO  com.zoho.pages.BasePage - Entering text into element: By.id: login_id
2025-02-28 14:56:46 [main] INFO  com.zoho.pages.BasePage - Clicking on element: By.xpath: //span[normalize-space()='Next']
2025-02-28 14:56:46 [main] INFO  com.zoho.pages.BasePage - Entering text into element: By.xpath: //input[@id='password']
2025-02-28 14:56:46 [main] INFO  com.zoho.pages.BasePage - Clicking on element: By.xpath: //button[@id='nextbtn']//span[contains(text(),'Sign in')]
2025-02-28 14:56:47 [main] INFO  com.zoho.pages.HomePage - Checking if user profile name is displayed.
2025-02-28 14:56:50 [main] INFO  com.zoho.tests.LoginTest - Login successful!
2025-02-28 14:56:51 [main] INFO  com.zoho.base.BaseTest - Browser closed.
2025-02-28 14:56:51 [main] INFO  com.zoho.base.BaseTest - Extent Reports flushed.
2025-02-28 15:12:26 [main] INFO  org.testng.internal.Utils - [TestNG] Running:
  /Users/apple/Library/Caches/JetBrains/IdeaIC2023.2/temp-testng-customsuite.xml

2025-02-28 15:12:26 [main] INFO  com.zoho.base.BaseTest - Extent Reports initialized: /Users/apple/IdeaProjects/zoho-web-automation/ZohoCRM_Automation/reports/ExtentReport_20250228_151226.html
2025-02-28 15:12:26 [main] INFO  io.github.bonigarcia.wdm.WebDriverManager - Using chromedriver 133.0.6943.141 (resolved driver for Chrome 133)
2025-02-28 15:12:27 [main] INFO  io.github.bonigarcia.wdm.WebDriverManager - Exporting webdriver.chrome.driver as /Users/apple/.cache/selenium/chromedriver/mac64/133.0.6943.141/chromedriver
2025-02-28 15:12:29 [main] INFO  com.zoho.base.BaseTest - Launching browser: chrome
2025-02-28 15:12:29 [main] INFO  com.zoho.config.ConfigManager - ✅ Config properties loaded successfully.
2025-02-28 15:12:33 [main] INFO  com.zoho.base.BaseTest - Navigating to Zoho CRM URL: https://www.zoho.com/crm/
2025-02-28 15:12:33 [main] INFO  com.zoho.tests.LoginTest - Initializing LoginPage and HomePage objects.
2025-02-28 15:12:33 [main] INFO  com.zoho.tests.LoginTest - Starting Login Test
2025-02-28 15:12:33 [main] INFO  com.zoho.pages.LoginPage - Navigating to login page and signing in.
2025-02-28 15:12:33 [main] INFO  com.zoho.pages.BasePage - Clicking on element: By.xpath: //a[@class='zgh-login'][normalize-space()='Sign In']
2025-02-28 15:12:34 [main] INFO  com.zoho.pages.BasePage - Entering text into element: By.id: login_id
2025-02-28 15:12:36 [main] INFO  com.zoho.pages.BasePage - Clicking on element: By.xpath: //span[normalize-space()='Next']
2025-02-28 15:12:36 [main] INFO  com.zoho.pages.BasePage - Entering text into element: By.xpath: //input[@id='password']
2025-02-28 15:12:36 [main] INFO  com.zoho.pages.BasePage - Clicking on element: By.xpath: //button[@id='nextbtn']//span[contains(text(),'Sign in')]
2025-02-28 15:12:36 [main] INFO  com.zoho.pages.HomePage - Checking if user profile name is displayed.
2025-02-28 15:12:42 [main] INFO  com.zoho.tests.LoginTest - Login successful!
2025-02-28 15:12:42 [main] INFO  com.zoho.base.BaseTest - Browser closed.
2025-02-28 15:12:42 [main] INFO  com.zoho.base.BaseTest - Extent Reports flushed.
2025-02-28 15:13:28 [main] INFO  org.testng.internal.Utils - [TestNG] Running:
  /Users/apple/Library/Caches/JetBrains/IdeaIC2023.2/temp-testng-customsuite.xml

2025-02-28 15:13:28 [main] INFO  com.zoho.base.BaseTest - Extent Reports initialized: /Users/apple/IdeaProjects/zoho-web-automation/ZohoCRM_Automation/reports/ExtentReport_20250228_151328.html
2025-02-28 15:13:29 [main] INFO  io.github.bonigarcia.wdm.WebDriverManager - Using chromedriver 133.0.6943.141 (resolved driver for Chrome 133)
2025-02-28 15:13:29 [main] INFO  io.github.bonigarcia.wdm.WebDriverManager - Exporting webdriver.chrome.driver as /Users/apple/.cache/selenium/chromedriver/mac64/133.0.6943.141/chromedriver
2025-02-28 15:13:30 [main] INFO  com.zoho.base.BaseTest - Launching browser: chrome
2025-02-28 15:13:30 [main] INFO  com.zoho.config.ConfigManager - ✅ Config properties loaded successfully.
2025-02-28 15:13:34 [main] INFO  com.zoho.base.BaseTest - Navigating to Zoho CRM URL: https://www.zoho.com/crm/
2025-02-28 15:13:34 [main] INFO  com.zoho.tests.LoginTest - Initializing LoginPage and HomePage objects.
2025-02-28 15:13:34 [main] INFO  com.zoho.tests.LoginTest - Starting Login Test
2025-02-28 15:13:34 [main] INFO  com.zoho.pages.LoginPage - Navigating to login page and signing in.
2025-02-28 15:13:34 [main] INFO  com.zoho.pages.BasePage - Clicking on element: By.xpath: //a[@class='zgh-login'][normalize-space()='Sign In']
2025-02-28 15:13:35 [main] INFO  com.zoho.pages.BasePage - Entering text into element: By.id: login_id
2025-02-28 15:13:37 [main] INFO  com.zoho.pages.BasePage - Clicking on element: By.xpath: //span[normalize-space()='Next']
2025-02-28 15:13:37 [main] INFO  com.zoho.pages.BasePage - Entering text into element: By.xpath: //input[@id='password']
2025-02-28 15:13:37 [main] INFO  com.zoho.pages.BasePage - Clicking on element: By.xpath: //button[@id='nextbtn']//span[contains(text(),'Sign in')]
2025-02-28 15:13:37 [main] INFO  com.zoho.pages.HomePage - Checking if user profile name is displayed.
2025-02-28 15:13:42 [main] INFO  com.zoho.tests.LoginTest - Login successful!
2025-02-28 15:13:42 [main] INFO  com.zoho.base.BaseTest - Browser closed.
2025-02-28 15:13:42 [main] INFO  com.zoho.base.BaseTest - Extent Reports flushed.
2025-02-28 16:00:55 [main] INFO  org.testng.internal.Utils - [TestNG] Running:
  /Users/apple/Library/Caches/JetBrains/IdeaIC2023.2/temp-testng-customsuite.xml

2025-02-28 16:00:55 [main] INFO  com.zoho.base.BaseTest - Extent Reports initialized: /Users/apple/IdeaProjects/zoho-web-automation/ZohoCRM_Automation/reports/ExtentReport_20250228_160055.html
2025-02-28 16:00:56 [main] INFO  io.github.bonigarcia.wdm.WebDriverManager - Using chromedriver 133.0.6943.141 (resolved driver for Chrome 133)
2025-02-28 16:00:56 [main] INFO  io.github.bonigarcia.wdm.WebDriverManager - Exporting webdriver.chrome.driver as /Users/apple/.cache/selenium/chromedriver/mac64/133.0.6943.141/chromedriver
2025-02-28 16:00:58 [main] INFO  com.zoho.base.BaseTest - Launching browser: chrome
2025-02-28 16:00:58 [main] INFO  com.zoho.config.ConfigManager - ✅ Config properties loaded successfully.
2025-02-28 16:01:03 [main] INFO  com.zoho.base.BaseTest - Navigating to Zoho CRM URL: https://www.zoho.com/crm/
2025-02-28 16:01:03 [main] INFO  com.zoho.tests.LoginTest - Initializing LoginPage and HomePage objects.
2025-02-28 16:01:03 [main] INFO  com.zoho.tests.LoginTest - Starting Login Test
2025-02-28 16:01:03 [main] INFO  com.zoho.pages.LoginPage - Navigating to login page and signing in.
2025-02-28 16:01:03 [main] INFO  com.zoho.pages.BasePage - Clicking on element: By.xpath: //a[@class='zgh-login'][normalize-space()='Sign In']
2025-02-28 16:01:04 [main] INFO  com.zoho.pages.BasePage - Entering text into element: By.id: login_id
2025-02-28 16:01:05 [main] INFO  com.zoho.pages.BasePage - Clicking on element: By.xpath: //span[normalize-space()='Next']
2025-02-28 16:01:05 [main] INFO  com.zoho.pages.BasePage - Entering text into element: By.xpath: //input[@id='password']
2025-02-28 16:01:06 [main] INFO  com.zoho.pages.BasePage - Clicking on element: By.xpath: //button[@id='nextbtn']//span[contains(text(),'Sign in')]
2025-02-28 16:01:06 [main] INFO  com.zoho.pages.HomePage - Checking if user profile name is displayed.
2025-02-28 16:01:38 [main] ERROR com.zoho.pages.BasePage - Element not found or not visible: By.xpath: //span[@id='show-uName']
org.openqa.selenium.TimeoutException: Expected condition failed: waiting for visibility of element located by By.xpath: //span[@id='show-uName'] (tried for 10 second(s) with 500 milliseconds interval)
Build info: version: '4.29.0', revision: '5fc1ec94cb'
System info: os.name: 'Mac OS X', os.arch: 'x86_64', os.version: '15.3.1', java.version: '11.0.26'
Driver info: org.openqa.selenium.chrome.ChromeDriver
Capabilities {acceptInsecureCerts: false, browserName: chrome, browserVersion: 133.0.6943.142, chrome: {chromedriverVersion: 133.0.6943.141 (2a5d6da0d61..., userDataDir: /var/folders/bq/gspj_j4d661...}, fedcm:accounts: true, goog:chromeOptions: {debuggerAddress: localhost:50893}, networkConnectionEnabled: false, pageLoadStrategy: normal, platformName: mac, proxy: Proxy(), se:cdp: ws://localhost:50893/devtoo..., se:cdpVersion: 133.0.6943.142, setWindowRect: true, strictFileInteractability: false, timeouts: {implicit: 0, pageLoad: 300000, script: 30000}, unhandledPromptBehavior: dismiss and notify, webauthn:extension:credBlob: true, webauthn:extension:largeBlob: true, webauthn:extension:minPinLength: true, webauthn:extension:prf: true, webauthn:virtualAuthenticators: true}
Session ID: 96cb8661c5a82893b89fc2a71569695b
	at org.openqa.selenium.support.ui.WebDriverWait.timeoutException(WebDriverWait.java:84) ~[selenium-support-4.29.0.jar:?]
	at org.openqa.selenium.support.ui.FluentWait.until(FluentWait.java:228) ~[selenium-support-4.29.0.jar:?]
	at com.zoho.utils.WaitUtil.waitForElementVisible(WaitUtil.java:15) ~[classes/:?]
	at com.zoho.pages.BasePage.isElementDisplayed(BasePage.java:43) ~[classes/:?]
	at com.zoho.pages.HomePage.isUserProfileNameDisplayed(HomePage.java:26) ~[classes/:?]
	at com.zoho.tests.LoginTest.testLogin(LoginTest.java:45) ~[test-classes/:?]
	at jdk.internal.reflect.NativeMethodAccessorImpl.invoke0(Native Method) ~[?:?]
	at jdk.internal.reflect.NativeMethodAccessorImpl.invoke(NativeMethodAccessorImpl.java:62) ~[?:?]
	at jdk.internal.reflect.DelegatingMethodAccessorImpl.invoke(DelegatingMethodAccessorImpl.java:43) ~[?:?]
	at java.lang.reflect.Method.invoke(Method.java:566) ~[?:?]
	at org.testng.internal.invokers.MethodInvocationHelper.invokeMethod(MethodInvocationHelper.java:139) ~[testng-7.8.0.jar:7.8.0]
	at org.testng.internal.invokers.TestInvoker.invokeMethod(TestInvoker.java:664) ~[testng-7.8.0.jar:7.8.0]
	at org.testng.internal.invokers.TestInvoker.invokeTestMethod(TestInvoker.java:227) ~[testng-7.8.0.jar:7.8.0]
	at org.testng.internal.invokers.MethodRunner.runInSequence(MethodRunner.java:50) ~[testng-7.8.0.jar:7.8.0]
	at org.testng.internal.invokers.TestInvoker$MethodInvocationAgent.invoke(TestInvoker.java:957) ~[testng-7.8.0.jar:7.8.0]
	at org.testng.internal.invokers.TestInvoker.invokeTestMethods(TestInvoker.java:200) ~[testng-7.8.0.jar:7.8.0]
	at org.testng.internal.invokers.TestMethodWorker.invokeTestMethods(TestMethodWorker.java:148) ~[testng-7.8.0.jar:7.8.0]
	at org.testng.internal.invokers.TestMethodWorker.run(TestMethodWorker.java:128) ~[testng-7.8.0.jar:7.8.0]
	at java.util.ArrayList.forEach(ArrayList.java:1541) [?:?]
	at org.testng.TestRunner.privateRun(TestRunner.java:848) [testng-7.8.0.jar:7.8.0]
	at org.testng.TestRunner.run(TestRunner.java:621) [testng-7.8.0.jar:7.8.0]
	at org.testng.SuiteRunner.runTest(SuiteRunner.java:443) [testng-7.8.0.jar:7.8.0]
	at org.testng.SuiteRunner.runSequentially(SuiteRunner.java:437) [testng-7.8.0.jar:7.8.0]
	at org.testng.SuiteRunner.privateRun(SuiteRunner.java:397) [testng-7.8.0.jar:7.8.0]
	at org.testng.SuiteRunner.run(SuiteRunner.java:336) [testng-7.8.0.jar:7.8.0]
	at org.testng.SuiteRunnerWorker.runSuite(SuiteRunnerWorker.java:52) [testng-7.8.0.jar:7.8.0]
	at org.testng.SuiteRunnerWorker.run(SuiteRunnerWorker.java:95) [testng-7.8.0.jar:7.8.0]
	at org.testng.TestNG.runSuitesSequentially(TestNG.java:1280) [testng-7.8.0.jar:7.8.0]
	at org.testng.TestNG.runSuitesLocally(TestNG.java:1200) [testng-7.8.0.jar:7.8.0]
	at org.testng.TestNG.runSuites(TestNG.java:1114) [testng-7.8.0.jar:7.8.0]
	at org.testng.TestNG.run(TestNG.java:1082) [testng-7.8.0.jar:7.8.0]
	at com.intellij.rt.testng.IDEARemoteTestNG.run(IDEARemoteTestNG.java:66) [testng-rt.jar:?]
	at com.intellij.rt.testng.RemoteTestNGStarter.main(RemoteTestNGStarter.java:105) [testng-rt.jar:?]
2025-02-28 16:01:38 [main] INFO  com.zoho.base.BaseTest - Browser closed.
2025-02-28 16:01:38 [main] INFO  com.zoho.base.BaseTest - Extent Reports flushed.
2025-02-28 19:45:06 [main] INFO  org.testng.internal.Utils - [TestNG] Running:
  /Users/apple/Library/Caches/JetBrains/IdeaIC2023.2/temp-testng-customsuite.xml

2025-02-28 19:45:06 [main] INFO  com.zoho.base.BaseTest - Extent Reports initialized: /Users/apple/IdeaProjects/zoho-web-automation/ZohoCRM_Automation/reports/ExtentReport_20250228_194506.html
2025-02-28 19:45:07 [main] INFO  io.github.bonigarcia.wdm.WebDriverManager - Using chromedriver 133.0.6943.141 (resolved driver for Chrome 133)
2025-02-28 19:45:07 [main] INFO  io.github.bonigarcia.wdm.WebDriverManager - Exporting webdriver.chrome.driver as /Users/apple/.cache/selenium/chromedriver/mac64/133.0.6943.141/chromedriver
2025-02-28 19:45:10 [main] INFO  com.zoho.base.BaseTest - Launching browser: chrome
2025-02-28 19:45:10 [main] INFO  com.zoho.config.ConfigManager - ✅ Config properties loaded successfully.
2025-02-28 19:45:19 [main] INFO  com.zoho.base.BaseTest - Navigating to Zoho CRM URL: https://www.zoho.com/crm/
2025-02-28 19:45:19 [main] INFO  com.zoho.tests.LoginTest - Initializing LoginPage and HomePage objects.
2025-02-28 19:45:19 [main] INFO  com.zoho.tests.LoginTest - Starting Login Test
2025-02-28 19:45:19 [main] INFO  com.zoho.pages.LoginPage - Navigating to login page and signing in.
2025-02-28 19:45:21 [main] INFO  com.zoho.pages.BasePage - Clicked on element: By.xpath: //a[@class='zgh-login'][normalize-space()='Sign In']
2025-02-28 19:45:22 [main] INFO  com.zoho.pages.BasePage - Entered text 'zohotestinguser00@gmail.com' in element: By.id: login_id
2025-02-28 19:45:22 [main] INFO  com.zoho.pages.BasePage - Clicked on element: By.xpath: //span[normalize-space()='Next']
2025-02-28 19:45:22 [main] INFO  com.zoho.pages.BasePage - Entered text 'zohouser@123' in element: By.xpath: //input[@id='password']
2025-02-28 19:45:22 [main] INFO  com.zoho.pages.BasePage - Clicked on element: By.xpath: //button[@id='nextbtn']//span[contains(text(),'Sign in')]
2025-02-28 19:45:22 [main] INFO  com.zoho.pages.HomePage - Checking if user profile name is displayed.
2025-02-28 19:45:32 [main] ERROR com.zoho.pages.BasePage - Element not displayed: By.xpath: //span[@id='show-uName']
2025-02-28 19:45:33 [main] INFO  com.zoho.base.BaseTest - Browser closed.
2025-02-28 19:45:33 [main] INFO  com.zoho.base.BaseTest - Extent Reports flushed.
2025-02-28 19:46:02 [main] INFO  org.testng.internal.Utils - [TestNG] Running:
  /Users/apple/Library/Caches/JetBrains/IdeaIC2023.2/temp-testng-customsuite.xml

2025-02-28 19:46:02 [main] INFO  com.zoho.base.BaseTest - Extent Reports initialized: /Users/apple/IdeaProjects/zoho-web-automation/ZohoCRM_Automation/reports/ExtentReport_20250228_194602.html
2025-02-28 19:46:02 [main] INFO  io.github.bonigarcia.wdm.WebDriverManager - Using chromedriver 133.0.6943.141 (resolved driver for Chrome 133)
2025-02-28 19:46:02 [main] INFO  io.github.bonigarcia.wdm.WebDriverManager - Exporting webdriver.chrome.driver as /Users/apple/.cache/selenium/chromedriver/mac64/133.0.6943.141/chromedriver
2025-02-28 19:46:04 [main] INFO  com.zoho.base.BaseTest - Launching browser: chrome
2025-02-28 19:46:04 [main] INFO  com.zoho.config.ConfigManager - ✅ Config properties loaded successfully.
2025-02-28 19:46:11 [main] INFO  com.zoho.base.BaseTest - Navigating to Zoho CRM URL: https://www.zoho.com/crm/
2025-02-28 19:46:11 [main] INFO  com.zoho.tests.LoginTest - Initializing LoginPage and HomePage objects.
2025-02-28 19:46:11 [main] INFO  com.zoho.tests.LoginTest - Starting Login Test
2025-02-28 19:46:11 [main] INFO  com.zoho.pages.LoginPage - Navigating to login page and signing in.
2025-02-28 19:46:12 [main] INFO  com.zoho.pages.BasePage - Clicked on element: By.xpath: //a[@class='zgh-login'][normalize-space()='Sign In']
2025-02-28 19:46:13 [main] INFO  com.zoho.pages.BasePage - Entered text 'zohotestinguser00@gmail.com' in element: By.id: login_id
2025-02-28 19:46:13 [main] INFO  com.zoho.pages.BasePage - Clicked on element: By.xpath: //span[normalize-space()='Next']
2025-02-28 19:46:13 [main] INFO  com.zoho.pages.BasePage - Entered text 'zohouser@123' in element: By.xpath: //input[@id='password']
2025-02-28 19:46:13 [main] INFO  com.zoho.pages.BasePage - Clicked on element: By.xpath: //button[@id='nextbtn']//span[contains(text(),'Sign in')]
2025-02-28 19:46:13 [main] INFO  com.zoho.pages.HomePage - Checking if user profile name is displayed.
2025-02-28 19:46:23 [main] ERROR com.zoho.pages.BasePage - Element not displayed: By.xpath: //span[@id='show-uName']
2025-02-28 19:46:24 [main] INFO  com.zoho.base.BaseTest - Browser closed.
2025-02-28 19:46:24 [main] INFO  com.zoho.base.BaseTest - Extent Reports flushed.
2025-02-28 22:50:21 [main] INFO  org.testng.internal.Utils - [TestNG] Running:
  /Users/apple/Library/Caches/JetBrains/IdeaIC2023.2/temp-testng-customsuite.xml

2025-02-28 22:50:21 [main] INFO  com.zoho.base.BaseTest - Extent Reports initialized: /Users/apple/IdeaProjects/zoho-web-automation/ZohoCRM_Automation/reports/ExtentReport_20250228_225021.html
2025-02-28 22:50:22 [main] INFO  io.github.bonigarcia.wdm.WebDriverManager - Using chromedriver 133.0.6943.141 (resolved driver for Chrome 133)
2025-02-28 22:50:22 [main] INFO  io.github.bonigarcia.wdm.WebDriverManager - Exporting webdriver.chrome.driver as /Users/apple/.cache/selenium/chromedriver/mac64/133.0.6943.141/chromedriver
2025-02-28 22:50:24 [main] INFO  com.zoho.base.BaseTest - Launching browser: chrome
2025-02-28 22:50:24 [main] INFO  com.zoho.config.ConfigManager - ✅ Config properties loaded successfully.
2025-02-28 22:50:30 [main] INFO  com.zoho.base.BaseTest - Navigating to Zoho CRM URL: https://www.zoho.com/crm/
2025-02-28 22:50:30 [main] INFO  com.zoho.tests.LoginTest - Initializing LoginPage and HomePage objects.
2025-02-28 22:50:30 [main] INFO  com.zoho.tests.LoginTest - Starting Login Test
2025-02-28 22:50:30 [main] INFO  com.zoho.pages.LoginPage - Navigating to login page and signing in.
2025-02-28 22:50:31 [main] INFO  com.zoho.pages.BasePage - Clicked on element: By.xpath: //a[@class='zgh-login'][normalize-space()='Sign In']
2025-02-28 22:50:32 [main] INFO  com.zoho.pages.BasePage - Entered text 'zohotestinguser00@gmail.com' in element: By.id: login_id
2025-02-28 22:50:32 [main] INFO  com.zoho.pages.BasePage - Clicked on element: By.xpath: //span[normalize-space()='Next']
2025-02-28 22:50:33 [main] INFO  com.zoho.pages.BasePage - Entered text 'zohouser@123' in element: By.xpath: //input[@id='password']
2025-02-28 22:50:33 [main] INFO  com.zoho.pages.BasePage - Clicked on element: By.xpath: //button[@id='nextbtn']//span[contains(text(),'Sign in')]
2025-02-28 22:50:33 [main] INFO  com.zoho.pages.HomePage - Checking if user profile name is displayed.
2025-02-28 22:50:43 [main] ERROR com.zoho.pages.BasePage - Element not displayed: By.xpath: //span[@id='show-uName']
2025-02-28 22:50:43 [main] INFO  com.zoho.base.BaseTest - Browser closed.
2025-02-28 22:50:43 [main] INFO  com.zoho.base.BaseTest - Extent Reports flushed.
2025-02-28 22:58:56 [main] INFO  org.testng.internal.Utils - [TestNG] Running:
  /Users/apple/Library/Caches/JetBrains/IdeaIC2023.2/temp-testng-customsuite.xml

2025-02-28 22:58:56 [main] INFO  com.zoho.base.BaseTest - Extent Reports initialized: /Users/apple/IdeaProjects/zoho-web-automation/ZohoCRM_Automation/reports/ExtentReport_20250228_225856.html
2025-02-28 22:58:57 [main] INFO  io.github.bonigarcia.wdm.WebDriverManager - Using chromedriver 133.0.6943.141 (resolved driver for Chrome 133)
2025-02-28 22:58:57 [main] INFO  io.github.bonigarcia.wdm.WebDriverManager - Exporting webdriver.chrome.driver as /Users/apple/.cache/selenium/chromedriver/mac64/133.0.6943.141/chromedriver
2025-02-28 22:58:59 [main] INFO  com.zoho.base.BaseTest - Launching browser: chrome
2025-02-28 22:58:59 [main] INFO  com.zoho.config.ConfigManager - ✅ Config properties loaded successfully.
2025-02-28 22:59:03 [main] INFO  com.zoho.base.BaseTest - Navigating to Zoho CRM URL: https://www.zoho.com/crm/
2025-02-28 22:59:03 [main] INFO  com.zoho.tests.LoginTest - Initializing LoginPage and HomePage objects.
2025-02-28 22:59:03 [main] INFO  com.zoho.tests.LoginTest - Starting Login Test
2025-02-28 22:59:03 [main] INFO  com.zoho.pages.LoginPage - Navigating to login page and signing in.
2025-02-28 22:59:03 [main] INFO  com.zoho.pages.BasePage - Clicked on element: By.xpath: //a[@class='zgh-login'][normalize-space()='Sign In']
2025-02-28 22:59:05 [main] INFO  com.zoho.pages.BasePage - Entered text 'zohotestinguser00@gmail.com' in element: By.id: login_id
2025-02-28 22:59:05 [main] INFO  com.zoho.pages.BasePage - Clicked on element: By.xpath: //span[normalize-space()='Next']
2025-02-28 22:59:05 [main] INFO  com.zoho.pages.BasePage - Entered text 'zohouser@123' in element: By.xpath: //input[@id='password']
2025-02-28 22:59:05 [main] INFO  com.zoho.pages.BasePage - Clicked on element: By.xpath: //button[@id='nextbtn']//span[contains(text(),'Sign in')]
2025-02-28 22:59:05 [main] INFO  com.zoho.pages.HomePage - Checking if user profile name is displayed.
2025-02-28 22:59:15 [main] ERROR com.zoho.pages.BasePage - Element not displayed: By.xpath: //span[@id='show-uName']
2025-02-28 22:59:15 [main] INFO  com.zoho.base.BaseTest - Browser closed.
2025-02-28 22:59:16 [main] INFO  com.zoho.base.BaseTest - Extent Reports flushed.
2025-02-28 23:06:25 [main] INFO  org.testng.internal.Utils - [TestNG] Running:
  /Users/apple/Library/Caches/JetBrains/IdeaIC2023.2/temp-testng-customsuite.xml

2025-02-28 23:06:25 [main] INFO  com.zoho.base.BaseTest - Extent Reports initialized: /Users/apple/IdeaProjects/zoho-web-automation/ZohoCRM_Automation/reports/ExtentReport_20250228_230625.html
2025-02-28 23:06:25 [main] INFO  io.github.bonigarcia.wdm.WebDriverManager - Using chromedriver 133.0.6943.141 (resolved driver for Chrome 133)
2025-02-28 23:06:25 [main] INFO  io.github.bonigarcia.wdm.WebDriverManager - Exporting webdriver.chrome.driver as /Users/apple/.cache/selenium/chromedriver/mac64/133.0.6943.141/chromedriver
2025-02-28 23:06:27 [main] INFO  com.zoho.base.BaseTest - Launching browser: chrome
2025-02-28 23:06:27 [main] INFO  com.zoho.config.ConfigManager - ✅ Config properties loaded successfully.
2025-02-28 23:06:31 [main] INFO  com.zoho.base.BaseTest - Navigating to Zoho CRM URL: https://www.zoho.com/crm/
2025-02-28 23:06:31 [main] INFO  com.zoho.tests.LoginTest - Initializing LoginPage and HomePage objects.
2025-02-28 23:06:31 [main] INFO  com.zoho.tests.LoginTest - Starting Login Test
2025-02-28 23:06:31 [main] INFO  com.zoho.pages.LoginPage - Navigating to login page and signing in.
2025-02-28 23:06:32 [main] INFO  com.zoho.pages.BasePage - Clicked on element: By.xpath: //a[@class='zgh-login'][normalize-space()='Sign In']
2025-02-28 23:06:33 [main] INFO  com.zoho.pages.BasePage - Entered text 'zohotestinguser01@gmail.com' in element: By.id: login_id
2025-02-28 23:06:33 [main] INFO  com.zoho.pages.BasePage - Clicked on element: By.xpath: //span[normalize-space()='Next']
2025-02-28 23:06:44 [main] INFO  com.zoho.base.BaseTest - Browser closed.
2025-02-28 23:06:44 [main] INFO  com.zoho.base.BaseTest - Extent Reports flushed.
2025-02-28 23:23:50 [main] INFO  org.testng.internal.Utils - [TestNG] Running:
  /Users/apple/Library/Caches/JetBrains/IdeaIC2023.2/temp-testng-customsuite.xml

2025-02-28 23:23:50 [main] INFO  com.zoho.base.BaseTest - Extent Reports initialized: /Users/apple/IdeaProjects/zoho-web-automation/ZohoCRM_Automation/reports/ExtentReport_20250228_232350.html
2025-02-28 23:23:51 [main] INFO  io.github.bonigarcia.wdm.WebDriverManager - Using chromedriver 133.0.6943.141 (resolved driver for Chrome 133)
2025-02-28 23:23:51 [main] INFO  io.github.bonigarcia.wdm.WebDriverManager - Exporting webdriver.chrome.driver as /Users/apple/.cache/selenium/chromedriver/mac64/133.0.6943.141/chromedriver
2025-02-28 23:23:53 [main] INFO  com.zoho.base.BaseTest - Launching browser: chrome
2025-02-28 23:23:53 [main] INFO  com.zoho.config.ConfigManager - ✅ Config properties loaded successfully.
2025-02-28 23:23:56 [main] INFO  com.zoho.base.BaseTest - Navigating to Zoho CRM URL: https://www.zoho.com/crm/
2025-02-28 23:23:56 [main] INFO  com.zoho.tests.LoginTest - Initializing LoginPage and HomePage objects.
2025-02-28 23:23:56 [main] INFO  com.zoho.tests.LoginTest - Starting Login Test
2025-02-28 23:23:56 [main] INFO  com.zoho.pages.LoginPage - Navigating to login page and signing in.
2025-02-28 23:23:57 [main] INFO  com.zoho.pages.BasePage - Clicked on element: By.xpath: //a[@class='zgh-login'][normalize-space()='Sign In']
2025-02-28 23:23:58 [main] INFO  com.zoho.pages.BasePage - Entered text 'zohotestinguser01@gmail.com' in element: By.id: login_id
2025-02-28 23:23:58 [main] INFO  com.zoho.pages.BasePage - Clicked on element: By.xpath: //span[normalize-space()='Next']
2025-02-28 23:23:58 [main] INFO  com.zoho.pages.BasePage - Entered text 'zohouser@123' in element: By.xpath: //input[@id='password']
2025-02-28 23:23:59 [main] INFO  com.zoho.pages.BasePage - Clicked on element: By.xpath: //button[@id='nextbtn']//span[contains(text(),'Sign in')]
2025-02-28 23:23:59 [main] INFO  com.zoho.pages.HomePage - Checking if user profile name is displayed.
2025-02-28 23:24:09 [main] ERROR com.zoho.pages.BasePage - Element not displayed: By.xpath: //span[@id='show-uName']
2025-02-28 23:24:09 [main] INFO  com.zoho.base.BaseTest - Browser closed.
2025-02-28 23:24:09 [main] INFO  com.zoho.base.BaseTest - Extent Reports flushed.
2025-02-28 23:25:37 [main] INFO  org.testng.internal.Utils - [TestNG] Running:
  /Users/apple/Library/Caches/JetBrains/IdeaIC2023.2/temp-testng-customsuite.xml

2025-02-28 23:25:37 [main] INFO  com.zoho.base.BaseTest - Extent Reports initialized: /Users/apple/IdeaProjects/zoho-web-automation/ZohoCRM_Automation/reports/ExtentReport_20250228_232537.html
2025-02-28 23:25:37 [main] INFO  io.github.bonigarcia.wdm.WebDriverManager - Using chromedriver 133.0.6943.141 (resolved driver for Chrome 133)
2025-02-28 23:25:37 [main] INFO  io.github.bonigarcia.wdm.WebDriverManager - Exporting webdriver.chrome.driver as /Users/apple/.cache/selenium/chromedriver/mac64/133.0.6943.141/chromedriver
2025-02-28 23:25:39 [main] INFO  com.zoho.base.BaseTest - Launching browser: chrome
2025-02-28 23:25:39 [main] INFO  com.zoho.config.ConfigManager - ✅ Config properties loaded successfully.
2025-02-28 23:25:45 [main] INFO  com.zoho.base.BaseTest - Navigating to Zoho CRM URL: https://www.zoho.com/crm/
2025-02-28 23:25:45 [main] INFO  com.zoho.tests.LoginTest - Initializing LoginPage and HomePage objects.
2025-02-28 23:25:45 [main] INFO  com.zoho.tests.LoginTest - Starting Login Test
2025-02-28 23:25:45 [main] INFO  com.zoho.pages.LoginPage - Navigating to login page and signing in.
2025-02-28 23:25:46 [main] INFO  com.zoho.pages.BasePage - Clicked on element: By.xpath: //a[@class='zgh-login'][normalize-space()='Sign In']
2025-02-28 23:25:47 [main] INFO  com.zoho.pages.BasePage - Entered text 'zohotestinguser01@gmail.com' in element: By.id: login_id
2025-02-28 23:25:47 [main] INFO  com.zoho.pages.BasePage - Clicked on element: By.xpath: //span[normalize-space()='Next']
2025-02-28 23:25:47 [main] INFO  com.zoho.pages.BasePage - Entered text 'zohouser@123' in element: By.xpath: //input[@id='password']
2025-02-28 23:25:47 [main] INFO  com.zoho.pages.BasePage - Clicked on element: By.xpath: //button[@id='nextbtn']//span[contains(text(),'Sign in')]
2025-02-28 23:25:47 [main] INFO  com.zoho.pages.HomePage - Checking if user profile name is displayed.
2025-02-28 23:25:57 [main] ERROR com.zoho.pages.BasePage - Element not displayed: By.xpath: //span[@id='show-uName']
2025-02-28 23:25:58 [main] INFO  com.zoho.base.BaseTest - Browser closed.
2025-02-28 23:25:58 [main] INFO  com.zoho.base.BaseTest - Extent Reports flushed.
2025-02-28 23:26:43 [main] INFO  org.testng.internal.Utils - [TestNG] Running:
  /Users/apple/Library/Caches/JetBrains/IdeaIC2023.2/temp-testng-customsuite.xml

2025-02-28 23:26:44 [main] INFO  com.zoho.base.BaseTest - Extent Reports initialized: /Users/apple/IdeaProjects/zoho-web-automation/ZohoCRM_Automation/reports/ExtentReport_20250228_232643.html
2025-02-28 23:26:44 [main] INFO  io.github.bonigarcia.wdm.WebDriverManager - Using chromedriver 133.0.6943.141 (resolved driver for Chrome 133)
2025-02-28 23:26:44 [main] INFO  io.github.bonigarcia.wdm.WebDriverManager - Exporting webdriver.chrome.driver as /Users/apple/.cache/selenium/chromedriver/mac64/133.0.6943.141/chromedriver
2025-02-28 23:26:46 [main] INFO  com.zoho.base.BaseTest - Launching browser: chrome
2025-02-28 23:26:46 [main] INFO  com.zoho.config.ConfigManager - ✅ Config properties loaded successfully.
2025-02-28 23:26:51 [main] INFO  com.zoho.base.BaseTest - Navigating to Zoho CRM URL: https://www.zoho.com/crm/
2025-02-28 23:26:51 [main] INFO  com.zoho.tests.LoginTest - Initializing LoginPage and HomePage objects.
2025-02-28 23:26:51 [main] INFO  com.zoho.tests.LoginTest - Starting Login Test
2025-02-28 23:26:51 [main] INFO  com.zoho.pages.LoginPage - Navigating to login page and signing in.
2025-02-28 23:26:52 [main] INFO  com.zoho.pages.BasePage - Clicked on element: By.xpath: //a[@class='zgh-login'][normalize-space()='Sign In']
2025-02-28 23:26:53 [main] INFO  com.zoho.pages.BasePage - Entered text 'zohotestinguser01@gmail.com' in element: By.id: login_id
2025-02-28 23:26:53 [main] INFO  com.zoho.pages.BasePage - Clicked on element: By.xpath: //span[normalize-space()='Next']
2025-02-28 23:26:54 [main] INFO  com.zoho.pages.BasePage - Entered text 'zohouser@123' in element: By.xpath: //input[@id='password']
2025-02-28 23:26:54 [main] INFO  com.zoho.pages.BasePage - Clicked on element: By.xpath: //button[@id='nextbtn']//span[contains(text(),'Sign in')]
2025-02-28 23:26:54 [main] INFO  com.zoho.pages.HomePage - Checking if user profile name is displayed.
2025-02-28 23:27:03 [main] INFO  com.zoho.pages.BasePage - Element displayed: By.xpath: //span[@id='show-uName'] - true
2025-02-28 23:27:03 [main] INFO  com.zoho.tests.LoginTest - Login successful!
2025-02-28 23:27:04 [main] INFO  com.zoho.base.BaseTest - Browser closed.
2025-02-28 23:27:04 [main] INFO  com.zoho.base.BaseTest - Extent Reports flushed.
2025-02-28 23:28:20 [main] INFO  org.testng.internal.Utils - [TestNG] Running:
  /Users/apple/Library/Caches/JetBrains/IdeaIC2023.2/temp-testng-customsuite.xml

2025-02-28 23:28:21 [main] INFO  com.zoho.base.BaseTest - Extent Reports initialized: /Users/apple/IdeaProjects/zoho-web-automation/ZohoCRM_Automation/reports/ExtentReport_20250228_232820.html
2025-02-28 23:28:21 [main] INFO  io.github.bonigarcia.wdm.WebDriverManager - Using chromedriver 133.0.6943.141 (resolved driver for Chrome 133)
2025-02-28 23:28:21 [main] INFO  io.github.bonigarcia.wdm.WebDriverManager - Exporting webdriver.chrome.driver as /Users/apple/.cache/selenium/chromedriver/mac64/133.0.6943.141/chromedriver
2025-02-28 23:28:23 [main] INFO  org.testng.internal.Utils - [TestNG] Running:
  /Users/apple/Library/Caches/JetBrains/IdeaIC2023.2/temp-testng-customsuite.xml

2025-02-28 23:28:23 [main] INFO  com.zoho.base.BaseTest - Extent Reports initialized: /Users/apple/IdeaProjects/zoho-web-automation/ZohoCRM_Automation/reports/ExtentReport_20250228_232823.html
2025-02-28 23:28:23 [main] INFO  com.zoho.base.BaseTest - Launching browser: chrome
2025-02-28 23:28:23 [main] INFO  com.zoho.config.ConfigManager - ✅ Config properties loaded successfully.
2025-02-28 23:28:24 [main] INFO  com.zoho.base.BaseTest - Extent Reports flushed.
2025-02-28 23:28:29 [main] INFO  com.zoho.base.BaseTest - Navigating to Zoho CRM URL: https://www.zoho.com/crm/
2025-02-28 23:28:29 [main] INFO  com.zoho.tests.LoginTest - Initializing LoginPage and HomePage objects.
2025-02-28 23:28:29 [main] INFO  com.zoho.tests.LoginTest - Starting Login Test
2025-02-28 23:28:29 [main] INFO  com.zoho.pages.LoginPage - Navigating to login page and signing in.
2025-02-28 23:28:35 [main] INFO  com.zoho.base.BaseTest - Extent Reports flushed.
2025-02-28 23:29:35 [main] INFO  com.zoho.base.BaseTest - Extent Reports initialized: /Users/apple/IdeaProjects/zoho-web-automation/ZohoCRM_Automation/reports/ExtentReport_20250228_232935.html
2025-02-28 23:31:16 [main] INFO  com.zoho.base.BaseTest - Extent Reports initialized: /Users/apple/IdeaProjects/zoho-web-automation/ZohoCRM_Automation/reports/ExtentReport_20250228_233116.html
2025-02-28 23:31:16 [TestNG-test=Surefire test-1] INFO  com.zoho.utils.JsonDataReader - Test data loaded successfully from: src/test/resources/testdata.json
2025-02-28 23:31:17 [TestNG-test=Surefire test-1] INFO  io.github.bonigarcia.wdm.WebDriverManager - Using chromedriver 133.0.6943.141 (resolved driver for Chrome 133)
2025-02-28 23:31:17 [TestNG-test=Surefire test-3] INFO  io.github.bonigarcia.wdm.WebDriverManager - Using chromedriver 133.0.6943.141 (resolved driver for Chrome 133)
2025-02-28 23:31:17 [TestNG-test=Surefire test-2] INFO  io.github.bonigarcia.wdm.WebDriverManager - Using chromedriver 133.0.6943.141 (resolved driver for Chrome 133)
2025-02-28 23:31:17 [TestNG-test=Surefire test-3] INFO  io.github.bonigarcia.wdm.WebDriverManager - Exporting webdriver.chrome.driver as /Users/apple/.cache/selenium/chromedriver/mac64/133.0.6943.141/chromedriver
2025-02-28 23:31:17 [TestNG-test=Surefire test-1] INFO  io.github.bonigarcia.wdm.WebDriverManager - Exporting webdriver.chrome.driver as /Users/apple/.cache/selenium/chromedriver/mac64/133.0.6943.141/chromedriver
2025-02-28 23:31:17 [TestNG-test=Surefire test-2] INFO  io.github.bonigarcia.wdm.WebDriverManager - Exporting webdriver.chrome.driver as /Users/apple/.cache/selenium/chromedriver/mac64/133.0.6943.141/chromedriver
2025-02-28 23:31:21 [TestNG-test=Surefire test-3] INFO  com.zoho.base.BaseTest - Launching browser: chrome
2025-02-28 23:31:21 [TestNG-test=Surefire test-1] INFO  com.zoho.base.BaseTest - Launching browser: chrome
2025-02-28 23:31:21 [TestNG-test=Surefire test-3] INFO  com.zoho.config.ConfigManager - ✅ Config properties loaded successfully.
2025-02-28 23:31:21 [TestNG-test=Surefire test-2] INFO  com.zoho.base.BaseTest - Launching browser: chrome
2025-02-28 23:31:24 [TestNG-test=Surefire test-3] INFO  com.zoho.base.BaseTest - Navigating to Zoho CRM URL: https://www.zoho.com/crm/
2025-02-28 23:31:24 [TestNG-test=Surefire test-3] INFO  com.zoho.tests.CreateLeadTest - Initializing page objects.
2025-02-28 23:31:24 [TestNG-test=Surefire test-3] INFO  com.zoho.utils.SessionManager - Checking if user session is active...
2025-02-28 23:31:24 [TestNG-test=Surefire test-3] INFO  com.zoho.pages.HomePage - Checking if user profile name is displayed.
2025-02-28 23:31:26 [TestNG-test=Surefire test-1] INFO  com.zoho.base.BaseTest - Navigating to Zoho CRM URL: https://www.zoho.com/crm/
2025-02-28 23:31:26 [TestNG-test=Surefire test-1] INFO  com.zoho.tests.CreateLeadTest - Initializing page objects.
2025-02-28 23:31:26 [TestNG-test=Surefire test-1] INFO  com.zoho.utils.SessionManager - Checking if user session is active...
2025-02-28 23:31:26 [TestNG-test=Surefire test-1] INFO  com.zoho.pages.HomePage - Checking if user profile name is displayed.
2025-02-28 23:31:27 [TestNG-test=Surefire test-2] INFO  com.zoho.base.BaseTest - Navigating to Zoho CRM URL: https://www.zoho.com/crm/
2025-02-28 23:31:27 [TestNG-test=Surefire test-2] INFO  com.zoho.tests.CreateLeadTest - Initializing page objects.
2025-02-28 23:31:27 [TestNG-test=Surefire test-2] INFO  com.zoho.utils.SessionManager - Checking if user session is active...
2025-02-28 23:31:27 [TestNG-test=Surefire test-2] INFO  com.zoho.pages.HomePage - Checking if user profile name is displayed.
2025-02-28 23:31:34 [TestNG-test=Surefire test-3] ERROR com.zoho.pages.BasePage - Element not displayed: By.xpath: //span[@id='show-uName']
2025-02-28 23:31:34 [TestNG-test=Surefire test-3] INFO  com.zoho.utils.SessionManager - No active session found. Logging in...
2025-02-28 23:31:34 [TestNG-test=Surefire test-3] INFO  com.zoho.pages.LoginPage - Navigating to login page and signing in.
2025-02-28 23:31:35 [TestNG-test=Surefire test-3] INFO  com.zoho.pages.BasePage - Clicked on element: By.xpath: //a[@class='zgh-login'][normalize-space()='Sign In']
2025-02-28 23:31:36 [TestNG-test=Surefire test-1] ERROR com.zoho.pages.BasePage - Element not displayed: By.xpath: //span[@id='show-uName']
2025-02-28 23:31:36 [TestNG-test=Surefire test-1] INFO  com.zoho.utils.SessionManager - No active session found. Logging in...
2025-02-28 23:31:36 [TestNG-test=Surefire test-1] INFO  com.zoho.pages.LoginPage - Navigating to login page and signing in.
2025-02-28 23:31:36 [TestNG-test=Surefire test-3] INFO  com.zoho.pages.BasePage - Entered text 'zohotestinguser01@gmail.com' in element: By.id: login_id
2025-02-28 23:31:36 [TestNG-test=Surefire test-3] INFO  com.zoho.pages.BasePage - Clicked on element: By.xpath: //span[normalize-space()='Next']
2025-02-28 23:31:37 [TestNG-test=Surefire test-3] INFO  com.zoho.pages.BasePage - Entered text 'zohouser@123' in element: By.xpath: //input[@id='password']
2025-02-28 23:31:37 [TestNG-test=Surefire test-3] INFO  com.zoho.pages.BasePage - Clicked on element: By.xpath: //button[@id='nextbtn']//span[contains(text(),'Sign in')]
2025-02-28 23:31:37 [TestNG-test=Surefire test-3] INFO  com.zoho.utils.JsonDataReader - Generated Test Data for: testCreateLeadWithInvalidEmailFormat -> {
  "testName" : "testCreateLeadWithInvalidEmailFormat",
  "firstName" : "TestFirst_190",
  "lastName" : "TestLast_27",
  "company" : "Company_4060",
  "email" : "invalidEmail"
}
2025-02-28 23:31:37 [TestNG-test=Surefire test-3] INFO  com.zoho.pages.HomePage - Navigating to Leads Page.
2025-02-28 23:31:37 [TestNG-test=Surefire test-1] INFO  com.zoho.pages.BasePage - Clicked on element: By.xpath: //a[@class='zgh-login'][normalize-space()='Sign In']
2025-02-28 23:31:37 [TestNG-test=Surefire test-2] ERROR com.zoho.pages.BasePage - Element not displayed: By.xpath: //span[@id='show-uName']
2025-02-28 23:31:37 [TestNG-test=Surefire test-2] INFO  com.zoho.utils.SessionManager - No active session found. Logging in...
2025-02-28 23:31:37 [TestNG-test=Surefire test-2] INFO  com.zoho.pages.LoginPage - Navigating to login page and signing in.
2025-02-28 23:31:38 [TestNG-test=Surefire test-1] INFO  com.zoho.pages.BasePage - Entered text 'zohotestinguser01@gmail.com' in element: By.id: login_id
2025-02-28 23:31:38 [TestNG-test=Surefire test-1] INFO  com.zoho.pages.BasePage - Clicked on element: By.xpath: //span[normalize-space()='Next']
2025-02-28 23:31:38 [TestNG-test=Surefire test-1] INFO  com.zoho.pages.BasePage - Entered text 'zohouser@123' in element: By.xpath: //input[@id='password']
2025-02-28 23:31:38 [TestNG-test=Surefire test-1] INFO  com.zoho.pages.BasePage - Clicked on element: By.xpath: //button[@id='nextbtn']//span[contains(text(),'Sign in')]
2025-02-28 23:31:38 [TestNG-test=Surefire test-1] INFO  com.zoho.pages.HomePage - Navigating to Leads Page.
2025-02-28 23:31:48 [TestNG-test=Surefire test-3] INFO  com.zoho.base.BaseTest - Browser closed.
2025-02-28 23:31:58 [TestNG-test=Surefire test-1] INFO  com.zoho.base.BaseTest - Browser closed.
2025-02-28 23:31:58 [TestNG-test=Surefire test-2] INFO  com.zoho.pages.BasePage - Clicked on element: By.xpath: //a[@class='zgh-login'][normalize-space()='Sign In']
2025-02-28 23:32:00 [TestNG-test=Surefire test-2] INFO  com.zoho.pages.BasePage - Entered text 'zohotestinguser01@gmail.com' in element: By.id: login_id
2025-02-28 23:32:00 [TestNG-test=Surefire test-2] INFO  com.zoho.pages.BasePage - Clicked on element: By.xpath: //span[normalize-space()='Next']
2025-02-28 23:32:00 [TestNG-test=Surefire test-2] INFO  com.zoho.pages.BasePage - Entered text 'zohouser@123' in element: By.xpath: //input[@id='password']
2025-02-28 23:32:00 [TestNG-test=Surefire test-2] INFO  com.zoho.pages.BasePage - Clicked on element: By.xpath: //button[@id='nextbtn']//span[contains(text(),'Sign in')]
2025-02-28 23:32:00 [TestNG-test=Surefire test-2] INFO  com.zoho.pages.HomePage - Navigating to Leads Page.
2025-02-28 23:32:15 [TestNG-test=Surefire test-2] INFO  com.zoho.pages.BasePage - Clicked on element: By.xpath: //lyte-text[normalize-space()='Leads']
2025-02-28 23:32:15 [TestNG-test=Surefire test-2] INFO  com.zoho.pages.LeadsPage - Navigating to Create Lead page.
2025-02-28 23:32:25 [TestNG-test=Surefire test-2] INFO  com.zoho.base.BaseTest - Browser closed.
2025-02-28 23:32:26 [main] INFO  com.zoho.base.BaseTest - Extent Reports flushed.
2025-02-28 23:38:24 [main] INFO  com.zoho.base.BaseTest - Extent Reports initialized: /Users/apple/IdeaProjects/zoho-web-automation/ZohoCRM_Automation/reports/ExtentReport_20250228_233823.html
2025-02-28 23:38:24 [TestNG-test=Surefire test-1] INFO  com.zoho.utils.JsonDataReader - Test data loaded successfully from: src/test/resources/testdata.json
2025-02-28 23:38:24 [TestNG-test=Surefire test-2] INFO  io.github.bonigarcia.wdm.WebDriverManager - Using chromedriver 133.0.6943.141 (resolved driver for Chrome 133)
2025-02-28 23:38:24 [TestNG-test=Surefire test-3] INFO  io.github.bonigarcia.wdm.WebDriverManager - Using chromedriver 133.0.6943.141 (resolved driver for Chrome 133)
2025-02-28 23:38:24 [TestNG-test=Surefire test-1] INFO  io.github.bonigarcia.wdm.WebDriverManager - Using chromedriver 133.0.6943.141 (resolved driver for Chrome 133)
2025-02-28 23:38:24 [TestNG-test=Surefire test-1] INFO  io.github.bonigarcia.wdm.WebDriverManager - Exporting webdriver.chrome.driver as /Users/apple/.cache/selenium/chromedriver/mac64/133.0.6943.141/chromedriver
2025-02-28 23:38:24 [TestNG-test=Surefire test-2] INFO  io.github.bonigarcia.wdm.WebDriverManager - Exporting webdriver.chrome.driver as /Users/apple/.cache/selenium/chromedriver/mac64/133.0.6943.141/chromedriver
2025-02-28 23:38:24 [TestNG-test=Surefire test-3] INFO  io.github.bonigarcia.wdm.WebDriverManager - Exporting webdriver.chrome.driver as /Users/apple/.cache/selenium/chromedriver/mac64/133.0.6943.141/chromedriver
2025-02-28 23:38:29 [TestNG-test=Surefire test-3] INFO  com.zoho.base.BaseTest - Launching browser: chrome
2025-02-28 23:38:29 [TestNG-test=Surefire test-2] INFO  com.zoho.base.BaseTest - Launching browser: chrome
2025-02-28 23:38:29 [TestNG-test=Surefire test-1] INFO  com.zoho.base.BaseTest - Launching browser: chrome
2025-02-28 23:38:29 [TestNG-test=Surefire test-3] INFO  com.zoho.config.ConfigManager - ✅ Config properties loaded successfully.
2025-02-28 23:38:34 [TestNG-test=Surefire test-2] INFO  com.zoho.base.BaseTest - Navigating to Zoho CRM URL: https://www.zoho.com/crm/
2025-02-28 23:38:34 [TestNG-test=Surefire test-2] INFO  com.zoho.tests.CreateLeadTest - Initializing page objects.
2025-02-28 23:38:34 [TestNG-test=Surefire test-2] INFO  com.zoho.utils.SessionManager - Checking if user session is active...
2025-02-28 23:38:34 [TestNG-test=Surefire test-2] INFO  com.zoho.pages.HomePage - Checking if user profile name is displayed.
2025-02-28 23:38:34 [TestNG-test=Surefire test-3] INFO  com.zoho.base.BaseTest - Navigating to Zoho CRM URL: https://www.zoho.com/crm/
2025-02-28 23:38:34 [TestNG-test=Surefire test-3] INFO  com.zoho.tests.CreateLeadTest - Initializing page objects.
2025-02-28 23:38:34 [TestNG-test=Surefire test-3] INFO  com.zoho.utils.SessionManager - Checking if user session is active...
2025-02-28 23:38:34 [TestNG-test=Surefire test-3] INFO  com.zoho.pages.HomePage - Checking if user profile name is displayed.
2025-02-28 23:38:34 [TestNG-test=Surefire test-1] INFO  com.zoho.base.BaseTest - Navigating to Zoho CRM URL: https://www.zoho.com/crm/
2025-02-28 23:38:34 [TestNG-test=Surefire test-1] INFO  com.zoho.tests.CreateLeadTest - Initializing page objects.
2025-02-28 23:38:34 [TestNG-test=Surefire test-1] INFO  com.zoho.utils.SessionManager - Checking if user session is active...
2025-02-28 23:38:34 [TestNG-test=Surefire test-1] INFO  com.zoho.pages.HomePage - Checking if user profile name is displayed.
2025-02-28 23:38:44 [TestNG-test=Surefire test-2] ERROR com.zoho.pages.BasePage - Element not displayed: By.xpath: //span[@id='show-uName']
2025-02-28 23:38:44 [TestNG-test=Surefire test-2] INFO  com.zoho.utils.SessionManager - No active session found. Logging in...
2025-02-28 23:38:44 [TestNG-test=Surefire test-2] INFO  com.zoho.pages.LoginPage - Navigating to login page and signing in.
2025-02-28 23:38:44 [TestNG-test=Surefire test-3] ERROR com.zoho.pages.BasePage - Element not displayed: By.xpath: //span[@id='show-uName']
2025-02-28 23:38:44 [TestNG-test=Surefire test-3] INFO  com.zoho.utils.SessionManager - No active session found. Logging in...
2025-02-28 23:38:44 [TestNG-test=Surefire test-3] INFO  com.zoho.pages.LoginPage - Navigating to login page and signing in.
2025-02-28 23:38:45 [TestNG-test=Surefire test-1] ERROR com.zoho.pages.BasePage - Element not displayed: By.xpath: //span[@id='show-uName']
2025-02-28 23:38:45 [TestNG-test=Surefire test-1] INFO  com.zoho.utils.SessionManager - No active session found. Logging in...
2025-02-28 23:38:45 [TestNG-test=Surefire test-1] INFO  com.zoho.pages.LoginPage - Navigating to login page and signing in.
2025-02-28 23:38:45 [TestNG-test=Surefire test-2] INFO  com.zoho.pages.BasePage - Clicked on element: By.xpath: //a[@class='zgh-login'][normalize-space()='Sign In']
2025-02-28 23:38:45 [TestNG-test=Surefire test-3] INFO  com.zoho.pages.BasePage - Clicked on element: By.xpath: //a[@class='zgh-login'][normalize-space()='Sign In']
2025-02-28 23:38:45 [TestNG-test=Surefire test-1] INFO  com.zoho.pages.BasePage - Clicked on element: By.xpath: //a[@class='zgh-login'][normalize-space()='Sign In']
2025-02-28 23:38:46 [TestNG-test=Surefire test-2] INFO  com.zoho.pages.BasePage - Entered text 'zohotestinguser01@gmail.com' in element: By.id: login_id
2025-02-28 23:38:46 [TestNG-test=Surefire test-2] INFO  com.zoho.pages.BasePage - Clicked on element: By.xpath: //span[normalize-space()='Next']
2025-02-28 23:38:46 [TestNG-test=Surefire test-2] INFO  com.zoho.pages.BasePage - Entered text 'zohouser@123' in element: By.xpath: //input[@id='password']
2025-02-28 23:38:46 [TestNG-test=Surefire test-2] INFO  com.zoho.pages.BasePage - Clicked on element: By.xpath: //button[@id='nextbtn']//span[contains(text(),'Sign in')]
2025-02-28 23:38:46 [TestNG-test=Surefire test-2] INFO  com.zoho.pages.HomePage - Navigating to Leads Page.
2025-02-28 23:38:46 [TestNG-test=Surefire test-3] INFO  com.zoho.pages.BasePage - Entered text 'zohotestinguser01@gmail.com' in element: By.id: login_id
2025-02-28 23:38:46 [TestNG-test=Surefire test-3] INFO  com.zoho.pages.BasePage - Clicked on element: By.xpath: //span[normalize-space()='Next']
2025-02-28 23:38:47 [TestNG-test=Surefire test-3] INFO  com.zoho.pages.BasePage - Entered text 'zohouser@123' in element: By.xpath: //input[@id='password']
2025-02-28 23:38:47 [TestNG-test=Surefire test-3] INFO  com.zoho.pages.BasePage - Clicked on element: By.xpath: //button[@id='nextbtn']//span[contains(text(),'Sign in')]
2025-02-28 23:38:47 [TestNG-test=Surefire test-1] INFO  com.zoho.pages.BasePage - Entered text 'zohotestinguser01@gmail.com' in element: By.id: login_id
2025-02-28 23:38:47 [TestNG-test=Surefire test-3] INFO  com.zoho.utils.JsonDataReader - Generated Test Data for: testCreateLeadWithInvalidEmailFormat -> {
  "testName" : "testCreateLeadWithInvalidEmailFormat",
  "firstName" : "TestFirst_385",
  "lastName" : "TestLast_457",
  "company" : "Company_1523",
  "email" : "invalidEmail"
}
2025-02-28 23:38:47 [TestNG-test=Surefire test-3] INFO  com.zoho.pages.HomePage - Navigating to Leads Page.
2025-02-28 23:38:57 [TestNG-test=Surefire test-2] INFO  com.zoho.base.BaseTest - Browser closed.
2025-02-28 23:39:07 [TestNG-test=Surefire test-1] INFO  com.zoho.pages.BasePage - Clicked on element: By.xpath: //span[normalize-space()='Next']
2025-02-28 23:39:07 [TestNG-test=Surefire test-1] INFO  com.zoho.pages.BasePage - Entered text 'zohouser@123' in element: By.xpath: //input[@id='password']
2025-02-28 23:39:07 [TestNG-test=Surefire test-1] INFO  com.zoho.pages.BasePage - Clicked on element: By.xpath: //button[@id='nextbtn']//span[contains(text(),'Sign in')]
2025-02-28 23:39:07 [TestNG-test=Surefire test-1] INFO  com.zoho.pages.HomePage - Navigating to Leads Page.
2025-02-28 23:39:07 [TestNG-test=Surefire test-3] INFO  com.zoho.base.BaseTest - Browser closed.
2025-02-28 23:39:23 [TestNG-test=Surefire test-1] INFO  com.zoho.pages.BasePage - Clicked on element: By.xpath: //lyte-text[normalize-space()='Leads']
2025-02-28 23:39:23 [TestNG-test=Surefire test-1] INFO  com.zoho.pages.LeadsPage - Navigating to Create Lead page.
2025-02-28 23:39:33 [TestNG-test=Surefire test-1] INFO  com.zoho.base.BaseTest - Browser closed.
2025-02-28 23:39:34 [main] INFO  com.zoho.base.BaseTest - Extent Reports flushed.
2025-02-28 23:42:34 [main] INFO  org.testng.internal.Utils - [TestNG] Running:
  /Users/apple/Library/Caches/JetBrains/IdeaIC2023.2/temp-testng-customsuite.xml

2025-02-28 23:42:34 [main] INFO  com.zoho.base.BaseTest - Extent Reports initialized: /Users/apple/IdeaProjects/zoho-web-automation/ZohoCRM_Automation/reports/ExtentReport_20250228_234234.html
2025-02-28 23:42:35 [main] INFO  com.zoho.utils.JsonDataReader - Test data loaded successfully from: src/test/resources/testdata.json
2025-02-28 23:42:35 [main] INFO  io.github.bonigarcia.wdm.WebDriverManager - Using chromedriver 133.0.6943.141 (resolved driver for Chrome 133)
2025-02-28 23:42:35 [main] INFO  io.github.bonigarcia.wdm.WebDriverManager - Exporting webdriver.chrome.driver as /Users/apple/.cache/selenium/chromedriver/mac64/133.0.6943.141/chromedriver
2025-02-28 23:42:37 [main] INFO  com.zoho.base.BaseTest - Launching browser: chrome
2025-02-28 23:42:37 [main] INFO  com.zoho.config.ConfigManager - ✅ Config properties loaded successfully.
2025-02-28 23:42:41 [main] INFO  com.zoho.base.BaseTest - Navigating to Zoho CRM URL: https://www.zoho.com/crm/
2025-02-28 23:42:41 [main] INFO  com.zoho.tests.CreateLeadTest - Initializing page objects.
2025-02-28 23:42:41 [main] INFO  com.zoho.utils.SessionManager - Checking if user session is active...
2025-02-28 23:42:41 [main] INFO  com.zoho.pages.HomePage - Checking if user profile name is displayed.
2025-02-28 23:42:51 [main] ERROR com.zoho.pages.BasePage - Element not displayed: By.xpath: //span[@id='show-uName']
2025-02-28 23:42:51 [main] INFO  com.zoho.utils.SessionManager - No active session found. Logging in...
2025-02-28 23:42:51 [main] INFO  com.zoho.pages.LoginPage - Navigating to login page and signing in.
2025-02-28 23:42:52 [main] INFO  com.zoho.pages.BasePage - Clicked on element: By.xpath: //a[@class='zgh-login'][normalize-space()='Sign In']
2025-02-28 23:42:53 [main] INFO  com.zoho.pages.BasePage - Entered text 'zohotestinguser01@gmail.com' in element: By.id: login_id
2025-02-28 23:42:53 [main] INFO  com.zoho.pages.BasePage - Clicked on element: By.xpath: //span[normalize-space()='Next']
2025-02-28 23:42:54 [main] INFO  com.zoho.pages.BasePage - Entered text 'zohouser@123' in element: By.xpath: //input[@id='password']
2025-02-28 23:42:54 [main] INFO  com.zoho.pages.BasePage - Clicked on element: By.xpath: //button[@id='nextbtn']//span[contains(text(),'Sign in')]
2025-02-28 23:42:54 [main] INFO  com.zoho.pages.HomePage - Navigating to Leads Page.
2025-02-28 23:43:03 [main] INFO  com.zoho.pages.BasePage - Clicked on element: By.xpath: //lyte-text[normalize-space()='Leads']
2025-02-28 23:43:03 [main] INFO  com.zoho.pages.LeadsPage - Navigating to Create Lead page.
2025-02-28 23:43:14 [main] INFO  com.zoho.base.BaseTest - Browser closed.
2025-02-28 23:43:14 [main] INFO  com.zoho.base.BaseTest - Launching browser: chrome
2025-02-28 23:48:51 [main] INFO  org.testng.internal.Utils - [TestNG] Running:
  /Users/apple/Library/Caches/JetBrains/IdeaIC2023.2/temp-testng-customsuite.xml

2025-02-28 23:48:52 [main] INFO  com.zoho.base.BaseTest - Extent Reports initialized: /Users/apple/IdeaProjects/zoho-web-automation/ZohoCRM_Automation/reports/ExtentReport_20250228_234851.html
2025-02-28 23:48:52 [main] INFO  com.zoho.utils.JsonDataReader - Test data loaded successfully from: src/test/resources/testdata.json
2025-02-28 23:48:52 [main] INFO  io.github.bonigarcia.wdm.WebDriverManager - Using chromedriver 133.0.6943.141 (resolved driver for Chrome 133)
2025-02-28 23:48:52 [main] INFO  io.github.bonigarcia.wdm.WebDriverManager - Exporting webdriver.chrome.driver as /Users/apple/.cache/selenium/chromedriver/mac64/133.0.6943.141/chromedriver
2025-02-28 23:48:54 [main] INFO  com.zoho.base.BaseTest - Launching browser: chrome
2025-02-28 23:48:54 [main] INFO  com.zoho.config.ConfigManager - ✅ Config properties loaded successfully.
2025-02-28 23:49:00 [main] INFO  com.zoho.base.BaseTest - Navigating to Zoho CRM URL: https://www.zoho.com/crm/
2025-02-28 23:49:00 [main] INFO  com.zoho.tests.CreateLeadTest - Initializing page objects.
2025-02-28 23:49:00 [main] INFO  com.zoho.utils.SessionManager - Checking if user session is active...
2025-02-28 23:49:00 [main] INFO  com.zoho.pages.HomePage - Checking if user profile name is displayed.
2025-02-28 23:49:10 [main] ERROR com.zoho.pages.BasePage - Element not displayed: By.xpath: //span[@id='show-uName']
2025-02-28 23:49:10 [main] INFO  com.zoho.utils.SessionManager - No active session found. Logging in...
2025-02-28 23:49:10 [main] INFO  com.zoho.pages.LoginPage - Navigating to login page and signing in.
2025-02-28 23:49:11 [main] INFO  com.zoho.pages.BasePage - Clicked on element: By.xpath: //a[@class='zgh-login'][normalize-space()='Sign In']
2025-02-28 23:49:12 [main] INFO  com.zoho.pages.BasePage - Entered text 'zohotestinguser01@gmail.com' in element: By.id: login_id
2025-02-28 23:49:12 [main] INFO  com.zoho.pages.BasePage - Clicked on element: By.xpath: //span[normalize-space()='Next']
2025-02-28 23:49:13 [main] INFO  com.zoho.pages.BasePage - Entered text 'zohouser@123' in element: By.xpath: //input[@id='password']
2025-02-28 23:49:13 [main] INFO  com.zoho.pages.BasePage - Clicked on element: By.xpath: //button[@id='nextbtn']//span[contains(text(),'Sign in')]
2025-02-28 23:49:13 [main] INFO  com.zoho.pages.HomePage - Navigating to Leads Page.
2025-02-28 23:49:25 [main] INFO  com.zoho.pages.BasePage - Clicked on element: By.xpath: //lyte-text[normalize-space()='Leads']
2025-02-28 23:49:25 [main] INFO  com.zoho.pages.LeadsPage - Navigating to Create Lead page.
2025-02-28 23:49:35 [main] INFO  com.zoho.base.BaseTest - Browser closed.
2025-02-28 23:49:35 [main] INFO  com.zoho.base.BaseTest - Launching browser: chrome
2025-03-01 00:00:11 [main] INFO  org.testng.internal.Utils - [TestNG] Running:
  /Users/apple/Library/Caches/JetBrains/IdeaIC2023.2/temp-testng-customsuite.xml

2025-03-01 00:00:11 [main] INFO  com.zoho.base.BaseTest - Extent Reports initialized: /Users/apple/IdeaProjects/zoho-web-automation/ZohoCRM_Automation/reports/ExtentReport_20250301_000011.html
2025-03-01 00:00:12 [main] INFO  com.zoho.utils.JsonDataReader - Test data loaded successfully from: src/test/resources/testdata.json
2025-03-01 00:00:13 [main] INFO  io.github.bonigarcia.wdm.WebDriverManager - Using chromedriver 133.0.6943.141 (resolved driver for Chrome 133)
2025-03-01 00:00:13 [main] INFO  io.github.bonigarcia.wdm.WebDriverManager - Exporting webdriver.chrome.driver as /Users/apple/.cache/selenium/chromedriver/mac64/133.0.6943.141/chromedriver
2025-03-01 00:00:15 [main] INFO  com.zoho.base.BaseTest - Launching browser: chrome
2025-03-01 00:00:15 [main] INFO  com.zoho.config.ConfigManager - ✅ Config properties loaded successfully.
2025-03-01 00:00:19 [main] INFO  com.zoho.base.BaseTest - Navigating to Zoho CRM URL: https://www.zoho.com/crm/
2025-03-01 00:00:19 [main] INFO  com.zoho.tests.CreateLeadTest - Initializing page objects.
2025-03-01 00:00:19 [main] INFO  com.zoho.utils.SessionManager - Checking if user session is active...
2025-03-01 00:00:19 [main] INFO  com.zoho.pages.HomePage - Checking if user profile name is displayed.
2025-03-01 00:00:29 [main] ERROR com.zoho.pages.BasePage - Element not displayed: By.xpath: //span[@id='show-uName']
2025-03-01 00:00:29 [main] INFO  com.zoho.utils.SessionManager - No active session found. Logging in...
2025-03-01 00:00:29 [main] INFO  com.zoho.pages.LoginPage - Navigating to login page and signing in.
2025-03-01 00:00:30 [main] INFO  com.zoho.pages.BasePage - Clicked on element: By.xpath: //a[@class='zgh-login'][normalize-space()='Sign In']
2025-03-01 00:00:32 [main] INFO  com.zoho.pages.BasePage - Entered text 'zohotestinguser01@gmail.com' in element: By.id: login_id
2025-03-01 00:00:32 [main] INFO  com.zoho.pages.BasePage - Clicked on element: By.xpath: //span[normalize-space()='Next']
2025-03-01 00:00:32 [main] INFO  com.zoho.pages.BasePage - Entered text 'zohouser@123' in element: By.xpath: //input[@id='password']
2025-03-01 00:00:32 [main] INFO  com.zoho.pages.BasePage - Clicked on element: By.xpath: //button[@id='nextbtn']//span[contains(text(),'Sign in')]
2025-03-01 00:00:32 [main] INFO  com.zoho.pages.HomePage - Navigating to Leads Page.
2025-03-01 00:00:39 [main] INFO  com.zoho.pages.BasePage - Clicked on element: By.xpath: //lyte-text[normalize-space()='Leads']
2025-03-01 00:00:39 [main] INFO  com.zoho.pages.CreateLeadPage - Navigating to Create Lead page.
2025-03-01 00:00:40 [main] INFO  com.zoho.base.BaseTest - Browser closed.
2025-03-01 00:00:40 [main] INFO  com.zoho.base.BaseTest - Launching browser: chrome
2025-03-01 00:02:30 [main] INFO  org.testng.internal.Utils - [TestNG] Running:
  /Users/apple/Library/Caches/JetBrains/IdeaIC2023.2/temp-testng-customsuite.xml

2025-03-01 00:02:31 [main] INFO  com.zoho.base.BaseTest - Extent Reports initialized: /Users/apple/IdeaProjects/zoho-web-automation/ZohoCRM_Automation/reports/ExtentReport_20250301_000230.html
2025-03-01 00:02:31 [main] INFO  com.zoho.utils.JsonDataReader - Test data loaded successfully from: src/test/resources/testdata.json
2025-03-01 00:02:31 [main] INFO  io.github.bonigarcia.wdm.WebDriverManager - Using chromedriver 133.0.6943.141 (resolved driver for Chrome 133)
2025-03-01 00:02:31 [main] INFO  io.github.bonigarcia.wdm.WebDriverManager - Exporting webdriver.chrome.driver as /Users/apple/.cache/selenium/chromedriver/mac64/133.0.6943.141/chromedriver
2025-03-01 00:02:33 [main] INFO  com.zoho.base.BaseTest - Launching browser: chrome
2025-03-01 00:02:33 [main] INFO  com.zoho.config.ConfigManager - ✅ Config properties loaded successfully.
2025-03-01 00:02:38 [main] INFO  com.zoho.base.BaseTest - Navigating to Zoho CRM URL: https://www.zoho.com/crm/
2025-03-01 00:02:38 [main] INFO  com.zoho.tests.CreateLeadTest - Initializing page objects.
2025-03-01 00:02:38 [main] INFO  com.zoho.utils.SessionManager - Checking if user session is active...
2025-03-01 00:02:38 [main] INFO  com.zoho.pages.HomePage - Checking if user profile name is displayed.
2025-03-01 00:02:48 [main] ERROR com.zoho.pages.BasePage - Element not displayed: By.xpath: //span[@id='show-uName']
2025-03-01 00:02:48 [main] INFO  com.zoho.utils.SessionManager - No active session found. Logging in...
2025-03-01 00:02:48 [main] INFO  com.zoho.pages.LoginPage - Navigating to login page and signing in.
2025-03-01 00:02:48 [main] INFO  com.zoho.pages.BasePage - Clicked on element: By.xpath: //a[@class='zgh-login'][normalize-space()='Sign In']
2025-03-01 00:02:50 [main] INFO  com.zoho.pages.BasePage - Entered text 'zohotestinguser01@gmail.com' in element: By.id: login_id
2025-03-01 00:02:50 [main] INFO  com.zoho.pages.BasePage - Clicked on element: By.xpath: //span[normalize-space()='Next']
2025-03-01 00:02:50 [main] INFO  com.zoho.pages.BasePage - Entered text 'zohouser@123' in element: By.xpath: //input[@id='password']
2025-03-01 00:02:50 [main] INFO  com.zoho.pages.BasePage - Clicked on element: By.xpath: //button[@id='nextbtn']//span[contains(text(),'Sign in')]
2025-03-01 00:02:50 [main] INFO  com.zoho.pages.HomePage - Navigating to Leads Page.
2025-03-01 00:02:57 [main] INFO  com.zoho.pages.BasePage - Clicked on element: By.xpath: //lyte-text[normalize-space()='Leads']
2025-03-01 00:02:57 [main] INFO  com.zoho.pages.CreateLeadPage - Navigating to Create Lead page.
2025-03-01 00:02:58 [main] INFO  com.zoho.base.BaseTest - Browser closed.
2025-03-01 00:02:58 [main] INFO  com.zoho.base.BaseTest - Launching browser: chrome
2025-03-01 00:11:28 [main] INFO  org.testng.internal.Utils - [TestNG] Running:
  /Users/apple/Library/Caches/JetBrains/IdeaIC2023.2/temp-testng-customsuite.xml

2025-03-01 00:11:28 [main] INFO  com.zoho.base.BaseTest - Extent Reports initialized: /Users/apple/IdeaProjects/zoho-web-automation/ZohoCRM_Automation/reports/ExtentReport_20250301_001128.html
2025-03-01 00:11:28 [main] INFO  com.zoho.utils.JsonDataReader - Test data loaded successfully from: src/test/resources/testdata.json
2025-03-01 00:11:29 [main] INFO  io.github.bonigarcia.wdm.WebDriverManager - Using chromedriver 133.0.6943.141 (resolved driver for Chrome 133)
2025-03-01 00:11:29 [main] INFO  io.github.bonigarcia.wdm.WebDriverManager - Exporting webdriver.chrome.driver as /Users/apple/.cache/selenium/chromedriver/mac64/133.0.6943.141/chromedriver
2025-03-01 00:11:33 [main] INFO  com.zoho.base.BaseTest - Launching browser: chrome
2025-03-01 00:11:33 [main] INFO  com.zoho.config.ConfigManager - ✅ Config properties loaded successfully.
2025-03-01 00:11:37 [main] INFO  com.zoho.base.BaseTest - Navigating to Zoho CRM URL: https://www.zoho.com/crm/
2025-03-01 00:11:37 [main] INFO  com.zoho.tests.CreateLeadTest - Initializing page objects.
2025-03-01 00:11:37 [main] INFO  com.zoho.utils.SessionManager - Checking if user session is active...
2025-03-01 00:11:37 [main] INFO  com.zoho.pages.HomePage - Checking if user profile name is displayed.
2025-03-01 00:11:47 [main] ERROR com.zoho.pages.BasePage - Element not displayed: By.xpath: //span[@id='show-uName']
2025-03-01 00:11:47 [main] INFO  com.zoho.utils.SessionManager - No active session found. Logging in...
2025-03-01 00:11:47 [main] INFO  com.zoho.pages.LoginPage - Navigating to login page and signing in.
2025-03-01 00:11:48 [main] INFO  com.zoho.pages.BasePage - Clicked on element: By.xpath: //a[@class='zgh-login'][normalize-space()='Sign In']
2025-03-01 00:11:49 [main] INFO  com.zoho.pages.BasePage - Entered text 'zohotestinguser01@gmail.com' in element: By.id: login_id
2025-03-01 00:11:49 [main] INFO  com.zoho.pages.BasePage - Clicked on element: By.xpath: //span[normalize-space()='Next']
2025-03-01 00:11:49 [main] INFO  com.zoho.pages.BasePage - Entered text 'zohouser@123' in element: By.xpath: //input[@id='password']
2025-03-01 00:11:49 [main] INFO  com.zoho.pages.BasePage - Clicked on element: By.xpath: //button[@id='nextbtn']//span[contains(text(),'Sign in')]
2025-03-01 00:11:49 [main] INFO  com.zoho.pages.HomePage - Navigating to Leads Page.
2025-03-01 00:11:58 [main] INFO  com.zoho.pages.BasePage - Clicked on element: By.xpath: //lyte-text[normalize-space()='Leads']
2025-03-01 00:11:58 [main] INFO  com.zoho.pages.CreateLeadPage - Navigating to Create Lead page.
2025-03-01 00:12:00 [main] INFO  com.zoho.base.BaseTest - Browser closed.
2025-03-01 00:12:00 [main] INFO  com.zoho.base.BaseTest - Launching browser: chrome
2025-03-01 00:32:45 [main] INFO  org.testng.internal.Utils - [TestNG] Running:
  /Users/apple/Library/Caches/JetBrains/IdeaIC2023.2/temp-testng-customsuite.xml

2025-03-01 00:32:46 [main] INFO  com.zoho.base.BaseTest - Extent Reports initialized: /Users/apple/IdeaProjects/zoho-web-automation/ZohoCRM_Automation/reports/ExtentReport_20250301_003245.html
2025-03-01 00:32:46 [main] INFO  com.zoho.utils.JsonDataReader - Test data loaded successfully from: src/test/resources/testdata.json
2025-03-01 00:32:46 [main] INFO  io.github.bonigarcia.wdm.WebDriverManager - Using chromedriver 133.0.6943.141 (resolved driver for Chrome 133)
2025-03-01 00:32:46 [main] INFO  io.github.bonigarcia.wdm.WebDriverManager - Exporting webdriver.chrome.driver as /Users/apple/.cache/selenium/chromedriver/mac64/133.0.6943.141/chromedriver
2025-03-01 00:32:48 [main] INFO  com.zoho.utils.BrowserFactory - Initialized WebDriver for browser: chrome
2025-03-01 00:32:48 [main] INFO  com.zoho.base.BaseTest - Launching browser: chrome
2025-03-01 00:32:48 [main] INFO  com.zoho.config.ConfigManager - ✅ Config properties loaded successfully.
2025-03-01 00:32:52 [main] INFO  com.zoho.base.BaseTest - Navigating to Zoho CRM URL: https://www.zoho.com/crm/
2025-03-01 00:32:52 [main] INFO  com.zoho.tests.CreateLeadTest - Initializing page objects.
2025-03-01 00:32:52 [main] INFO  com.zoho.utils.SessionManager - Checking if user session is active...
2025-03-01 00:32:52 [main] INFO  com.zoho.pages.HomePage - Checking if user profile name is displayed.
2025-03-01 00:33:03 [main] ERROR com.zoho.pages.BasePage - Element not displayed: By.xpath: //span[@id='show-uName']
2025-03-01 00:33:03 [main] INFO  com.zoho.utils.SessionManager - No active session found. Logging in...
2025-03-01 00:33:03 [main] INFO  com.zoho.pages.LoginPage - Navigating to login page and signing in.
2025-03-01 00:33:03 [main] INFO  com.zoho.pages.BasePage - Clicked on element: By.xpath: //a[@class='zgh-login'][normalize-space()='Sign In']
2025-03-01 00:33:05 [main] INFO  com.zoho.pages.BasePage - Entered text 'zohotestinguser01@gmail.com' in element: By.id: login_id
2025-03-01 00:33:05 [main] INFO  com.zoho.pages.BasePage - Clicked on element: By.xpath: //span[normalize-space()='Next']
2025-03-01 00:33:05 [main] INFO  com.zoho.pages.BasePage - Entered text 'zohouser@123' in element: By.xpath: //input[@id='password']
2025-03-01 00:33:06 [main] INFO  com.zoho.pages.BasePage - Clicked on element: By.xpath: //button[@id='nextbtn']//span[contains(text(),'Sign in')]
2025-03-01 00:33:06 [main] INFO  com.zoho.pages.HomePage - Navigating to Leads Page.
2025-03-01 00:33:21 [main] INFO  com.zoho.pages.BasePage - Clicked on element: By.xpath: //lyte-text[normalize-space()='Leads']
2025-03-01 00:33:21 [main] INFO  com.zoho.pages.CreateLeadPage - Clicking on 'Create Lead' button.
2025-03-01 00:33:23 [main] INFO  com.zoho.pages.BasePage - Clicked on element: By.xpath: //button[normalize-space()='Create Lead']
2025-03-01 00:33:23 [main] INFO  com.zoho.pages.CreateLeadPage - Fetching 'Create Lead' text.
2025-03-01 00:33:26 [main] INFO  com.zoho.utils.BrowserFactory - Browser session closed successfully.
2025-03-01 00:33:26 [main] INFO  com.zoho.base.BaseTest - Browser session closed.
2025-03-01 00:33:26 [main] INFO  io.github.bonigarcia.wdm.WebDriverManager - Using chromedriver 133.0.6943.141 (resolved driver for Chrome 133)
2025-03-01 00:33:26 [main] INFO  io.github.bonigarcia.wdm.WebDriverManager - Exporting webdriver.chrome.driver as /Users/apple/.cache/selenium/chromedriver/mac64/133.0.6943.141/chromedriver
2025-03-01 00:33:29 [main] INFO  com.zoho.utils.BrowserFactory - Initialized WebDriver for browser: chrome
2025-03-01 00:33:29 [main] INFO  com.zoho.base.BaseTest - Launching browser: chrome
2025-03-01 00:33:33 [main] INFO  com.zoho.base.BaseTest - Navigating to Zoho CRM URL: https://www.zoho.com/crm/
2025-03-01 00:33:33 [main] INFO  com.zoho.tests.CreateLeadTest - Initializing page objects.
2025-03-01 00:33:33 [main] INFO  com.zoho.utils.SessionManager - Checking if user session is active...
2025-03-01 00:33:33 [main] INFO  com.zoho.pages.HomePage - Checking if user profile name is displayed.
2025-03-01 00:33:43 [main] ERROR com.zoho.pages.BasePage - Element not displayed: By.xpath: //span[@id='show-uName']
2025-03-01 00:33:43 [main] INFO  com.zoho.utils.SessionManager - No active session found. Logging in...
2025-03-01 00:33:43 [main] INFO  com.zoho.pages.LoginPage - Navigating to login page and signing in.
2025-03-01 00:33:44 [main] INFO  com.zoho.pages.BasePage - Clicked on element: By.xpath: //a[@class='zgh-login'][normalize-space()='Sign In']
2025-03-01 00:33:45 [main] INFO  com.zoho.pages.BasePage - Entered text 'zohotestinguser01@gmail.com' in element: By.id: login_id
2025-03-01 00:33:45 [main] INFO  com.zoho.pages.BasePage - Clicked on element: By.xpath: //span[normalize-space()='Next']
2025-03-01 00:33:46 [main] INFO  com.zoho.pages.BasePage - Entered text 'zohouser@123' in element: By.xpath: //input[@id='password']
2025-03-01 00:33:46 [main] INFO  com.zoho.pages.BasePage - Clicked on element: By.xpath: //button[@id='nextbtn']//span[contains(text(),'Sign in')]
2025-03-01 00:33:46 [main] INFO  com.zoho.pages.HomePage - Navigating to Leads Page.
2025-03-01 00:34:10 [main] INFO  com.zoho.pages.BasePage - Clicked on element: By.xpath: //lyte-text[normalize-space()='Leads']
2025-03-01 00:34:10 [main] INFO  com.zoho.pages.CreateLeadPage - Clicking on 'Create Lead' button.
2025-03-01 00:34:11 [main] WARN  com.zoho.pages.BasePage - StaleElementReferenceException encountered. Retrying... Attempt: 1
2025-03-01 00:34:11 [main] INFO  com.zoho.pages.BasePage - Clicked on element: By.xpath: //button[normalize-space()='Create Lead']
2025-03-01 00:34:11 [main] INFO  com.zoho.pages.CreateLeadPage - Clicking 'Save' button.
2025-03-01 00:34:12 [main] INFO  com.zoho.pages.BasePage - Clicked on element: By.xpath: //lyte-button[@id='crm_create_savebutnLeads']//lyte-yield[1]
2025-03-01 00:34:12 [main] INFO  com.zoho.pages.CreateLeadPage - Fetching Company error message.
2025-03-01 00:34:12 [main] INFO  com.zoho.pages.CreateLeadPage - Fetching Last Name error message.
2025-03-01 00:34:13 [main] INFO  com.zoho.utils.BrowserFactory - Browser session closed successfully.
2025-03-01 00:34:13 [main] INFO  com.zoho.base.BaseTest - Browser session closed.
2025-03-01 00:34:13 [main] INFO  io.github.bonigarcia.wdm.WebDriverManager - Using chromedriver 133.0.6943.141 (resolved driver for Chrome 133)
2025-03-01 00:34:13 [main] INFO  io.github.bonigarcia.wdm.WebDriverManager - Exporting webdriver.chrome.driver as /Users/apple/.cache/selenium/chromedriver/mac64/133.0.6943.141/chromedriver
2025-03-01 00:34:14 [main] INFO  com.zoho.utils.BrowserFactory - Initialized WebDriver for browser: chrome
2025-03-01 00:34:14 [main] INFO  com.zoho.base.BaseTest - Launching browser: chrome
2025-03-01 00:34:18 [main] INFO  com.zoho.base.BaseTest - Navigating to Zoho CRM URL: https://www.zoho.com/crm/
2025-03-01 00:34:18 [main] INFO  com.zoho.tests.CreateLeadTest - Initializing page objects.
2025-03-01 00:34:18 [main] INFO  com.zoho.utils.SessionManager - Checking if user session is active...
2025-03-01 00:34:18 [main] INFO  com.zoho.pages.HomePage - Checking if user profile name is displayed.
2025-03-01 00:34:28 [main] ERROR com.zoho.pages.BasePage - Element not displayed: By.xpath: //span[@id='show-uName']
2025-03-01 00:34:28 [main] INFO  com.zoho.utils.SessionManager - No active session found. Logging in...
2025-03-01 00:34:28 [main] INFO  com.zoho.pages.LoginPage - Navigating to login page and signing in.
2025-03-01 00:34:29 [main] INFO  com.zoho.pages.BasePage - Clicked on element: By.xpath: //a[@class='zgh-login'][normalize-space()='Sign In']
2025-03-01 00:34:34 [main] INFO  com.zoho.pages.BasePage - Entered text 'zohotestinguser01@gmail.com' in element: By.id: login_id
2025-03-01 00:34:34 [main] INFO  com.zoho.pages.BasePage - Clicked on element: By.xpath: //span[normalize-space()='Next']
2025-03-01 00:34:34 [main] INFO  com.zoho.pages.BasePage - Entered text 'zohouser@123' in element: By.xpath: //input[@id='password']
2025-03-01 00:34:34 [main] INFO  com.zoho.pages.BasePage - Clicked on element: By.xpath: //button[@id='nextbtn']//span[contains(text(),'Sign in')]
2025-03-01 00:34:34 [main] INFO  com.zoho.utils.JsonDataReader - Generated Test Data for: testCreateLeadWithInvalidEmailFormat -> {
  "testName" : "testCreateLeadWithInvalidEmailFormat",
  "firstName" : "TestFirst_298",
  "lastName" : "TestLast_836",
  "company" : "Company_5916",
  "email" : "invalidEmail"
}
2025-03-01 00:34:34 [main] INFO  com.zoho.pages.HomePage - Navigating to Leads Page.
2025-03-01 00:34:44 [main] INFO  com.zoho.pages.BasePage - Clicked on element: By.xpath: //lyte-text[normalize-space()='Leads']
2025-03-01 00:34:44 [main] INFO  com.zoho.pages.CreateLeadPage - Clicking on 'Create Lead' button.
2025-03-01 00:34:46 [main] INFO  com.zoho.pages.BasePage - Clicked on element: By.xpath: //button[normalize-space()='Create Lead']
2025-03-01 00:34:46 [main] INFO  com.zoho.pages.CreateLeadPage - Entering lead details: TestFirst_298 TestLast_836, Company: Company_5916
2025-03-01 00:34:48 [main] INFO  com.zoho.pages.BasePage - Entered text 'TestFirst_298' in element: By.id: Crm_Leads_FIRSTNAME_LInput
2025-03-01 00:34:49 [main] INFO  com.zoho.pages.BasePage - Entered text 'TestLast_836' in element: By.id: Crm_Leads_LASTNAME_LInput
2025-03-01 00:34:49 [main] INFO  com.zoho.pages.BasePage - Entered text 'Company_5916' in element: By.xpath: //crm-create-fields[@id='Leads_fldRow_COMPANY']//input[1]
2025-03-01 00:34:50 [main] INFO  com.zoho.pages.BasePage - Entered text 'invalidEmail' in element: By.id: Crm_Leads_EMAIL_LInput
2025-03-01 00:34:50 [main] INFO  com.zoho.pages.CreateLeadPage - Clicking 'Save' button.
2025-03-01 00:34:50 [main] INFO  com.zoho.pages.BasePage - Clicked on element: By.xpath: //lyte-button[@id='crm_create_savebutnLeads']//lyte-yield[1]
2025-03-01 00:34:50 [main] INFO  com.zoho.pages.CreateLeadPage - Fetching Email error message.
2025-03-01 00:34:50 [main] INFO  com.zoho.utils.BrowserFactory - Browser session closed successfully.
2025-03-01 00:34:50 [main] INFO  com.zoho.base.BaseTest - Browser session closed.
2025-03-01 00:34:51 [main] INFO  com.zoho.base.BaseTest - Extent Reports flushed.
2025-03-01 00:48:57 [main] INFO  org.testng.internal.Utils - [TestNG] Running:
  /Users/apple/Library/Caches/JetBrains/IdeaIC2023.2/temp-testng-customsuite.xml

2025-03-01 00:48:57 [main] INFO  com.zoho.base.BaseTest - Extent Reports initialized: /Users/apple/IdeaProjects/zoho-web-automation/ZohoCRM_Automation/reports/ExtentReport_20250301_004857.html
2025-03-01 00:48:57 [main] INFO  com.zoho.utils.JsonDataReader - Test data loaded successfully from: src/test/resources/testdata.json
2025-03-01 00:48:58 [main] INFO  io.github.bonigarcia.wdm.WebDriverManager - Using chromedriver 133.0.6943.141 (resolved driver for Chrome 133)
2025-03-01 00:48:58 [main] INFO  io.github.bonigarcia.wdm.WebDriverManager - Exporting webdriver.chrome.driver as /Users/apple/.cache/selenium/chromedriver/mac64/133.0.6943.141/chromedriver
2025-03-01 00:49:00 [main] INFO  com.zoho.utils.BrowserFactory - Initialized WebDriver for browser: chrome
2025-03-01 00:49:00 [main] INFO  com.zoho.base.BaseTest - Launching browser: chrome
2025-03-01 00:49:00 [main] INFO  com.zoho.config.ConfigManager - ✅ Config properties loaded successfully.
2025-03-01 00:49:03 [main] INFO  com.zoho.base.BaseTest - Navigating to Zoho CRM URL: https://www.zoho.com/crm/
2025-03-01 00:49:03 [main] INFO  com.zoho.tests.CreateLeadTest - Initializing page objects.
2025-03-01 00:49:03 [main] INFO  com.zoho.utils.SessionManager - Checking if user session is active...
2025-03-01 00:49:03 [main] INFO  com.zoho.pages.HomePage - Checking if user profile name is displayed.
2025-03-01 00:49:14 [main] ERROR com.zoho.pages.BasePage - Element not displayed: By.xpath: //span[@id='show-uName']
2025-03-01 00:49:14 [main] INFO  com.zoho.utils.SessionManager - No active session found. Logging in...
2025-03-01 00:49:14 [main] INFO  com.zoho.pages.LoginPage - Navigating to login page and signing in.
2025-03-01 00:49:14 [main] INFO  com.zoho.pages.BasePage - Attempting to click on element: By.xpath: //a[@class='zgh-login'][normalize-space()='Sign In'] | Attempt: 1
2025-03-01 00:49:15 [main] INFO  com.zoho.pages.BasePage - Successfully clicked on element: By.xpath: //a[@class='zgh-login'][normalize-space()='Sign In']
2025-03-01 00:49:16 [main] INFO  com.zoho.pages.BasePage - Entered text 'zohotestinguser01@gmail.com' in element: By.id: login_id
2025-03-01 00:49:16 [main] INFO  com.zoho.pages.BasePage - Attempting to click on element: By.xpath: //span[normalize-space()='Next'] | Attempt: 1
2025-03-01 00:49:16 [main] INFO  com.zoho.pages.BasePage - Successfully clicked on element: By.xpath: //span[normalize-space()='Next']
2025-03-01 00:49:17 [main] INFO  com.zoho.pages.BasePage - Entered text 'zohouser@123' in element: By.xpath: //input[@id='password']
2025-03-01 00:49:17 [main] INFO  com.zoho.pages.BasePage - Attempting to click on element: By.xpath: //button[@id='nextbtn']//span[contains(text(),'Sign in')] | Attempt: 1
2025-03-01 00:49:17 [main] INFO  com.zoho.pages.BasePage - Successfully clicked on element: By.xpath: //button[@id='nextbtn']//span[contains(text(),'Sign in')]
2025-03-01 00:49:17 [main] INFO  com.zoho.pages.HomePage - Navigating to Leads Page.
2025-03-01 00:49:17 [main] INFO  com.zoho.pages.BasePage - Attempting to click on element: By.xpath: //lyte-text[normalize-space()='Leads'] | Attempt: 1
2025-03-01 00:49:26 [main] INFO  com.zoho.pages.BasePage - Successfully clicked on element: By.xpath: //lyte-text[normalize-space()='Leads']
2025-03-01 00:49:26 [main] INFO  com.zoho.pages.CreateLeadPage - Clicking on 'Create Lead' button.
2025-03-01 00:49:26 [main] INFO  com.zoho.pages.BasePage - Attempting to click on element: By.xpath: //button[normalize-space()='Create Lead'] | Attempt: 1
2025-03-01 00:49:28 [main] INFO  com.zoho.pages.BasePage - Successfully clicked on element: By.xpath: //button[normalize-space()='Create Lead']
2025-03-01 00:49:28 [main] INFO  com.zoho.pages.CreateLeadPage - Fetching 'Create Lead' text.
2025-03-01 00:49:31 [main] INFO  com.zoho.utils.BrowserFactory - Browser session closed successfully.
2025-03-01 00:49:31 [main] INFO  com.zoho.base.BaseTest - Browser session closed.
2025-03-01 00:49:31 [main] INFO  io.github.bonigarcia.wdm.WebDriverManager - Using chromedriver 133.0.6943.141 (resolved driver for Chrome 133)
2025-03-01 00:49:31 [main] INFO  io.github.bonigarcia.wdm.WebDriverManager - Exporting webdriver.chrome.driver as /Users/apple/.cache/selenium/chromedriver/mac64/133.0.6943.141/chromedriver
2025-03-01 00:49:33 [main] INFO  com.zoho.utils.BrowserFactory - Initialized WebDriver for browser: chrome
2025-03-01 00:49:33 [main] INFO  com.zoho.base.BaseTest - Launching browser: chrome
2025-03-01 00:49:38 [main] INFO  com.zoho.base.BaseTest - Navigating to Zoho CRM URL: https://www.zoho.com/crm/
2025-03-01 00:49:38 [main] INFO  com.zoho.tests.CreateLeadTest - Initializing page objects.
2025-03-01 00:49:38 [main] INFO  com.zoho.utils.SessionManager - Checking if user session is active...
2025-03-01 00:49:38 [main] INFO  com.zoho.pages.HomePage - Checking if user profile name is displayed.
2025-03-01 00:49:48 [main] ERROR com.zoho.pages.BasePage - Element not displayed: By.xpath: //span[@id='show-uName']
2025-03-01 00:49:48 [main] INFO  com.zoho.utils.SessionManager - No active session found. Logging in...
2025-03-01 00:49:48 [main] INFO  com.zoho.pages.LoginPage - Navigating to login page and signing in.
2025-03-01 00:49:48 [main] INFO  com.zoho.pages.BasePage - Attempting to click on element: By.xpath: //a[@class='zgh-login'][normalize-space()='Sign In'] | Attempt: 1
2025-03-01 00:49:49 [main] INFO  com.zoho.pages.BasePage - Successfully clicked on element: By.xpath: //a[@class='zgh-login'][normalize-space()='Sign In']
2025-03-01 00:49:51 [main] INFO  com.zoho.pages.BasePage - Entered text 'zohotestinguser01@gmail.com' in element: By.id: login_id
2025-03-01 00:49:51 [main] INFO  com.zoho.pages.BasePage - Attempting to click on element: By.xpath: //span[normalize-space()='Next'] | Attempt: 1
2025-03-01 00:49:51 [main] INFO  com.zoho.pages.BasePage - Successfully clicked on element: By.xpath: //span[normalize-space()='Next']
2025-03-01 00:49:51 [main] INFO  com.zoho.pages.BasePage - Entered text 'zohouser@123' in element: By.xpath: //input[@id='password']
2025-03-01 00:49:51 [main] INFO  com.zoho.pages.BasePage - Attempting to click on element: By.xpath: //button[@id='nextbtn']//span[contains(text(),'Sign in')] | Attempt: 1
2025-03-01 00:49:51 [main] INFO  com.zoho.pages.BasePage - Successfully clicked on element: By.xpath: //button[@id='nextbtn']//span[contains(text(),'Sign in')]
2025-03-01 00:49:52 [main] INFO  com.zoho.pages.HomePage - Navigating to Leads Page.
2025-03-01 00:49:52 [main] INFO  com.zoho.pages.BasePage - Attempting to click on element: By.xpath: //lyte-text[normalize-space()='Leads'] | Attempt: 1
2025-03-01 00:50:09 [main] INFO  com.zoho.pages.BasePage - Successfully clicked on element: By.xpath: //lyte-text[normalize-space()='Leads']
2025-03-01 00:50:09 [main] INFO  com.zoho.pages.CreateLeadPage - Clicking on 'Create Lead' button.
2025-03-01 00:50:09 [main] INFO  com.zoho.pages.BasePage - Attempting to click on element: By.xpath: //button[normalize-space()='Create Lead'] | Attempt: 1
2025-03-01 00:50:11 [main] INFO  com.zoho.pages.BasePage - Successfully clicked on element: By.xpath: //button[normalize-space()='Create Lead']
2025-03-01 00:50:11 [main] INFO  com.zoho.pages.CreateLeadPage - Clicking 'Save' button.
2025-03-01 00:50:11 [main] INFO  com.zoho.pages.BasePage - Attempting to click on element: By.xpath: //lyte-button[@id='crm_create_savebutnLeads']//lyte-yield[1] | Attempt: 1
2025-03-01 00:50:13 [main] INFO  com.zoho.pages.BasePage - Successfully clicked on element: By.xpath: //lyte-button[@id='crm_create_savebutnLeads']//lyte-yield[1]
2025-03-01 00:50:13 [main] INFO  com.zoho.pages.CreateLeadPage - Fetching Company error message.
2025-03-01 00:50:13 [main] INFO  com.zoho.pages.CreateLeadPage - Fetching Last Name error message.
2025-03-01 00:50:14 [main] INFO  com.zoho.utils.BrowserFactory - Browser session closed successfully.
2025-03-01 00:50:14 [main] INFO  com.zoho.base.BaseTest - Browser session closed.
2025-03-01 00:50:14 [main] INFO  io.github.bonigarcia.wdm.WebDriverManager - Using chromedriver 133.0.6943.141 (resolved driver for Chrome 133)
2025-03-01 00:50:14 [main] INFO  io.github.bonigarcia.wdm.WebDriverManager - Exporting webdriver.chrome.driver as /Users/apple/.cache/selenium/chromedriver/mac64/133.0.6943.141/chromedriver
2025-03-01 00:50:16 [main] INFO  com.zoho.utils.BrowserFactory - Initialized WebDriver for browser: chrome
2025-03-01 00:50:16 [main] INFO  com.zoho.base.BaseTest - Launching browser: chrome
2025-03-01 00:50:20 [main] INFO  com.zoho.base.BaseTest - Navigating to Zoho CRM URL: https://www.zoho.com/crm/
2025-03-01 00:50:20 [main] INFO  com.zoho.tests.CreateLeadTest - Initializing page objects.
2025-03-01 00:50:20 [main] INFO  com.zoho.utils.SessionManager - Checking if user session is active...
2025-03-01 00:50:20 [main] INFO  com.zoho.pages.HomePage - Checking if user profile name is displayed.
2025-03-01 00:50:31 [main] ERROR com.zoho.pages.BasePage - Element not displayed: By.xpath: //span[@id='show-uName']
2025-03-01 00:50:31 [main] INFO  com.zoho.utils.SessionManager - No active session found. Logging in...
2025-03-01 00:50:31 [main] INFO  com.zoho.pages.LoginPage - Navigating to login page and signing in.
2025-03-01 00:50:31 [main] INFO  com.zoho.pages.BasePage - Attempting to click on element: By.xpath: //a[@class='zgh-login'][normalize-space()='Sign In'] | Attempt: 1
2025-03-01 00:50:32 [main] INFO  com.zoho.pages.BasePage - Successfully clicked on element: By.xpath: //a[@class='zgh-login'][normalize-space()='Sign In']
2025-03-01 01:00:56 [main] INFO  org.testng.internal.Utils - [TestNG] Running:
  /Users/apple/Library/Caches/JetBrains/IdeaIC2023.2/temp-testng-customsuite.xml

2025-03-01 01:00:56 [main] INFO  com.zoho.base.BaseTest - Extent Reports initialized: /Users/apple/IdeaProjects/zoho-web-automation/ZohoCRM_Automation/reports/ExtentReport_20250301_010056.html
2025-03-01 01:00:56 [main] INFO  com.zoho.utils.JsonDataReader - Test data loaded successfully from: src/test/resources/testdata.json
2025-03-01 01:00:56 [main] INFO  com.zoho.base.BaseTest - Starting test: testValidateCreateLeadText
2025-03-01 01:00:58 [main] INFO  io.github.bonigarcia.wdm.WebDriverManager - Using chromedriver 133.0.6943.141 (resolved driver for Chrome 133)
2025-03-01 01:00:58 [main] INFO  io.github.bonigarcia.wdm.WebDriverManager - Exporting webdriver.chrome.driver as /Users/apple/.cache/selenium/chromedriver/mac64/133.0.6943.141/chromedriver
2025-03-01 01:01:01 [main] INFO  com.zoho.utils.BrowserFactory - Initialized WebDriver for browser: chrome
2025-03-01 01:01:01 [main] INFO  com.zoho.base.BaseTest - Launching browser: chrome
2025-03-01 01:01:01 [main] INFO  com.zoho.config.ConfigManager - ✅ Config properties loaded successfully.
2025-03-01 01:01:06 [main] INFO  com.zoho.base.BaseTest - Navigating to Zoho CRM URL: https://www.zoho.com/crm/
2025-03-01 01:01:06 [main] INFO  com.zoho.tests.CreateLeadTest - Initializing page objects.
2025-03-01 01:01:06 [main] INFO  com.zoho.utils.SessionManager - Checking if user session is active...
2025-03-01 01:01:06 [main] INFO  com.zoho.pages.HomePage - Checking if user profile name is displayed.
2025-03-01 01:01:16 [main] ERROR com.zoho.pages.BasePage - Element not displayed: By.xpath: //span[@id='show-uName']
2025-03-01 01:01:16 [main] INFO  com.zoho.utils.SessionManager - No active session found. Logging in...
2025-03-01 01:01:16 [main] INFO  com.zoho.pages.LoginPage - Navigating to login page and signing in.
2025-03-01 01:01:16 [main] INFO  com.zoho.pages.BasePage - Attempting to click on element: By.xpath: //a[@class='zgh-login'][normalize-space()='Sign In'] | Attempt: 1
2025-03-01 01:01:17 [main] INFO  com.zoho.pages.BasePage - Successfully clicked on element: By.xpath: //a[@class='zgh-login'][normalize-space()='Sign In']
2025-03-01 01:01:19 [main] INFO  com.zoho.pages.BasePage - Entered text 'zohotestinguser01@gmail.com' in element: By.id: login_id
2025-03-01 01:01:19 [main] INFO  com.zoho.pages.BasePage - Attempting to click on element: By.xpath: //span[normalize-space()='Next'] | Attempt: 1
2025-03-01 01:01:19 [main] INFO  com.zoho.pages.BasePage - Successfully clicked on element: By.xpath: //span[normalize-space()='Next']
2025-03-01 01:01:20 [main] INFO  com.zoho.pages.BasePage - Entered text 'zohouser@123' in element: By.xpath: //input[@id='password']
2025-03-01 01:01:20 [main] INFO  com.zoho.pages.BasePage - Attempting to click on element: By.xpath: //button[@id='nextbtn']//span[contains(text(),'Sign in')] | Attempt: 1
2025-03-01 01:01:20 [main] INFO  com.zoho.pages.BasePage - Successfully clicked on element: By.xpath: //button[@id='nextbtn']//span[contains(text(),'Sign in')]
2025-03-01 01:01:20 [main] INFO  com.zoho.pages.HomePage - Navigating to Leads Page.
2025-03-01 01:01:20 [main] INFO  com.zoho.pages.BasePage - Attempting to click on element: By.xpath: //lyte-text[normalize-space()='Leads'] | Attempt: 1
2025-03-01 01:01:36 [main] INFO  com.zoho.pages.BasePage - Successfully clicked on element: By.xpath: //lyte-text[normalize-space()='Leads']
2025-03-01 01:01:36 [main] INFO  com.zoho.pages.CreateLeadPage - Clicking on 'Create Lead' button.
2025-03-01 01:01:36 [main] INFO  com.zoho.pages.BasePage - Attempting to click on element: By.xpath: //button[normalize-space()='Create Lead'] | Attempt: 1
2025-03-01 01:01:39 [main] INFO  com.zoho.pages.BasePage - Successfully clicked on element: By.xpath: //button[normalize-space()='Create Lead']
2025-03-01 01:01:39 [main] INFO  com.zoho.pages.CreateLeadPage - Fetching 'Create Lead' text.
2025-03-01 01:01:42 [main] INFO  com.zoho.base.BaseTest - Browser session closed.
2025-03-01 01:01:42 [main] INFO  com.zoho.base.BaseTest - Starting test: testCreateLeadWithMissingMandatoryFields
2025-03-01 01:01:42 [main] INFO  com.zoho.base.BaseTest - Launching browser: chrome
2025-03-01 01:10:59 [main] INFO  org.testng.internal.Utils - [TestNG] Running:
  /Users/apple/Library/Caches/JetBrains/IdeaIC2023.2/temp-testng-customsuite.xml

2025-03-01 01:10:59 [main] INFO  com.zoho.base.BaseTest - Initializing WebDriver for test suite...
2025-03-01 01:11:00 [main] INFO  io.github.bonigarcia.wdm.WebDriverManager - Using chromedriver 133.0.6943.141 (resolved driver for Chrome 133)
2025-03-01 01:11:00 [main] INFO  io.github.bonigarcia.wdm.WebDriverManager - Exporting webdriver.chrome.driver as /Users/apple/.cache/selenium/chromedriver/mac64/133.0.6943.141/chromedriver
2025-03-01 01:11:03 [main] INFO  com.zoho.utils.BrowserFactory - Initialized WebDriver for browser: chrome
2025-03-01 01:11:03 [main] INFO  com.zoho.config.ConfigManager - ✅ Config properties loaded successfully.
2025-03-01 01:11:06 [main] INFO  com.zoho.base.BaseTest - Navigated to: https://www.zoho.com/crm/
2025-03-01 01:11:07 [main] INFO  com.zoho.base.BaseTest - Extent Reports initialized at: /Users/apple/IdeaProjects/zoho-web-automation/ZohoCRM_Automation/reports/ExtentReport_20250301_011106.html
2025-03-01 01:11:08 [main] INFO  com.zoho.utils.JsonDataReader - Test data loaded successfully from: src/test/resources/testdata.json
2025-03-01 01:11:08 [main] INFO  com.zoho.base.BaseTest - Starting test: testValidateCreateLeadText
2025-03-01 01:11:08 [main] INFO  com.zoho.tests.CreateLeadTest - Initializing page objects.
2025-03-01 01:11:08 [main] INFO  com.zoho.utils.SessionManager - Checking if user session is active...
2025-03-01 01:11:08 [main] INFO  com.zoho.pages.HomePage - Checking if user profile name is displayed.
2025-03-01 01:11:18 [main] ERROR com.zoho.pages.BasePage - Element not displayed: By.xpath: //span[@id='show-uName']
2025-03-01 01:11:18 [main] INFO  com.zoho.utils.SessionManager - No active session found. Logging in...
2025-03-01 01:11:18 [main] INFO  com.zoho.pages.LoginPage - Navigating to login page and signing in.
2025-03-01 01:11:18 [main] INFO  com.zoho.pages.BasePage - Attempting to click on element: By.xpath: //a[@class='zgh-login'][normalize-space()='Sign In'] | Attempt: 1
2025-03-01 01:11:19 [main] INFO  com.zoho.pages.BasePage - Successfully clicked on element: By.xpath: //a[@class='zgh-login'][normalize-space()='Sign In']
2025-03-01 01:11:21 [main] INFO  com.zoho.pages.BasePage - Entered text 'zohotestinguser01@gmail.com' in element: By.id: login_id
2025-03-01 01:11:21 [main] INFO  com.zoho.pages.BasePage - Attempting to click on element: By.xpath: //span[normalize-space()='Next'] | Attempt: 1
2025-03-01 01:11:21 [main] INFO  com.zoho.pages.BasePage - Successfully clicked on element: By.xpath: //span[normalize-space()='Next']
2025-03-01 01:11:21 [main] INFO  com.zoho.pages.BasePage - Entered text 'zohouser@123' in element: By.xpath: //input[@id='password']
2025-03-01 01:11:21 [main] INFO  com.zoho.pages.BasePage - Attempting to click on element: By.xpath: //button[@id='nextbtn']//span[contains(text(),'Sign in')] | Attempt: 1
2025-03-01 01:11:21 [main] INFO  com.zoho.pages.BasePage - Successfully clicked on element: By.xpath: //button[@id='nextbtn']//span[contains(text(),'Sign in')]
2025-03-01 01:11:21 [main] INFO  com.zoho.pages.HomePage - Navigating to Leads Page.
2025-03-01 01:11:21 [main] INFO  com.zoho.pages.BasePage - Attempting to click on element: By.xpath: //lyte-text[normalize-space()='Leads'] | Attempt: 1
2025-03-01 01:11:39 [main] INFO  com.zoho.pages.BasePage - Successfully clicked on element: By.xpath: //lyte-text[normalize-space()='Leads']
2025-03-01 01:11:39 [main] INFO  com.zoho.pages.CreateLeadPage - Clicking on 'Create Lead' button.
2025-03-01 01:11:39 [main] INFO  com.zoho.pages.BasePage - Attempting to click on element: By.xpath: //button[normalize-space()='Create Lead'] | Attempt: 1
2025-03-01 01:11:41 [main] INFO  com.zoho.pages.BasePage - Successfully clicked on element: By.xpath: //button[normalize-space()='Create Lead']
2025-03-01 01:11:41 [main] INFO  com.zoho.pages.CreateLeadPage - Fetching 'Create Lead' text.
2025-03-01 01:11:43 [main] INFO  com.zoho.base.BaseTest - Completed test execution.
2025-03-01 01:11:43 [main] INFO  com.zoho.base.BaseTest - Starting test: testCreateLeadWithMissingMandatoryFields
2025-03-01 01:11:43 [main] INFO  com.zoho.tests.CreateLeadTest - Initializing page objects.
2025-03-01 01:11:43 [main] INFO  com.zoho.utils.SessionManager - Checking if user session is active...
2025-03-01 01:11:43 [main] INFO  com.zoho.pages.HomePage - Checking if user profile name is displayed.
2025-03-01 01:11:53 [main] ERROR com.zoho.pages.BasePage - Element not displayed: By.xpath: //span[@id='show-uName']
2025-03-01 01:11:53 [main] INFO  com.zoho.utils.SessionManager - No active session found. Logging in...
2025-03-01 01:11:53 [main] INFO  com.zoho.pages.LoginPage - Navigating to login page and signing in.
2025-03-01 01:11:53 [main] INFO  com.zoho.pages.BasePage - Attempting to click on element: By.xpath: //a[@class='zgh-login'][normalize-space()='Sign In'] | Attempt: 1
2025-03-01 01:23:01 [main] INFO  org.testng.internal.Utils - [TestNG] Running:
  /Users/apple/Library/Caches/JetBrains/IdeaIC2023.2/temp-testng-customsuite.xml

2025-03-01 01:23:01 [main] INFO  com.zoho.base.BaseTest - Initializing WebDriver for test suite...
2025-03-01 01:23:01 [main] INFO  io.github.bonigarcia.wdm.WebDriverManager - Using chromedriver 133.0.6943.141 (resolved driver for Chrome 133)
2025-03-01 01:23:01 [main] INFO  io.github.bonigarcia.wdm.WebDriverManager - Exporting webdriver.chrome.driver as /Users/apple/.cache/selenium/chromedriver/mac64/133.0.6943.141/chromedriver
2025-03-01 01:23:03 [main] INFO  com.zoho.utils.BrowserFactory - Initialized WebDriver for browser: chrome
2025-03-01 01:23:03 [main] INFO  com.zoho.config.ConfigManager - ✅ Config properties loaded successfully.
2025-03-01 01:23:08 [main] INFO  com.zoho.base.BaseTest - Navigated to: https://www.zoho.com/crm/
2025-03-01 01:23:09 [main] INFO  com.zoho.base.BaseTest - Extent Reports initialized at: /Users/apple/IdeaProjects/zoho-web-automation/ZohoCRM_Automation/reports/ExtentReport_20250301_012308.html
2025-03-01 01:23:09 [main] INFO  com.zoho.utils.JsonDataReader - Test data loaded successfully from: src/test/resources/testdata.json
2025-03-01 01:23:09 [main] INFO  com.zoho.base.BaseTest - Starting test: testValidateCreateLeadText
2025-03-01 01:23:09 [main] INFO  com.zoho.tests.CreateLeadTest - Initializing page objects.
2025-03-01 01:23:09 [main] INFO  com.zoho.utils.SessionManager - Checking if user session is active...
2025-03-01 01:23:09 [main] INFO  com.zoho.utils.SessionManager - No active session found. Proceeding with login...
2025-03-01 01:23:09 [main] INFO  com.zoho.pages.LoginPage - Navigating to login page and signing in.
2025-03-01 01:23:09 [main] INFO  com.zoho.pages.BasePage - Attempting to click on element: By.xpath: //a[@class='zgh-login'][normalize-space()='Sign In'] | Attempt: 1
2025-03-01 01:23:10 [main] INFO  com.zoho.pages.BasePage - Successfully clicked on element: By.xpath: //a[@class='zgh-login'][normalize-space()='Sign In']
2025-03-01 01:23:11 [main] INFO  com.zoho.pages.BasePage - Entered text 'zohotestinguser01@gmail.com' in element: By.id: login_id
2025-03-01 01:23:11 [main] INFO  com.zoho.pages.BasePage - Attempting to click on element: By.xpath: //span[normalize-space()='Next'] | Attempt: 1
2025-03-01 01:23:11 [main] INFO  com.zoho.pages.BasePage - Successfully clicked on element: By.xpath: //span[normalize-space()='Next']
2025-03-01 01:23:12 [main] INFO  com.zoho.pages.BasePage - Entered text 'zohouser@123' in element: By.xpath: //input[@id='password']
2025-03-01 01:23:12 [main] INFO  com.zoho.pages.BasePage - Attempting to click on element: By.xpath: //button[@id='nextbtn']//span[contains(text(),'Sign in')] | Attempt: 1
2025-03-01 01:23:12 [main] INFO  com.zoho.pages.BasePage - Successfully clicked on element: By.xpath: //button[@id='nextbtn']//span[contains(text(),'Sign in')]
2025-03-01 01:23:12 [main] INFO  com.zoho.pages.HomePage - Checking if user profile name is displayed.
2025-03-01 01:23:34 [main] ERROR com.zoho.pages.BasePage - Element not displayed: By.xpath: //span[@id='show-uName']
2025-03-01 01:23:34 [main] ERROR com.zoho.utils.SessionManager - Login failed! Unable to detect active session.
2025-03-01 01:23:34 [main] INFO  com.zoho.pages.HomePage - Navigating to Leads Page.
2025-03-01 01:23:34 [main] INFO  com.zoho.pages.BasePage - Attempting to click on element: By.xpath: //lyte-text[normalize-space()='Leads'] | Attempt: 1
2025-03-01 01:23:34 [main] INFO  com.zoho.pages.BasePage - Successfully clicked on element: By.xpath: //lyte-text[normalize-space()='Leads']
2025-03-01 01:23:34 [main] INFO  com.zoho.pages.HomePage - Navigating to Leads Page.
2025-03-01 01:23:34 [main] INFO  com.zoho.pages.BasePage - Attempting to click on element: By.xpath: //lyte-text[normalize-space()='Leads'] | Attempt: 1
2025-03-01 01:23:35 [main] INFO  com.zoho.pages.BasePage - Successfully clicked on element: By.xpath: //lyte-text[normalize-space()='Leads']
2025-03-01 01:23:35 [main] INFO  com.zoho.pages.CreateLeadPage - Clicking on 'Create Lead' button.
2025-03-01 01:23:35 [main] INFO  com.zoho.pages.BasePage - Attempting to click on element: By.xpath: //button[normalize-space()='Create Lead'] | Attempt: 1
2025-03-01 01:23:36 [main] INFO  com.zoho.pages.BasePage - Successfully clicked on element: By.xpath: //button[normalize-space()='Create Lead']
2025-03-01 01:23:36 [main] INFO  com.zoho.pages.CreateLeadPage - Fetching 'Create Lead' text.
2025-03-01 01:23:38 [main] INFO  com.zoho.base.BaseTest - Completed test execution.
2025-03-01 01:23:38 [main] INFO  com.zoho.base.BaseTest - Starting test: testCreateLeadWithMissingMandatoryFields
2025-03-01 01:23:38 [main] INFO  com.zoho.tests.CreateLeadTest - Initializing page objects.
2025-03-01 01:23:38 [main] INFO  com.zoho.utils.SessionManager - Checking if user session is active...
2025-03-01 01:23:38 [main] INFO  com.zoho.utils.SessionManager - No active session found. Proceeding with login...
2025-03-01 01:23:38 [main] INFO  com.zoho.pages.LoginPage - Navigating to login page and signing in.
2025-03-01 01:23:38 [main] INFO  com.zoho.pages.BasePage - Attempting to click on element: By.xpath: //a[@class='zgh-login'][normalize-space()='Sign In'] | Attempt: 1
2025-03-01 01:28:59 [main] INFO  org.testng.internal.Utils - [TestNG] Running:
  /Users/apple/Library/Caches/JetBrains/IdeaIC2023.2/temp-testng-customsuite.xml

2025-03-01 01:28:59 [main] INFO  com.zoho.base.BaseTest - Initializing WebDriver for test suite...
2025-03-01 01:28:59 [main] INFO  io.github.bonigarcia.wdm.WebDriverManager - Using chromedriver 133.0.6943.141 (resolved driver for Chrome 133)
2025-03-01 01:29:00 [main] INFO  io.github.bonigarcia.wdm.WebDriverManager - Exporting webdriver.chrome.driver as /Users/apple/.cache/selenium/chromedriver/mac64/133.0.6943.141/chromedriver
2025-03-01 01:29:05 [main] INFO  com.zoho.utils.BrowserFactory - Initialized WebDriver for browser: chrome
2025-03-01 01:29:05 [main] INFO  com.zoho.config.ConfigManager - ✅ Config properties loaded successfully.
2025-03-01 01:29:08 [main] INFO  com.zoho.base.BaseTest - Navigated to: https://www.zoho.com/crm/
2025-03-01 01:29:09 [main] INFO  com.zoho.base.BaseTest - Extent Reports initialized at: /Users/apple/IdeaProjects/zoho-web-automation/ZohoCRM_Automation/reports/ExtentReport_20250301_012908.html
2025-03-01 01:29:10 [main] INFO  com.zoho.utils.JsonDataReader - Test data loaded successfully from: src/test/resources/testdata.json
2025-03-01 01:29:10 [main] INFO  com.zoho.base.BaseTest - Starting test: testValidateCreateLeadText
2025-03-01 01:29:10 [main] INFO  com.zoho.tests.CreateLeadTest - Initializing page objects.
2025-03-01 01:29:10 [main] INFO  com.zoho.pages.HomePage - Navigating to Leads Page.
2025-03-01 01:29:10 [main] INFO  com.zoho.pages.BasePage - Attempting to click on element: By.xpath: //lyte-text[normalize-space()='Leads'] | Attempt: 1
2025-03-01 01:31:36 [main] INFO  org.testng.internal.Utils - [TestNG] Running:
  /Users/apple/Library/Caches/JetBrains/IdeaIC2023.2/temp-testng-customsuite.xml

2025-03-01 01:31:36 [main] INFO  com.zoho.base.BaseTest - Initializing WebDriver for test suite...
2025-03-01 01:31:36 [main] INFO  io.github.bonigarcia.wdm.WebDriverManager - Using chromedriver 133.0.6943.141 (resolved driver for Chrome 133)
2025-03-01 01:31:36 [main] INFO  io.github.bonigarcia.wdm.WebDriverManager - Exporting webdriver.chrome.driver as /Users/apple/.cache/selenium/chromedriver/mac64/133.0.6943.141/chromedriver
2025-03-01 01:31:39 [main] INFO  com.zoho.utils.BrowserFactory - Initialized WebDriver for browser: chrome
2025-03-01 01:31:39 [main] INFO  com.zoho.config.ConfigManager - ✅ Config properties loaded successfully.
2025-03-01 01:31:44 [main] INFO  com.zoho.base.BaseTest - Navigated to: https://www.zoho.com/crm/
2025-03-01 01:31:44 [main] INFO  com.zoho.base.BaseTest - Extent Reports initialized at: /Users/apple/IdeaProjects/zoho-web-automation/ZohoCRM_Automation/reports/ExtentReport_20250301_013144.html
2025-03-01 01:31:45 [main] INFO  com.zoho.utils.JsonDataReader - Test data loaded successfully from: src/test/resources/testdata.json
2025-03-01 01:31:45 [main] INFO  com.zoho.base.BaseTest - Starting test: testValidateCreateLeadText
2025-03-01 01:31:45 [main] INFO  com.zoho.tests.CreateLeadTest - Initializing page objects.
2025-03-01 01:31:45 [main] INFO  com.zoho.utils.SessionManager - Checking if user session is active...
2025-03-01 01:31:45 [main] INFO  com.zoho.utils.SessionManager - No active session found. Proceeding with login...
2025-03-01 01:31:45 [main] INFO  com.zoho.pages.LoginPage - Navigating to login page and signing in.
2025-03-01 01:31:45 [main] INFO  com.zoho.pages.BasePage - Attempting to click on element: By.xpath: //a[@class='zgh-login'][normalize-space()='Sign In'] | Attempt: 1
2025-03-01 01:31:46 [main] INFO  com.zoho.pages.BasePage - Successfully clicked on element: By.xpath: //a[@class='zgh-login'][normalize-space()='Sign In']
2025-03-01 01:31:47 [main] INFO  com.zoho.pages.BasePage - Entered text 'zohotestinguser01@gmail.com' in element: By.id: login_id
2025-03-01 01:31:47 [main] INFO  com.zoho.pages.BasePage - Attempting to click on element: By.xpath: //span[normalize-space()='Next'] | Attempt: 1
2025-03-01 01:31:47 [main] INFO  com.zoho.pages.BasePage - Successfully clicked on element: By.xpath: //span[normalize-space()='Next']
2025-03-01 01:31:48 [main] INFO  com.zoho.pages.BasePage - Entered text 'zohouser@123' in element: By.xpath: //input[@id='password']
2025-03-01 01:31:48 [main] INFO  com.zoho.pages.BasePage - Attempting to click on element: By.xpath: //button[@id='nextbtn']//span[contains(text(),'Sign in')] | Attempt: 1
2025-03-01 01:31:48 [main] INFO  com.zoho.pages.BasePage - Successfully clicked on element: By.xpath: //button[@id='nextbtn']//span[contains(text(),'Sign in')]
2025-03-01 01:31:48 [main] INFO  com.zoho.pages.HomePage - Checking if user profile name is displayed.
2025-03-01 01:31:58 [main] ERROR com.zoho.pages.BasePage - Element not displayed: By.xpath: //span[@id='show-uName']
2025-03-01 01:31:58 [main] ERROR com.zoho.utils.SessionManager - Login failed! Unable to detect active session.
2025-03-01 01:31:58 [main] INFO  com.zoho.pages.HomePage - Navigating to Leads Page.
2025-03-01 01:31:58 [main] INFO  com.zoho.pages.BasePage - Attempting to click on element: By.xpath: //lyte-text[normalize-space()='Leads'] | Attempt: 1
2025-03-01 01:31:59 [main] INFO  com.zoho.pages.BasePage - Successfully clicked on element: By.xpath: //lyte-text[normalize-space()='Leads']
2025-03-01 01:31:59 [main] INFO  com.zoho.pages.HomePage - Navigating to Leads Page.
2025-03-01 01:31:59 [main] INFO  com.zoho.pages.BasePage - Attempting to click on element: By.xpath: //lyte-text[normalize-space()='Leads'] | Attempt: 1
2025-03-01 01:32:00 [main] INFO  com.zoho.pages.BasePage - Successfully clicked on element: By.xpath: //lyte-text[normalize-space()='Leads']
2025-03-01 01:32:00 [main] INFO  com.zoho.pages.CreateLeadPage - Clicking on 'Create Lead' button.
2025-03-01 01:32:00 [main] INFO  com.zoho.pages.BasePage - Attempting to click on element: By.xpath: //button[normalize-space()='Create Lead'] | Attempt: 1
2025-03-01 01:32:02 [main] INFO  com.zoho.pages.BasePage - Successfully clicked on element: By.xpath: //button[normalize-space()='Create Lead']
2025-03-01 01:32:02 [main] INFO  com.zoho.pages.CreateLeadPage - Fetching 'Create Lead' text.
2025-03-01 01:32:04 [main] INFO  com.zoho.base.BaseTest - Completed test execution.
2025-03-01 01:32:04 [main] INFO  com.zoho.base.BaseTest - Starting test: testCreateLeadWithMissingMandatoryFields
2025-03-01 01:32:04 [main] INFO  com.zoho.tests.CreateLeadTest - Initializing page objects.
2025-03-01 01:32:04 [main] INFO  com.zoho.utils.SessionManager - Checking if user session is active...
2025-03-01 01:32:04 [main] INFO  com.zoho.utils.SessionManager - No active session found. Proceeding with login...
2025-03-01 01:32:04 [main] INFO  com.zoho.pages.LoginPage - Navigating to login page and signing in.
2025-03-01 01:32:04 [main] INFO  com.zoho.pages.BasePage - Attempting to click on element: By.xpath: //a[@class='zgh-login'][normalize-space()='Sign In'] | Attempt: 1
2025-03-01 01:48:20 [main] INFO  org.testng.internal.Utils - [TestNG] Running:
  /Users/apple/Library/Caches/JetBrains/IdeaIC2023.2/temp-testng-customsuite.xml

2025-03-01 01:48:20 [main] INFO  com.zoho.base.BaseTest - Initializing WebDriver for test suite...
2025-03-01 01:48:21 [main] INFO  io.github.bonigarcia.wdm.WebDriverManager - Using chromedriver 133.0.6943.141 (resolved driver for Chrome 133)
2025-03-01 01:48:21 [main] INFO  io.github.bonigarcia.wdm.WebDriverManager - Exporting webdriver.chrome.driver as /Users/apple/.cache/selenium/chromedriver/mac64/133.0.6943.141/chromedriver
2025-03-01 01:48:25 [main] INFO  com.zoho.utils.BrowserFactory - Initialized WebDriver for browser: chrome
2025-03-01 01:48:25 [main] INFO  com.zoho.config.ConfigManager - ✅ Config properties loaded successfully.
2025-03-01 01:48:30 [main] INFO  com.zoho.base.BaseTest - Navigated to: https://www.zoho.com/crm/
2025-03-01 01:48:31 [main] INFO  com.zoho.base.BaseTest - Extent Reports initialized at: /Users/apple/IdeaProjects/zoho-web-automation/ZohoCRM_Automation/reports/ExtentReport_20250301_014830.html
2025-03-01 01:48:31 [main] INFO  com.zoho.utils.JsonDataReader - Test data loaded successfully from: src/test/resources/testdata.json
2025-03-01 01:48:31 [main] INFO  com.zoho.base.BaseTest - Starting test: testValidateCreateLeadText
2025-03-01 01:48:31 [main] INFO  com.zoho.utils.SessionManager - Checking if user session is active...
2025-03-01 01:48:31 [main] INFO  com.zoho.utils.SessionManager - No active session found or user is on the login page. Proceeding with login...
2025-03-01 01:48:31 [main] INFO  com.zoho.pages.LoginPage - Navigating to login page and signing in.
2025-03-01 01:48:31 [main] INFO  com.zoho.pages.BasePage - Attempting to click on element: By.xpath: //a[@class='zgh-login'][normalize-space()='Sign In'] | Attempt: 1
2025-03-01 01:48:32 [main] INFO  com.zoho.pages.BasePage - Successfully clicked on element: By.xpath: //a[@class='zgh-login'][normalize-space()='Sign In']
2025-03-01 01:48:34 [main] INFO  com.zoho.pages.BasePage - Entered text 'zohotestinguser01@gmail.com' in element: By.id: login_id
2025-03-01 01:48:34 [main] INFO  com.zoho.pages.BasePage - Attempting to click on element: By.xpath: //span[normalize-space()='Next'] | Attempt: 1
2025-03-01 01:48:34 [main] INFO  com.zoho.pages.BasePage - Successfully clicked on element: By.xpath: //span[normalize-space()='Next']
2025-03-01 01:48:34 [main] INFO  com.zoho.pages.BasePage - Entered text 'zohouser@123' in element: By.xpath: //input[@id='password']
2025-03-01 01:48:34 [main] INFO  com.zoho.pages.BasePage - Attempting to click on element: By.xpath: //button[@id='nextbtn']//span[contains(text(),'Sign in')] | Attempt: 1
2025-03-01 01:48:34 [main] INFO  com.zoho.pages.BasePage - Successfully clicked on element: By.xpath: //button[@id='nextbtn']//span[contains(text(),'Sign in')]
2025-03-01 01:48:34 [main] INFO  com.zoho.pages.HomePage - Checking if user profile name is displayed.
2025-03-01 01:49:01 [main] ERROR com.zoho.pages.BasePage - Element not displayed: By.xpath: //span[@id='show-uName']
2025-03-01 01:49:01 [main] ERROR com.zoho.utils.SessionManager - Login failed! Unable to detect active session.
2025-03-01 01:49:01 [main] INFO  com.zoho.tests.CreateLeadTest - Initializing page objects.
2025-03-01 01:49:01 [main] INFO  com.zoho.utils.SessionManager - Checking if user session is active...
2025-03-01 01:49:01 [main] INFO  com.zoho.utils.SessionManager - No active session found or user is on the login page. Proceeding with login...
2025-03-01 01:49:01 [main] INFO  com.zoho.pages.LoginPage - Navigating to login page and signing in.
2025-03-01 01:49:01 [main] INFO  com.zoho.pages.BasePage - Attempting to click on element: By.xpath: //a[@class='zgh-login'][normalize-space()='Sign In'] | Attempt: 1
2025-03-01 01:50:17 [main] INFO  org.testng.internal.Utils - [TestNG] Running:
  /Users/apple/Library/Caches/JetBrains/IdeaIC2023.2/temp-testng-customsuite.xml

2025-03-01 01:50:17 [main] INFO  com.zoho.base.BaseTest - Initializing WebDriver for test suite...
2025-03-01 01:50:18 [main] INFO  io.github.bonigarcia.wdm.WebDriverManager - Using chromedriver 133.0.6943.141 (resolved driver for Chrome 133)
2025-03-01 01:50:18 [main] INFO  io.github.bonigarcia.wdm.WebDriverManager - Exporting webdriver.chrome.driver as /Users/apple/.cache/selenium/chromedriver/mac64/133.0.6943.141/chromedriver
2025-03-01 01:50:20 [main] INFO  com.zoho.utils.BrowserFactory - Initialized WebDriver for browser: chrome
2025-03-01 01:50:20 [main] INFO  com.zoho.config.ConfigManager - ✅ Config properties loaded successfully.
2025-03-01 01:50:24 [main] INFO  com.zoho.base.BaseTest - Navigated to: https://www.zoho.com/crm/
2025-03-01 01:50:24 [main] INFO  com.zoho.base.BaseTest - Extent Reports initialized at: /Users/apple/IdeaProjects/zoho-web-automation/ZohoCRM_Automation/reports/ExtentReport_20250301_015024.html
2025-03-01 01:50:25 [main] INFO  com.zoho.utils.JsonDataReader - Test data loaded successfully from: src/test/resources/testdata.json
2025-03-01 01:50:25 [main] INFO  com.zoho.base.BaseTest - Starting test: testValidateCreateLeadText
2025-03-01 01:50:25 [main] INFO  com.zoho.utils.SessionManager - Checking if user session is active...
2025-03-01 01:50:25 [main] INFO  com.zoho.utils.SessionManager - No active session found or user is on the login page. Proceeding with login...
2025-03-01 01:50:25 [main] INFO  com.zoho.pages.LoginPage - Navigating to login page and signing in.
2025-03-01 01:50:25 [main] INFO  com.zoho.pages.BasePage - Attempting to click on element: By.xpath: //a[@class='zgh-login'][normalize-space()='Sign In'] | Attempt: 1
2025-03-01 01:50:26 [main] INFO  com.zoho.pages.BasePage - Successfully clicked on element: By.xpath: //a[@class='zgh-login'][normalize-space()='Sign In']
2025-03-01 01:50:27 [main] INFO  com.zoho.pages.BasePage - Entered text 'zohotestinguser01@gmail.com' in element: By.id: login_id
2025-03-01 01:50:27 [main] INFO  com.zoho.pages.BasePage - Attempting to click on element: By.xpath: //span[normalize-space()='Next'] | Attempt: 1
2025-03-01 01:50:27 [main] INFO  com.zoho.pages.BasePage - Successfully clicked on element: By.xpath: //span[normalize-space()='Next']
2025-03-01 01:50:27 [main] INFO  com.zoho.pages.BasePage - Entered text 'zohouser@123' in element: By.xpath: //input[@id='password']
2025-03-01 01:50:27 [main] INFO  com.zoho.pages.BasePage - Attempting to click on element: By.xpath: //button[@id='nextbtn']//span[contains(text(),'Sign in')] | Attempt: 1
2025-03-01 01:50:28 [main] INFO  com.zoho.pages.BasePage - Successfully clicked on element: By.xpath: //button[@id='nextbtn']//span[contains(text(),'Sign in')]
2025-03-01 01:50:28 [main] INFO  com.zoho.pages.HomePage - Checking if user profile name is displayed.
2025-03-01 01:50:38 [main] ERROR com.zoho.pages.BasePage - Element not displayed: By.xpath: //span[@id='show-uName']
2025-03-01 01:50:38 [main] ERROR com.zoho.utils.SessionManager - Login failed! Unable to detect active session.
2025-03-01 01:50:38 [main] INFO  com.zoho.tests.CreateLeadTest - Initializing page objects.
2025-03-01 01:50:38 [main] INFO  com.zoho.utils.SessionManager - Checking if user session is active...
2025-03-01 01:50:38 [main] INFO  com.zoho.utils.SessionManager - No active session found or user is on the login page. Proceeding with login...
2025-03-01 01:50:38 [main] INFO  com.zoho.pages.LoginPage - Navigating to login page and signing in.
2025-03-01 01:50:38 [main] INFO  com.zoho.pages.BasePage - Attempting to click on element: By.xpath: //a[@class='zgh-login'][normalize-space()='Sign In'] | Attempt: 1
2025-03-01 01:50:57 [main] INFO  org.testng.internal.Utils - [TestNG] Running:
  /Users/apple/Library/Caches/JetBrains/IdeaIC2023.2/temp-testng-customsuite.xml

2025-03-01 01:50:57 [main] INFO  com.zoho.base.BaseTest - Initializing WebDriver for test suite...
2025-03-01 01:50:58 [main] INFO  io.github.bonigarcia.wdm.WebDriverManager - Using chromedriver 133.0.6943.141 (resolved driver for Chrome 133)
2025-03-01 01:50:58 [main] INFO  io.github.bonigarcia.wdm.WebDriverManager - Exporting webdriver.chrome.driver as /Users/apple/.cache/selenium/chromedriver/mac64/133.0.6943.141/chromedriver
2025-03-01 01:51:01 [main] INFO  com.zoho.utils.BrowserFactory - Initialized WebDriver for browser: chrome
2025-03-01 01:51:01 [main] INFO  com.zoho.config.ConfigManager - ✅ Config properties loaded successfully.
2025-03-01 01:51:04 [main] INFO  com.zoho.base.BaseTest - Navigated to: https://www.zoho.com/crm/
2025-03-01 01:51:04 [main] INFO  com.zoho.base.BaseTest - Extent Reports initialized at: /Users/apple/IdeaProjects/zoho-web-automation/ZohoCRM_Automation/reports/ExtentReport_20250301_015104.html
2025-03-01 01:51:05 [main] INFO  com.zoho.utils.JsonDataReader - Test data loaded successfully from: src/test/resources/testdata.json
2025-03-01 01:51:05 [main] INFO  com.zoho.base.BaseTest - Starting test: testValidateCreateLeadText
2025-03-01 01:51:05 [main] INFO  com.zoho.utils.SessionManager - Checking if user session is active...
2025-03-01 01:51:05 [main] INFO  com.zoho.utils.SessionManager - No active session found or user is on the login page. Proceeding with login...
2025-03-01 01:51:05 [main] INFO  com.zoho.pages.LoginPage - Navigating to login page and signing in.
2025-03-01 01:51:05 [main] INFO  com.zoho.pages.BasePage - Attempting to click on element: By.xpath: //a[@class='zgh-login'][normalize-space()='Sign In'] | Attempt: 1
2025-03-01 01:51:06 [main] INFO  com.zoho.pages.BasePage - Successfully clicked on element: By.xpath: //a[@class='zgh-login'][normalize-space()='Sign In']
2025-03-01 01:51:07 [main] INFO  com.zoho.pages.BasePage - Entered text 'zohotestinguser02@gmail.com' in element: By.id: login_id
2025-03-01 01:51:07 [main] INFO  com.zoho.pages.BasePage - Attempting to click on element: By.xpath: //span[normalize-space()='Next'] | Attempt: 1
2025-03-01 01:51:08 [main] INFO  com.zoho.pages.BasePage - Successfully clicked on element: By.xpath: //span[normalize-space()='Next']
2025-03-01 01:51:08 [main] INFO  com.zoho.pages.BasePage - Entered text 'zohouser@123' in element: By.xpath: //input[@id='password']
2025-03-01 01:51:08 [main] INFO  com.zoho.pages.BasePage - Attempting to click on element: By.xpath: //button[@id='nextbtn']//span[contains(text(),'Sign in')] | Attempt: 1
2025-03-01 01:51:08 [main] INFO  com.zoho.pages.BasePage - Successfully clicked on element: By.xpath: //button[@id='nextbtn']//span[contains(text(),'Sign in')]
2025-03-01 01:51:08 [main] INFO  com.zoho.pages.HomePage - Checking if user profile name is displayed.
2025-03-01 01:51:18 [main] ERROR com.zoho.pages.BasePage - Element not displayed: By.xpath: //span[@id='show-uName']
2025-03-01 01:51:18 [main] ERROR com.zoho.utils.SessionManager - Login failed! Unable to detect active session.
2025-03-01 01:51:18 [main] INFO  com.zoho.tests.CreateLeadTest - Initializing page objects.
2025-03-01 01:51:18 [main] INFO  com.zoho.utils.SessionManager - Checking if user session is active...
2025-03-01 01:51:18 [main] INFO  com.zoho.utils.SessionManager - No active session found or user is on the login page. Proceeding with login...
2025-03-01 01:51:18 [main] INFO  com.zoho.pages.LoginPage - Navigating to login page and signing in.
2025-03-01 01:51:18 [main] INFO  com.zoho.pages.BasePage - Attempting to click on element: By.xpath: //a[@class='zgh-login'][normalize-space()='Sign In'] | Attempt: 1
2025-03-01 01:52:52 [main] INFO  org.testng.internal.Utils - [TestNG] Running:
  /Users/apple/Library/Caches/JetBrains/IdeaIC2023.2/temp-testng-customsuite.xml

2025-03-01 01:52:52 [main] INFO  com.zoho.base.BaseTest - Initializing WebDriver for test suite...
2025-03-01 01:52:53 [main] INFO  io.github.bonigarcia.wdm.WebDriverManager - Using chromedriver 133.0.6943.141 (resolved driver for Chrome 133)
2025-03-01 01:52:53 [main] INFO  io.github.bonigarcia.wdm.WebDriverManager - Exporting webdriver.chrome.driver as /Users/apple/.cache/selenium/chromedriver/mac64/133.0.6943.141/chromedriver
2025-03-01 01:52:54 [main] INFO  com.zoho.utils.BrowserFactory - Initialized WebDriver for browser: chrome
2025-03-01 01:52:55 [main] INFO  com.zoho.config.ConfigManager - ✅ Config properties loaded successfully.
2025-03-01 01:52:58 [main] INFO  com.zoho.base.BaseTest - Navigated to: https://www.zoho.com/crm/
2025-03-01 01:52:58 [main] INFO  com.zoho.base.BaseTest - Extent Reports initialized at: /Users/apple/IdeaProjects/zoho-web-automation/ZohoCRM_Automation/reports/ExtentReport_20250301_015258.html
2025-03-01 01:52:58 [main] INFO  com.zoho.utils.JsonDataReader - Test data loaded successfully from: src/test/resources/testdata.json
2025-03-01 01:52:58 [main] INFO  com.zoho.base.BaseTest - Starting test: testValidateCreateLeadText
2025-03-01 01:52:58 [main] INFO  com.zoho.utils.SessionManager - Checking if user session is active...
2025-03-01 01:52:58 [main] INFO  com.zoho.utils.SessionManager - No active session found or user is on the login page. Proceeding with login...
2025-03-01 01:52:58 [main] INFO  com.zoho.pages.LoginPage - Navigating to login page and signing in.
2025-03-01 01:52:58 [main] INFO  com.zoho.pages.BasePage - Attempting to click on element: By.xpath: //a[@class='zgh-login'][normalize-space()='Sign In'] | Attempt: 1
2025-03-01 01:52:59 [main] INFO  com.zoho.pages.BasePage - Successfully clicked on element: By.xpath: //a[@class='zgh-login'][normalize-space()='Sign In']
2025-03-01 01:53:01 [main] INFO  com.zoho.pages.BasePage - Entered text 'zohotestinguser02@gmail.com' in element: By.id: login_id
2025-03-01 01:53:01 [main] INFO  com.zoho.pages.BasePage - Attempting to click on element: By.xpath: //span[normalize-space()='Next'] | Attempt: 1
2025-03-01 01:53:01 [main] INFO  com.zoho.pages.BasePage - Successfully clicked on element: By.xpath: //span[normalize-space()='Next']
2025-03-01 01:53:01 [main] INFO  com.zoho.pages.BasePage - Entered text 'zohouser@123' in element: By.xpath: //input[@id='password']
2025-03-01 01:53:01 [main] INFO  com.zoho.pages.BasePage - Attempting to click on element: By.xpath: //button[@id='nextbtn']//span[contains(text(),'Sign in')] | Attempt: 1
2025-03-01 01:53:01 [main] INFO  com.zoho.pages.BasePage - Successfully clicked on element: By.xpath: //button[@id='nextbtn']//span[contains(text(),'Sign in')]
2025-03-01 01:53:01 [main] INFO  com.zoho.pages.HomePage - Checking if user profile name is displayed.
2025-03-01 01:53:19 [main] INFO  com.zoho.pages.BasePage - Element displayed: By.xpath: //span[@id='show-uName'] - true
2025-03-01 01:53:19 [main] INFO  com.zoho.utils.SessionManager - User successfully logged in.
2025-03-01 01:53:19 [main] INFO  com.zoho.tests.CreateLeadTest - Initializing page objects.
2025-03-01 01:53:19 [main] INFO  com.zoho.utils.SessionManager - Checking if user session is active...
2025-03-01 01:53:19 [main] INFO  com.zoho.pages.HomePage - Checking if user profile name is displayed.
2025-03-01 01:53:19 [main] INFO  com.zoho.pages.BasePage - Element displayed: By.xpath: //span[@id='show-uName'] - true
2025-03-01 01:53:19 [main] INFO  com.zoho.utils.SessionManager - User session is already active. No need to log in again.
2025-03-01 01:53:19 [main] INFO  com.zoho.pages.HomePage - Navigating to Leads Page.
2025-03-01 01:53:19 [main] INFO  com.zoho.pages.BasePage - Attempting to click on element: By.xpath: //lyte-text[normalize-space()='Leads'] | Attempt: 1
2025-03-01 01:53:20 [main] INFO  com.zoho.pages.BasePage - Successfully clicked on element: By.xpath: //lyte-text[normalize-space()='Leads']
2025-03-01 01:53:20 [main] INFO  com.zoho.pages.HomePage - Navigating to Leads Page.
2025-03-01 01:53:20 [main] INFO  com.zoho.pages.BasePage - Attempting to click on element: By.xpath: //lyte-text[normalize-space()='Leads'] | Attempt: 1
2025-03-01 01:53:23 [main] INFO  com.zoho.pages.BasePage - Successfully clicked on element: By.xpath: //lyte-text[normalize-space()='Leads']
2025-03-01 01:53:23 [main] INFO  com.zoho.pages.CreateLeadPage - Clicking on 'Create Lead' button.
2025-03-01 01:53:23 [main] INFO  com.zoho.pages.BasePage - Attempting to click on element: By.xpath: //button[normalize-space()='Create Lead'] | Attempt: 1
2025-03-01 01:53:24 [main] INFO  com.zoho.pages.BasePage - Successfully clicked on element: By.xpath: //button[normalize-space()='Create Lead']
2025-03-01 01:53:24 [main] INFO  com.zoho.pages.CreateLeadPage - Fetching 'Create Lead' text.
2025-03-01 01:53:26 [main] INFO  com.zoho.base.BaseTest - Completed test execution.
2025-03-01 01:53:26 [main] INFO  com.zoho.base.BaseTest - Starting test: testCreateLeadWithMissingMandatoryFields
2025-03-01 01:53:26 [main] INFO  com.zoho.utils.SessionManager - Checking if user session is active...
2025-03-01 01:53:26 [main] INFO  com.zoho.pages.HomePage - Checking if user profile name is displayed.
2025-03-01 01:53:36 [main] ERROR com.zoho.pages.BasePage - Element not displayed: By.xpath: //span[@id='show-uName']
2025-03-01 01:53:36 [main] INFO  com.zoho.utils.SessionManager - No active session found or user is on the login page. Proceeding with login...
2025-03-01 01:53:36 [main] INFO  com.zoho.pages.LoginPage - Navigating to login page and signing in.
2025-03-01 01:53:36 [main] INFO  com.zoho.pages.BasePage - Attempting to click on element: By.xpath: //a[@class='zgh-login'][normalize-space()='Sign In'] | Attempt: 1
2025-03-01 02:03:41 [main] INFO  org.testng.internal.Utils - [TestNG] Running:
  /Users/apple/Library/Caches/JetBrains/IdeaIC2023.2/temp-testng-customsuite.xml

2025-03-01 02:03:41 [main] INFO  com.zoho.base.BaseTest - Initializing WebDriver for test suite...
2025-03-01 02:03:42 [main] INFO  io.github.bonigarcia.wdm.WebDriverManager - Using chromedriver 133.0.6943.141 (resolved driver for Chrome 133)
2025-03-01 02:03:42 [main] INFO  io.github.bonigarcia.wdm.WebDriverManager - Exporting webdriver.chrome.driver as /Users/apple/.cache/selenium/chromedriver/mac64/133.0.6943.141/chromedriver
2025-03-01 02:03:46 [main] INFO  com.zoho.utils.BrowserFactory - Initialized WebDriver for browser: chrome
2025-03-01 02:03:46 [main] INFO  com.zoho.config.ConfigManager - ✅ Config properties loaded successfully.
2025-03-01 02:03:48 [main] INFO  com.zoho.base.BaseTest - Navigated to: https://www.zoho.com/crm/
2025-03-01 02:03:49 [main] INFO  com.zoho.base.BaseTest - Extent Reports initialized at: /Users/apple/IdeaProjects/zoho-web-automation/ZohoCRM_Automation/reports/ExtentReport_20250301_020348.html
2025-03-01 02:03:49 [main] INFO  com.zoho.utils.JsonDataReader - Test data loaded successfully from: src/test/resources/testdata.json
2025-03-01 02:03:49 [main] INFO  com.zoho.base.BaseTest - Starting test: testValidateCreateLeadText
2025-03-01 02:03:49 [main] INFO  com.zoho.utils.SessionManager - Checking if user session is active...
2025-03-01 02:03:49 [main] INFO  com.zoho.utils.SessionManager - No active session found or user is on the login page. Proceeding with login...
2025-03-01 02:03:49 [main] INFO  com.zoho.pages.LoginPage - Navigating to login page and signing in.
2025-03-01 02:03:49 [main] INFO  com.zoho.pages.BasePage - Attempting to click on element: By.xpath: //a[@class='zgh-login'][normalize-space()='Sign In'] | Attempt: 1
2025-03-01 02:03:51 [main] INFO  com.zoho.pages.BasePage - Successfully clicked on element: By.xpath: //a[@class='zgh-login'][normalize-space()='Sign In']
2025-03-01 02:03:52 [main] INFO  com.zoho.pages.BasePage - Entered text 'zohotestinguser02@gmail.com' in element: By.id: login_id
2025-03-01 02:03:52 [main] INFO  com.zoho.pages.BasePage - Attempting to click on element: By.xpath: //span[normalize-space()='Next'] | Attempt: 1
2025-03-01 02:03:52 [main] INFO  com.zoho.pages.BasePage - Successfully clicked on element: By.xpath: //span[normalize-space()='Next']
2025-03-01 02:03:53 [main] INFO  com.zoho.pages.BasePage - Entered text 'zohouser@123' in element: By.xpath: //input[@id='password']
2025-03-01 02:03:53 [main] INFO  com.zoho.pages.BasePage - Attempting to click on element: By.xpath: //button[@id='nextbtn']//span[contains(text(),'Sign in')] | Attempt: 1
2025-03-01 02:03:53 [main] INFO  com.zoho.pages.BasePage - Successfully clicked on element: By.xpath: //button[@id='nextbtn']//span[contains(text(),'Sign in')]
2025-03-01 02:03:53 [main] INFO  com.zoho.pages.HomePage - Checking if user profile name is displayed.
2025-03-01 02:04:20 [main] ERROR com.zoho.pages.BasePage - Element not displayed: By.xpath: //span[@id='show-uName']
2025-03-01 02:04:20 [main] ERROR com.zoho.utils.SessionManager - Login failed! Unable to detect active session.
2025-03-01 02:04:20 [main] INFO  com.zoho.tests.CreateLeadTest - Initializing page objects.
2025-03-01 02:04:20 [main] INFO  com.zoho.utils.SessionManager - Checking if user session is active...
2025-03-01 02:04:20 [main] INFO  com.zoho.utils.SessionManager - No active session found or user is on the login page. Proceeding with login...
2025-03-01 02:04:20 [main] INFO  com.zoho.pages.LoginPage - Navigating to login page and signing in.
2025-03-01 02:04:20 [main] INFO  com.zoho.pages.BasePage - Attempting to click on element: By.xpath: //a[@class='zgh-login'][normalize-space()='Sign In'] | Attempt: 1
2025-03-01 02:16:27 [main] INFO  org.testng.internal.Utils - [TestNG] Running:
  /Users/apple/Library/Caches/JetBrains/IdeaIC2023.2/temp-testng-customsuite.xml

2025-03-01 02:16:27 [main] INFO  com.zoho.base.BaseTest - Initializing Extent Reports for test suite...
2025-03-01 02:16:27 [main] INFO  com.zoho.base.BaseTest - Extent Reports initialized at: /Users/apple/IdeaProjects/zoho-web-automation/ZohoCRM_Automation/reports/ExtentReport_20250301_021627.html
2025-03-01 02:16:27 [main] INFO  com.zoho.utils.JsonDataReader - Test data loaded successfully from: src/test/resources/testdata.json
2025-03-01 02:16:27 [main] INFO  com.zoho.base.BaseTest - Starting test: testValidateCreateLeadText
2025-03-01 02:16:28 [main] INFO  io.github.bonigarcia.wdm.WebDriverManager - Using chromedriver 133.0.6943.141 (resolved driver for Chrome 133)
2025-03-01 02:16:28 [main] INFO  io.github.bonigarcia.wdm.WebDriverManager - Exporting webdriver.chrome.driver as /Users/apple/.cache/selenium/chromedriver/mac64/133.0.6943.141/chromedriver
2025-03-01 02:16:30 [main] INFO  com.zoho.utils.BrowserFactory - Initialized WebDriver for browser: chrome
2025-03-01 02:16:30 [main] INFO  com.zoho.config.ConfigManager - ✅ Config properties loaded successfully.
2025-03-01 02:16:33 [main] INFO  com.zoho.base.BaseTest - Navigated to: https://www.zoho.com/crm/
2025-03-01 02:16:33 [main] INFO  com.zoho.utils.SessionManager - Checking if user session is active...
2025-03-01 02:16:33 [main] INFO  com.zoho.utils.SessionManager - No active session found or user is on the login page. Proceeding with login...
2025-03-01 02:16:33 [main] INFO  com.zoho.pages.LoginPage - Navigating to login page and signing in.
2025-03-01 02:16:33 [main] INFO  com.zoho.pages.BasePage - Attempting to click on element: By.xpath: //a[@class='zgh-login'][normalize-space()='Sign In'] | Attempt: 1
2025-03-01 02:16:34 [main] INFO  com.zoho.pages.BasePage - Successfully clicked on element: By.xpath: //a[@class='zgh-login'][normalize-space()='Sign In']
2025-03-01 02:16:36 [main] INFO  com.zoho.pages.BasePage - Entered text 'zohotestinguser02@gmail.com' in element: By.id: login_id
2025-03-01 02:16:36 [main] INFO  com.zoho.pages.BasePage - Attempting to click on element: By.xpath: //span[normalize-space()='Next'] | Attempt: 1
2025-03-01 02:16:36 [main] INFO  com.zoho.pages.BasePage - Successfully clicked on element: By.xpath: //span[normalize-space()='Next']
2025-03-01 02:16:36 [main] INFO  com.zoho.pages.BasePage - Entered text 'zohouser@123' in element: By.xpath: //input[@id='password']
2025-03-01 02:16:36 [main] INFO  com.zoho.pages.BasePage - Attempting to click on element: By.xpath: //button[@id='nextbtn']//span[contains(text(),'Sign in')] | Attempt: 1
2025-03-01 02:16:36 [main] INFO  com.zoho.pages.BasePage - Successfully clicked on element: By.xpath: //button[@id='nextbtn']//span[contains(text(),'Sign in')]
2025-03-01 02:16:36 [main] INFO  com.zoho.pages.HomePage - Checking if user profile name is displayed.
2025-03-01 02:16:46 [main] ERROR com.zoho.pages.BasePage - Element not displayed: By.xpath: //span[@id='show-uName']
2025-03-01 02:16:46 [main] ERROR com.zoho.utils.SessionManager - Login failed! Unable to detect active session.
2025-03-01 02:16:46 [main] INFO  com.zoho.pages.HomePage - Navigating to Leads Page.
2025-03-01 02:16:46 [main] INFO  com.zoho.pages.BasePage - Attempting to click on element: By.xpath: //lyte-text[normalize-space()='Leads'] | Attempt: 1
2025-03-01 02:16:47 [main] INFO  com.zoho.pages.BasePage - Successfully clicked on element: By.xpath: //lyte-text[normalize-space()='Leads']
2025-03-01 02:16:47 [main] INFO  com.zoho.base.BaseTest - Closing browser after test execution.
2025-03-01 02:16:47 [main] INFO  com.zoho.utils.BrowserFactory - Browser session closed successfully.
2025-03-01 02:16:47 [main] INFO  com.zoho.base.BaseTest - Starting test: testCreateLeadWithMissingMandatoryFields
2025-03-01 02:16:47 [main] INFO  io.github.bonigarcia.wdm.WebDriverManager - Using chromedriver 133.0.6943.141 (resolved driver for Chrome 133)
2025-03-01 02:16:47 [main] INFO  io.github.bonigarcia.wdm.WebDriverManager - Exporting webdriver.chrome.driver as /Users/apple/.cache/selenium/chromedriver/mac64/133.0.6943.141/chromedriver
2025-03-01 02:16:49 [main] INFO  com.zoho.utils.BrowserFactory - Initialized WebDriver for browser: chrome
2025-03-01 02:16:53 [main] INFO  com.zoho.base.BaseTest - Navigated to: https://www.zoho.com/crm/
2025-03-01 02:16:53 [main] INFO  com.zoho.utils.SessionManager - Checking if user session is active...
2025-03-01 02:16:53 [main] INFO  com.zoho.utils.SessionManager - No active session found or user is on the login page. Proceeding with login...
2025-03-01 02:16:53 [main] INFO  com.zoho.pages.LoginPage - Navigating to login page and signing in.
2025-03-01 02:16:53 [main] INFO  com.zoho.pages.BasePage - Attempting to click on element: By.xpath: //a[@class='zgh-login'][normalize-space()='Sign In'] | Attempt: 1
2025-03-01 02:16:54 [main] INFO  com.zoho.pages.BasePage - Successfully clicked on element: By.xpath: //a[@class='zgh-login'][normalize-space()='Sign In']
2025-03-01 02:16:55 [main] INFO  com.zoho.pages.BasePage - Entered text 'zohotestinguser02@gmail.com' in element: By.id: login_id
2025-03-01 02:16:55 [main] INFO  com.zoho.pages.BasePage - Attempting to click on element: By.xpath: //span[normalize-space()='Next'] | Attempt: 1
2025-03-01 02:16:55 [main] INFO  com.zoho.pages.BasePage - Successfully clicked on element: By.xpath: //span[normalize-space()='Next']
2025-03-01 02:16:55 [main] INFO  com.zoho.pages.BasePage - Entered text 'zohouser@123' in element: By.xpath: //input[@id='password']
2025-03-01 02:16:55 [main] INFO  com.zoho.pages.BasePage - Attempting to click on element: By.xpath: //button[@id='nextbtn']//span[contains(text(),'Sign in')] | Attempt: 1
2025-03-01 02:16:56 [main] INFO  com.zoho.pages.BasePage - Successfully clicked on element: By.xpath: //button[@id='nextbtn']//span[contains(text(),'Sign in')]
2025-03-01 02:16:56 [main] INFO  com.zoho.pages.HomePage - Checking if user profile name is displayed.
2025-03-01 02:17:06 [main] ERROR com.zoho.pages.BasePage - Element not displayed: By.xpath: //span[@id='show-uName']
2025-03-01 02:17:06 [main] ERROR com.zoho.utils.SessionManager - Login failed! Unable to detect active session.
2025-03-01 02:17:06 [main] INFO  com.zoho.pages.HomePage - Navigating to Leads Page.
2025-03-01 02:17:06 [main] INFO  com.zoho.pages.BasePage - Attempting to click on element: By.xpath: //lyte-text[normalize-space()='Leads'] | Attempt: 1
2025-03-01 02:17:06 [main] INFO  com.zoho.pages.BasePage - Successfully clicked on element: By.xpath: //lyte-text[normalize-space()='Leads']
2025-03-01 02:17:06 [main] INFO  com.zoho.base.BaseTest - Closing browser after test execution.
2025-03-01 02:17:06 [main] INFO  com.zoho.utils.BrowserFactory - Browser session closed successfully.
2025-03-01 02:17:06 [main] INFO  com.zoho.base.BaseTest - Starting test: testCreateLeadWithInvalidEmailFormat
2025-03-01 02:17:06 [main] INFO  io.github.bonigarcia.wdm.WebDriverManager - Using chromedriver 133.0.6943.141 (resolved driver for Chrome 133)
2025-03-01 02:17:06 [main] INFO  io.github.bonigarcia.wdm.WebDriverManager - Exporting webdriver.chrome.driver as /Users/apple/.cache/selenium/chromedriver/mac64/133.0.6943.141/chromedriver
2025-03-01 02:17:08 [main] INFO  com.zoho.utils.BrowserFactory - Initialized WebDriver for browser: chrome
2025-03-01 02:17:12 [main] INFO  com.zoho.base.BaseTest - Navigated to: https://www.zoho.com/crm/
2025-03-01 02:17:12 [main] INFO  com.zoho.utils.SessionManager - Checking if user session is active...
2025-03-01 02:17:12 [main] INFO  com.zoho.utils.SessionManager - No active session found or user is on the login page. Proceeding with login...
2025-03-01 02:17:12 [main] INFO  com.zoho.pages.LoginPage - Navigating to login page and signing in.
2025-03-01 02:17:12 [main] INFO  com.zoho.pages.BasePage - Attempting to click on element: By.xpath: //a[@class='zgh-login'][normalize-space()='Sign In'] | Attempt: 1
2025-03-01 02:17:13 [main] INFO  com.zoho.pages.BasePage - Successfully clicked on element: By.xpath: //a[@class='zgh-login'][normalize-space()='Sign In']
2025-03-01 02:17:14 [main] INFO  com.zoho.pages.BasePage - Entered text 'zohotestinguser02@gmail.com' in element: By.id: login_id
2025-03-01 02:17:14 [main] INFO  com.zoho.pages.BasePage - Attempting to click on element: By.xpath: //span[normalize-space()='Next'] | Attempt: 1
2025-03-01 02:17:14 [main] INFO  com.zoho.pages.BasePage - Successfully clicked on element: By.xpath: //span[normalize-space()='Next']
2025-03-01 02:17:15 [main] INFO  com.zoho.pages.BasePage - Entered text 'zohouser@123' in element: By.xpath: //input[@id='password']
2025-03-01 02:17:15 [main] INFO  com.zoho.pages.BasePage - Attempting to click on element: By.xpath: //button[@id='nextbtn']//span[contains(text(),'Sign in')] | Attempt: 1
2025-03-01 02:17:15 [main] INFO  com.zoho.pages.BasePage - Successfully clicked on element: By.xpath: //button[@id='nextbtn']//span[contains(text(),'Sign in')]
2025-03-01 02:17:15 [main] INFO  com.zoho.pages.HomePage - Checking if user profile name is displayed.
2025-03-01 02:17:43 [main] ERROR com.zoho.pages.BasePage - Element not displayed: By.xpath: //span[@id='show-uName']
2025-03-01 02:17:43 [main] ERROR com.zoho.utils.SessionManager - Login failed! Unable to detect active session.
2025-03-01 02:17:43 [main] INFO  com.zoho.utils.JsonDataReader - Generated Test Data for: testCreateLeadWithInvalidEmailFormat -> {
  "testName" : "testCreateLeadWithInvalidEmailFormat",
  "firstName" : "TestFirst_521",
  "lastName" : "TestLast_562",
  "company" : "Company_870",
  "email" : "invalidEmail"
}
2025-03-01 02:17:43 [main] INFO  com.zoho.pages.HomePage - Navigating to Leads Page.
2025-03-01 02:17:43 [main] INFO  com.zoho.pages.BasePage - Attempting to click on element: By.xpath: //lyte-text[normalize-space()='Leads'] | Attempt: 1
2025-03-01 02:17:43 [main] INFO  com.zoho.pages.BasePage - Successfully clicked on element: By.xpath: //lyte-text[normalize-space()='Leads']
2025-03-01 02:17:43 [main] INFO  com.zoho.base.BaseTest - Closing browser after test execution.
2025-03-01 02:17:43 [main] INFO  com.zoho.utils.BrowserFactory - Browser session closed successfully.
2025-03-01 02:17:43 [main] INFO  com.zoho.base.BaseTest - Tearing down the test suite.
2025-03-01 02:17:44 [main] INFO  com.zoho.base.BaseTest - Extent Reports flushed.
2025-03-01 02:53:17 [main] INFO  org.testng.internal.Utils - [TestNG] Running:
  /Users/apple/Library/Caches/JetBrains/IdeaIC2023.2/temp-testng-customsuite.xml

2025-03-01 02:53:17 [main] INFO  com.zoho.base.BaseTest - Initializing Extent Reports for test suite...
2025-03-01 02:53:17 [main] INFO  com.zoho.base.BaseTest - Extent Reports initialized at: /Users/apple/IdeaProjects/zoho-web-automation/ZohoCRM_Automation/reports/ExtentReport_20250301_025317.html
2025-03-01 02:53:17 [main] INFO  com.zoho.utils.JsonDataReader - Test data loaded successfully from: src/test/resources/testdata.json
2025-03-01 02:53:17 [main] INFO  com.zoho.base.BaseTest - Starting test: testValidateCreateLeadText
2025-03-01 02:53:18 [main] INFO  io.github.bonigarcia.wdm.WebDriverManager - Using chromedriver 133.0.6943.141 (resolved driver for Chrome 133)
2025-03-01 02:53:18 [main] INFO  io.github.bonigarcia.wdm.WebDriverManager - Exporting webdriver.chrome.driver as /Users/apple/.cache/selenium/chromedriver/mac64/133.0.6943.141/chromedriver
2025-03-01 02:53:20 [main] INFO  com.zoho.utils.BrowserFactory - Initialized WebDriver for browser: chrome
2025-03-01 02:53:20 [main] INFO  com.zoho.config.ConfigManager - ✅ Config properties loaded successfully.
2025-03-01 02:53:25 [main] INFO  com.zoho.base.BaseTest - Navigated to: https://www.zoho.com/crm/
2025-03-01 02:53:25 [main] INFO  com.zoho.utils.SessionManager - Checking if user session is active...
2025-03-01 02:53:25 [main] INFO  com.zoho.utils.SessionManager - No active session found or user is on the login page. Proceeding with login...
2025-03-01 02:53:25 [main] INFO  com.zoho.pages.LoginPage - Navigating to login page and signing in.
2025-03-01 02:53:25 [main] INFO  com.zoho.pages.BasePage - Attempting to click on element: By.xpath: //a[@class='zgh-login'][normalize-space()='Sign In'] | Attempt: 1
2025-03-01 02:53:26 [main] INFO  com.zoho.pages.BasePage - Successfully clicked on element: By.xpath: //a[@class='zgh-login'][normalize-space()='Sign In']
2025-03-01 02:53:27 [main] INFO  com.zoho.pages.BasePage - Entered text 'zohotestinguser02@gmail.com' in element: By.id: login_id
2025-03-01 02:53:27 [main] INFO  com.zoho.pages.BasePage - Attempting to click on element: By.xpath: //span[normalize-space()='Next'] | Attempt: 1
2025-03-01 02:53:27 [main] INFO  com.zoho.pages.BasePage - Successfully clicked on element: By.xpath: //span[normalize-space()='Next']
2025-03-01 02:53:28 [main] INFO  com.zoho.pages.BasePage - Entered text 'zohouser@123' in element: By.xpath: //input[@id='password']
2025-03-01 02:53:28 [main] INFO  com.zoho.pages.BasePage - Attempting to click on element: By.xpath: //button[@id='nextbtn']//span[contains(text(),'Sign in')] | Attempt: 1
2025-03-01 02:53:28 [main] INFO  com.zoho.pages.BasePage - Successfully clicked on element: By.xpath: //button[@id='nextbtn']//span[contains(text(),'Sign in')]
2025-03-01 02:53:28 [main] INFO  com.zoho.pages.HomePage - Checking if user profile name is displayed.
2025-03-01 02:53:38 [main] ERROR com.zoho.pages.BasePage - Element not displayed: By.xpath: //span[@id='show-uName']
2025-03-01 02:53:38 [main] ERROR com.zoho.utils.SessionManager - Login failed! Unable to detect active session.
2025-03-01 02:53:38 [main] INFO  com.zoho.pages.HomePage - Navigating to Create Lead Page.
2025-03-01 02:53:38 [main] INFO  com.zoho.pages.BasePage - Attempting to click on element: By.xpath: //lyte-text[normalize-space()='Leads'] | Attempt: 1
2025-03-01 02:53:38 [main] INFO  com.zoho.pages.BasePage - Successfully clicked on element: By.xpath: //lyte-text[normalize-space()='Leads']
2025-03-01 02:53:38 [main] INFO  com.zoho.pages.BasePage - Attempting to click on element: By.xpath: //button[normalize-space()='Create Lead'] | Attempt: 1
2025-03-01 02:53:39 [main] WARN  com.zoho.pages.BasePage - StaleElementReferenceException encountered. Retrying in 500ms... Attempt: 1
2025-03-01 02:53:39 [main] INFO  com.zoho.pages.BasePage - Attempting to click on element: By.xpath: //button[normalize-space()='Create Lead'] | Attempt: 2
2025-03-01 02:53:40 [main] INFO  com.zoho.pages.BasePage - Successfully clicked on element: By.xpath: //button[normalize-space()='Create Lead']
2025-03-01 02:53:40 [main] INFO  com.zoho.pages.CreateLeadPage - Fetching 'Create Lead' text.
2025-03-01 02:53:41 [main] INFO  com.zoho.base.BaseTest - Closing browser after test execution.
2025-03-01 02:53:41 [main] INFO  com.zoho.utils.BrowserFactory - Browser session closed successfully.
2025-03-01 02:53:41 [main] INFO  com.zoho.base.BaseTest - Starting test: testCreateLeadWithMissingMandatoryFields
2025-03-01 02:53:41 [main] INFO  io.github.bonigarcia.wdm.WebDriverManager - Using chromedriver 133.0.6943.141 (resolved driver for Chrome 133)
2025-03-01 02:53:41 [main] INFO  io.github.bonigarcia.wdm.WebDriverManager - Exporting webdriver.chrome.driver as /Users/apple/.cache/selenium/chromedriver/mac64/133.0.6943.141/chromedriver
2025-03-01 02:53:42 [main] INFO  com.zoho.utils.BrowserFactory - Initialized WebDriver for browser: chrome
2025-03-01 02:53:47 [main] INFO  com.zoho.base.BaseTest - Navigated to: https://www.zoho.com/crm/
2025-03-01 02:53:47 [main] INFO  com.zoho.utils.SessionManager - Checking if user session is active...
2025-03-01 02:53:47 [main] INFO  com.zoho.utils.SessionManager - No active session found or user is on the login page. Proceeding with login...
2025-03-01 02:53:47 [main] INFO  com.zoho.pages.LoginPage - Navigating to login page and signing in.
2025-03-01 02:53:47 [main] INFO  com.zoho.pages.BasePage - Attempting to click on element: By.xpath: //a[@class='zgh-login'][normalize-space()='Sign In'] | Attempt: 1
2025-03-01 02:53:48 [main] INFO  com.zoho.pages.BasePage - Successfully clicked on element: By.xpath: //a[@class='zgh-login'][normalize-space()='Sign In']
2025-03-01 02:53:49 [main] INFO  com.zoho.pages.BasePage - Entered text 'zohotestinguser02@gmail.com' in element: By.id: login_id
2025-03-01 02:53:49 [main] INFO  com.zoho.pages.BasePage - Attempting to click on element: By.xpath: //span[normalize-space()='Next'] | Attempt: 1
2025-03-01 02:53:50 [main] INFO  com.zoho.pages.BasePage - Successfully clicked on element: By.xpath: //span[normalize-space()='Next']
2025-03-01 02:53:50 [main] INFO  com.zoho.pages.BasePage - Entered text 'zohouser@123' in element: By.xpath: //input[@id='password']
2025-03-01 02:53:50 [main] INFO  com.zoho.pages.BasePage - Attempting to click on element: By.xpath: //button[@id='nextbtn']//span[contains(text(),'Sign in')] | Attempt: 1
2025-03-01 02:53:50 [main] INFO  com.zoho.pages.BasePage - Successfully clicked on element: By.xpath: //button[@id='nextbtn']//span[contains(text(),'Sign in')]
2025-03-01 02:53:50 [main] INFO  com.zoho.pages.HomePage - Checking if user profile name is displayed.
2025-03-01 02:54:01 [main] ERROR com.zoho.pages.BasePage - Element not displayed: By.xpath: //span[@id='show-uName']
2025-03-01 02:54:01 [main] ERROR com.zoho.utils.SessionManager - Login failed! Unable to detect active session.
2025-03-01 02:54:01 [main] INFO  com.zoho.pages.HomePage - Navigating to Create Lead Page.
2025-03-01 02:54:01 [main] INFO  com.zoho.pages.BasePage - Attempting to click on element: By.xpath: //lyte-text[normalize-space()='Leads'] | Attempt: 1
2025-03-01 02:54:01 [main] INFO  com.zoho.pages.BasePage - Successfully clicked on element: By.xpath: //lyte-text[normalize-space()='Leads']
2025-03-01 02:54:01 [main] INFO  com.zoho.pages.BasePage - Attempting to click on element: By.xpath: //button[normalize-space()='Create Lead'] | Attempt: 1
2025-03-01 02:54:02 [main] INFO  com.zoho.pages.BasePage - Successfully clicked on element: By.xpath: //button[normalize-space()='Create Lead']
2025-03-01 02:54:02 [main] INFO  com.zoho.pages.CreateLeadPage - Clicking 'Save' button.
2025-03-01 02:54:02 [main] INFO  com.zoho.pages.BasePage - Attempting to click on element: By.xpath: //lyte-button[@id='crm_create_savebutnLeads']//lyte-yield[1] | Attempt: 1
2025-03-01 02:54:04 [main] INFO  com.zoho.pages.BasePage - Successfully clicked on element: By.xpath: //lyte-button[@id='crm_create_savebutnLeads']//lyte-yield[1]
2025-03-01 02:54:04 [main] INFO  com.zoho.pages.CreateLeadPage - Fetching Company error message.
2025-03-01 02:54:04 [main] INFO  com.zoho.pages.CreateLeadPage - Fetching Last Name error message.
2025-03-01 02:54:04 [main] INFO  com.zoho.base.BaseTest - Closing browser after test execution.
2025-03-01 02:54:05 [main] INFO  com.zoho.utils.BrowserFactory - Browser session closed successfully.
2025-03-01 02:54:05 [main] INFO  com.zoho.base.BaseTest - Starting test: testCreateLeadWithInvalidEmailFormat
2025-03-01 02:54:05 [main] INFO  io.github.bonigarcia.wdm.WebDriverManager - Using chromedriver 133.0.6943.141 (resolved driver for Chrome 133)
2025-03-01 02:54:05 [main] INFO  io.github.bonigarcia.wdm.WebDriverManager - Exporting webdriver.chrome.driver as /Users/apple/.cache/selenium/chromedriver/mac64/133.0.6943.141/chromedriver
2025-03-01 02:54:07 [main] INFO  com.zoho.utils.BrowserFactory - Initialized WebDriver for browser: chrome
2025-03-01 02:54:10 [main] INFO  com.zoho.base.BaseTest - Navigated to: https://www.zoho.com/crm/
2025-03-01 02:54:10 [main] INFO  com.zoho.utils.SessionManager - Checking if user session is active...
2025-03-01 02:54:10 [main] INFO  com.zoho.utils.SessionManager - No active session found or user is on the login page. Proceeding with login...
2025-03-01 02:54:10 [main] INFO  com.zoho.pages.LoginPage - Navigating to login page and signing in.
2025-03-01 02:54:10 [main] INFO  com.zoho.pages.BasePage - Attempting to click on element: By.xpath: //a[@class='zgh-login'][normalize-space()='Sign In'] | Attempt: 1
2025-03-01 02:54:11 [main] INFO  com.zoho.pages.BasePage - Successfully clicked on element: By.xpath: //a[@class='zgh-login'][normalize-space()='Sign In']
2025-03-01 02:54:13 [main] INFO  com.zoho.pages.BasePage - Entered text 'zohotestinguser02@gmail.com' in element: By.id: login_id
2025-03-01 02:54:13 [main] INFO  com.zoho.pages.BasePage - Attempting to click on element: By.xpath: //span[normalize-space()='Next'] | Attempt: 1
2025-03-01 02:54:13 [main] INFO  com.zoho.pages.BasePage - Successfully clicked on element: By.xpath: //span[normalize-space()='Next']
2025-03-01 02:54:13 [main] INFO  com.zoho.pages.BasePage - Entered text 'zohouser@123' in element: By.xpath: //input[@id='password']
2025-03-01 02:54:13 [main] INFO  com.zoho.pages.BasePage - Attempting to click on element: By.xpath: //button[@id='nextbtn']//span[contains(text(),'Sign in')] | Attempt: 1
2025-03-01 02:54:14 [main] INFO  com.zoho.pages.BasePage - Successfully clicked on element: By.xpath: //button[@id='nextbtn']//span[contains(text(),'Sign in')]
2025-03-01 02:54:14 [main] INFO  com.zoho.pages.HomePage - Checking if user profile name is displayed.
2025-03-01 02:54:24 [main] ERROR com.zoho.pages.BasePage - Element not displayed: By.xpath: //span[@id='show-uName']
2025-03-01 02:54:24 [main] ERROR com.zoho.utils.SessionManager - Login failed! Unable to detect active session.
2025-03-01 02:54:24 [main] INFO  com.zoho.utils.JsonDataReader - Generated Test Data for: testCreateLeadWithInvalidEmailFormat -> {
  "testName" : "testCreateLeadWithInvalidEmailFormat",
  "firstName" : "TestFirst_253",
  "lastName" : "TestLast_368",
  "company" : "Company_9315",
  "email" : "invalidEmail"
}
2025-03-01 02:54:24 [main] INFO  com.zoho.pages.HomePage - Navigating to Create Lead Page.
2025-03-01 02:54:24 [main] INFO  com.zoho.pages.BasePage - Attempting to click on element: By.xpath: //lyte-text[normalize-space()='Leads'] | Attempt: 1
2025-03-01 02:54:24 [main] INFO  com.zoho.pages.BasePage - Successfully clicked on element: By.xpath: //lyte-text[normalize-space()='Leads']
2025-03-01 02:54:24 [main] INFO  com.zoho.pages.BasePage - Attempting to click on element: By.xpath: //button[normalize-space()='Create Lead'] | Attempt: 1
2025-03-01 02:54:24 [main] WARN  com.zoho.pages.BasePage - StaleElementReferenceException encountered. Retrying in 500ms... Attempt: 1
2025-03-01 02:54:25 [main] INFO  com.zoho.pages.BasePage - Attempting to click on element: By.xpath: //button[normalize-space()='Create Lead'] | Attempt: 2
2025-03-01 02:54:25 [main] INFO  com.zoho.pages.BasePage - Successfully clicked on element: By.xpath: //button[normalize-space()='Create Lead']
2025-03-01 02:54:25 [main] INFO  com.zoho.pages.CreateLeadPage - Entering lead details: TestFirst_253 TestLast_368, Company: Company_9315
2025-03-01 02:54:26 [main] INFO  com.zoho.pages.BasePage - Entered text 'TestFirst_253' in element: By.id: Crm_Leads_FIRSTNAME_LInput
2025-03-01 02:54:27 [main] INFO  com.zoho.pages.BasePage - Entered text 'TestLast_368' in element: By.id: Crm_Leads_LASTNAME_LInput
2025-03-01 02:54:27 [main] INFO  com.zoho.pages.BasePage - Entered text 'Company_9315' in element: By.xpath: //crm-create-fields[@id='Leads_fldRow_COMPANY']//input[1]
2025-03-01 02:54:27 [main] INFO  com.zoho.pages.BasePage - Entered text 'invalidEmail' in element: By.id: Crm_Leads_EMAIL_LInput
2025-03-01 02:54:27 [main] INFO  com.zoho.pages.CreateLeadPage - Clicking 'Save' button.
2025-03-01 02:54:27 [main] INFO  com.zoho.pages.BasePage - Attempting to click on element: By.xpath: //lyte-button[@id='crm_create_savebutnLeads']//lyte-yield[1] | Attempt: 1
2025-03-01 02:54:28 [main] INFO  com.zoho.pages.BasePage - Successfully clicked on element: By.xpath: //lyte-button[@id='crm_create_savebutnLeads']//lyte-yield[1]
2025-03-01 02:54:28 [main] INFO  com.zoho.pages.CreateLeadPage - Fetching Email error message.
2025-03-01 02:54:28 [main] INFO  com.zoho.base.BaseTest - Closing browser after test execution.
2025-03-01 02:54:28 [main] INFO  com.zoho.utils.BrowserFactory - Browser session closed successfully.
2025-03-01 02:54:28 [main] INFO  com.zoho.base.BaseTest - Tearing down the test suite.
2025-03-01 02:54:28 [main] INFO  com.zoho.base.BaseTest - Extent Reports flushed.
2025-03-01 03:00:19 [main] INFO  org.testng.internal.Utils - [TestNG] Running:
  /Users/apple/Library/Caches/JetBrains/IdeaIC2023.2/temp-testng-customsuite.xml

2025-03-01 03:00:19 [main] INFO  com.zoho.base.BaseTest - Initializing Extent Reports for test suite...
2025-03-01 03:00:19 [main] INFO  com.zoho.base.BaseTest - Extent Reports initialized at: /Users/apple/IdeaProjects/zoho-web-automation/ZohoCRM_Automation/reports/ExtentReport_20250301_030019.html
2025-03-01 03:00:20 [main] INFO  com.zoho.utils.JsonDataReader - Test data loaded successfully from: src/test/resources/testdata.json
2025-03-01 03:00:20 [main] INFO  com.zoho.base.BaseTest - Starting test: testValidateCreateLeadText
2025-03-01 03:00:20 [main] INFO  io.github.bonigarcia.wdm.WebDriverManager - Using chromedriver 133.0.6943.141 (resolved driver for Chrome 133)
2025-03-01 03:00:20 [main] INFO  io.github.bonigarcia.wdm.WebDriverManager - Exporting webdriver.chrome.driver as /Users/apple/.cache/selenium/chromedriver/mac64/133.0.6943.141/chromedriver
2025-03-01 03:00:22 [main] INFO  com.zoho.utils.BrowserFactory - Initialized WebDriver for browser: chrome
2025-03-01 03:00:22 [main] INFO  com.zoho.config.ConfigManager - ✅ Config properties loaded successfully.
2025-03-01 03:00:26 [main] INFO  com.zoho.base.BaseTest - Navigated to: https://www.zoho.com/crm/
2025-03-01 03:00:26 [main] INFO  com.zoho.utils.SessionManager - Checking if user session is active...
2025-03-01 03:00:26 [main] INFO  com.zoho.utils.SessionManager - No active session found or user is on the login page. Proceeding with login...
2025-03-01 03:00:26 [main] INFO  com.zoho.pages.LoginPage - Navigating to login page and signing in.
2025-03-01 03:00:26 [main] INFO  com.zoho.pages.BasePage - Attempting to click on element: By.xpath: //a[@class='zgh-login'][normalize-space()='Sign In'] | Attempt: 1
2025-03-01 03:00:27 [main] INFO  com.zoho.pages.BasePage - Successfully clicked on element: By.xpath: //a[@class='zgh-login'][normalize-space()='Sign In']
2025-03-01 03:00:28 [main] INFO  com.zoho.pages.BasePage - Entered text 'zohotestinguser02@gmail.com' in element: By.id: login_id
2025-03-01 03:00:28 [main] INFO  com.zoho.pages.BasePage - Attempting to click on element: By.xpath: //span[normalize-space()='Next'] | Attempt: 1
2025-03-01 03:00:28 [main] INFO  com.zoho.pages.BasePage - Successfully clicked on element: By.xpath: //span[normalize-space()='Next']
2025-03-01 03:00:29 [main] INFO  com.zoho.pages.BasePage - Entered text 'zohouser@123' in element: By.xpath: //input[@id='password']
2025-03-01 03:00:29 [main] INFO  com.zoho.pages.BasePage - Attempting to click on element: By.xpath: //button[@id='nextbtn']//span[contains(text(),'Sign in')] | Attempt: 1
2025-03-01 03:00:29 [main] INFO  com.zoho.pages.BasePage - Successfully clicked on element: By.xpath: //button[@id='nextbtn']//span[contains(text(),'Sign in')]
2025-03-01 03:00:29 [main] INFO  com.zoho.pages.HomePage - Checking if user profile name is displayed.
2025-03-01 03:00:50 [main] ERROR com.zoho.pages.BasePage - Element not displayed: By.xpath: //span[@id='show-uName']
2025-03-01 03:00:50 [main] ERROR com.zoho.utils.SessionManager - Login failed! Unable to detect active session.
2025-03-01 03:00:50 [main] INFO  com.zoho.pages.HomePage - Navigating to Create Lead Page.
2025-03-01 03:00:50 [main] INFO  com.zoho.pages.BasePage - Attempting to click on element: By.xpath: //lyte-text[normalize-space()='Leads'] | Attempt: 1
2025-03-01 03:00:50 [main] INFO  com.zoho.pages.BasePage - Successfully clicked on element: By.xpath: //lyte-text[normalize-space()='Leads']
2025-03-01 03:00:50 [main] INFO  com.zoho.pages.BasePage - Attempting to click on element: By.xpath: //button[normalize-space()='Create Lead'] | Attempt: 1
2025-03-01 03:00:51 [main] WARN  com.zoho.pages.BasePage - StaleElementReferenceException encountered. Retrying in 500ms... Attempt: 1
2025-03-01 03:00:51 [main] INFO  com.zoho.pages.BasePage - Attempting to click on element: By.xpath: //button[normalize-space()='Create Lead'] | Attempt: 2
2025-03-01 03:00:51 [main] INFO  com.zoho.pages.BasePage - Successfully clicked on element: By.xpath: //button[normalize-space()='Create Lead']
2025-03-01 03:00:51 [main] INFO  com.zoho.pages.CreateLeadPage - Fetching 'Create Lead' text.
2025-03-01 03:00:53 [main] INFO  com.zoho.base.BaseTest - Closing browser after test execution.
2025-03-01 03:00:53 [main] INFO  com.zoho.utils.BrowserFactory - Browser session closed successfully.
2025-03-01 03:00:53 [main] INFO  com.zoho.base.BaseTest - Starting test: testCreateLeadWithMissingMandatoryFields
2025-03-01 03:00:53 [main] INFO  io.github.bonigarcia.wdm.WebDriverManager - Using chromedriver 133.0.6943.141 (resolved driver for Chrome 133)
2025-03-01 03:00:53 [main] INFO  io.github.bonigarcia.wdm.WebDriverManager - Exporting webdriver.chrome.driver as /Users/apple/.cache/selenium/chromedriver/mac64/133.0.6943.141/chromedriver
2025-03-01 03:00:54 [main] INFO  com.zoho.utils.BrowserFactory - Initialized WebDriver for browser: chrome
2025-03-01 03:00:57 [main] INFO  com.zoho.base.BaseTest - Navigated to: https://www.zoho.com/crm/
2025-03-01 03:00:57 [main] INFO  com.zoho.utils.SessionManager - Checking if user session is active...
2025-03-01 03:00:57 [main] INFO  com.zoho.utils.SessionManager - No active session found or user is on the login page. Proceeding with login...
2025-03-01 03:00:57 [main] INFO  com.zoho.pages.LoginPage - Navigating to login page and signing in.
2025-03-01 03:00:57 [main] INFO  com.zoho.pages.BasePage - Attempting to click on element: By.xpath: //a[@class='zgh-login'][normalize-space()='Sign In'] | Attempt: 1
2025-03-01 03:00:58 [main] INFO  com.zoho.pages.BasePage - Successfully clicked on element: By.xpath: //a[@class='zgh-login'][normalize-space()='Sign In']
2025-03-01 03:00:59 [main] INFO  com.zoho.pages.BasePage - Entered text 'zohotestinguser02@gmail.com' in element: By.id: login_id
2025-03-01 03:00:59 [main] INFO  com.zoho.pages.BasePage - Attempting to click on element: By.xpath: //span[normalize-space()='Next'] | Attempt: 1
2025-03-01 03:00:59 [main] INFO  com.zoho.pages.BasePage - Successfully clicked on element: By.xpath: //span[normalize-space()='Next']
2025-03-01 03:01:00 [main] INFO  com.zoho.pages.BasePage - Entered text 'zohouser@123' in element: By.xpath: //input[@id='password']
2025-03-01 03:01:00 [main] INFO  com.zoho.pages.BasePage - Attempting to click on element: By.xpath: //button[@id='nextbtn']//span[contains(text(),'Sign in')] | Attempt: 1
2025-03-01 03:01:00 [main] INFO  com.zoho.pages.BasePage - Successfully clicked on element: By.xpath: //button[@id='nextbtn']//span[contains(text(),'Sign in')]
2025-03-01 03:01:00 [main] INFO  com.zoho.pages.HomePage - Checking if user profile name is displayed.
2025-03-01 03:01:10 [main] ERROR com.zoho.pages.BasePage - Element not displayed: By.xpath: //span[@id='show-uName']
2025-03-01 03:01:10 [main] ERROR com.zoho.utils.SessionManager - Login failed! Unable to detect active session.
2025-03-01 03:01:10 [main] INFO  com.zoho.pages.HomePage - Navigating to Create Lead Page.
2025-03-01 03:01:10 [main] INFO  com.zoho.pages.BasePage - Attempting to click on element: By.xpath: //lyte-text[normalize-space()='Leads'] | Attempt: 1
2025-03-01 03:01:10 [main] INFO  com.zoho.pages.BasePage - Successfully clicked on element: By.xpath: //lyte-text[normalize-space()='Leads']
2025-03-01 03:01:10 [main] INFO  com.zoho.pages.BasePage - Attempting to click on element: By.xpath: //button[normalize-space()='Create Lead'] | Attempt: 1
2025-03-01 03:01:11 [main] WARN  com.zoho.pages.BasePage - StaleElementReferenceException encountered. Retrying in 500ms... Attempt: 1
2025-03-01 03:01:11 [main] INFO  com.zoho.pages.BasePage - Attempting to click on element: By.xpath: //button[normalize-space()='Create Lead'] | Attempt: 2
2025-03-01 03:01:12 [main] INFO  com.zoho.pages.BasePage - Successfully clicked on element: By.xpath: //button[normalize-space()='Create Lead']
2025-03-01 03:01:12 [main] INFO  com.zoho.pages.CreateLeadPage - Clicking 'Save' button.
2025-03-01 03:01:12 [main] INFO  com.zoho.pages.BasePage - Attempting to click on element: By.xpath: //lyte-button[@id='crm_create_savebutnLeads']//lyte-yield[1] | Attempt: 1
2025-03-01 03:01:13 [main] INFO  com.zoho.pages.BasePage - Successfully clicked on element: By.xpath: //lyte-button[@id='crm_create_savebutnLeads']//lyte-yield[1]
2025-03-01 03:01:13 [main] INFO  com.zoho.pages.CreateLeadPage - Fetching Company error message.
2025-03-01 03:01:13 [main] INFO  com.zoho.pages.CreateLeadPage - Fetching Last Name error message.
2025-03-01 03:01:13 [main] INFO  com.zoho.base.BaseTest - Closing browser after test execution.
2025-03-01 03:01:13 [main] INFO  com.zoho.utils.BrowserFactory - Browser session closed successfully.
2025-03-01 03:01:13 [main] INFO  com.zoho.base.BaseTest - Starting test: testCreateLeadWithInvalidEmailFormat
2025-03-01 03:01:13 [main] INFO  io.github.bonigarcia.wdm.WebDriverManager - Using chromedriver 133.0.6943.141 (resolved driver for Chrome 133)
2025-03-01 03:01:13 [main] INFO  io.github.bonigarcia.wdm.WebDriverManager - Exporting webdriver.chrome.driver as /Users/apple/.cache/selenium/chromedriver/mac64/133.0.6943.141/chromedriver
2025-03-01 03:01:15 [main] INFO  com.zoho.utils.BrowserFactory - Initialized WebDriver for browser: chrome
2025-03-01 03:01:17 [main] INFO  com.zoho.base.BaseTest - Navigated to: https://www.zoho.com/crm/
2025-03-01 03:01:17 [main] INFO  com.zoho.utils.SessionManager - Checking if user session is active...
2025-03-01 03:01:17 [main] INFO  com.zoho.utils.SessionManager - No active session found or user is on the login page. Proceeding with login...
2025-03-01 03:01:17 [main] INFO  com.zoho.pages.LoginPage - Navigating to login page and signing in.
2025-03-01 03:01:17 [main] INFO  com.zoho.pages.BasePage - Attempting to click on element: By.xpath: //a[@class='zgh-login'][normalize-space()='Sign In'] | Attempt: 1
2025-03-01 03:01:18 [main] INFO  com.zoho.pages.BasePage - Successfully clicked on element: By.xpath: //a[@class='zgh-login'][normalize-space()='Sign In']
2025-03-01 03:01:19 [main] INFO  com.zoho.pages.BasePage - Entered text 'zohotestinguser02@gmail.com' in element: By.id: login_id
2025-03-01 03:01:19 [main] INFO  com.zoho.pages.BasePage - Attempting to click on element: By.xpath: //span[normalize-space()='Next'] | Attempt: 1
2025-03-01 03:01:19 [main] INFO  com.zoho.pages.BasePage - Successfully clicked on element: By.xpath: //span[normalize-space()='Next']
2025-03-01 03:01:20 [main] INFO  com.zoho.pages.BasePage - Entered text 'zohouser@123' in element: By.xpath: //input[@id='password']
2025-03-01 03:01:20 [main] INFO  com.zoho.pages.BasePage - Attempting to click on element: By.xpath: //button[@id='nextbtn']//span[contains(text(),'Sign in')] | Attempt: 1
2025-03-01 03:01:20 [main] INFO  com.zoho.pages.BasePage - Successfully clicked on element: By.xpath: //button[@id='nextbtn']//span[contains(text(),'Sign in')]
2025-03-01 03:01:20 [main] INFO  com.zoho.pages.HomePage - Checking if user profile name is displayed.
2025-03-01 03:01:30 [main] ERROR com.zoho.pages.BasePage - Element not displayed: By.xpath: //span[@id='show-uName']
2025-03-01 03:01:30 [main] ERROR com.zoho.utils.SessionManager - Login failed! Unable to detect active session.
2025-03-01 03:01:30 [main] INFO  com.zoho.utils.JsonDataReader - Generated Test Data for: testCreateLeadWithInvalidEmailFormat -> {
  "testName" : "testCreateLeadWithInvalidEmailFormat",
  "firstName" : "TestFirst_225",
  "lastName" : "TestLast_381",
  "company" : "Company_4868",
  "email" : "invalidEmail"
}
2025-03-01 03:01:30 [main] INFO  com.zoho.pages.HomePage - Navigating to Create Lead Page.
2025-03-01 03:01:30 [main] INFO  com.zoho.pages.BasePage - Attempting to click on element: By.xpath: //lyte-text[normalize-space()='Leads'] | Attempt: 1
2025-03-01 03:01:30 [main] INFO  com.zoho.pages.BasePage - Successfully clicked on element: By.xpath: //lyte-text[normalize-space()='Leads']
2025-03-01 03:01:30 [main] INFO  com.zoho.pages.BasePage - Attempting to click on element: By.xpath: //button[normalize-space()='Create Lead'] | Attempt: 1
2025-03-01 03:01:31 [main] INFO  com.zoho.pages.BasePage - Successfully clicked on element: By.xpath: //button[normalize-space()='Create Lead']
2025-03-01 03:01:31 [main] INFO  com.zoho.pages.CreateLeadPage - Entering lead details: TestFirst_225 TestLast_381, Company: Company_4868
2025-03-01 03:01:33 [main] INFO  com.zoho.pages.BasePage - Entered text 'TestFirst_225' in element: By.id: Crm_Leads_FIRSTNAME_LInput
2025-03-01 03:01:33 [main] INFO  com.zoho.pages.BasePage - Entered text 'TestLast_381' in element: By.id: Crm_Leads_LASTNAME_LInput
2025-03-01 03:01:33 [main] INFO  com.zoho.pages.BasePage - Entered text 'Company_4868' in element: By.xpath: //crm-create-fields[@id='Leads_fldRow_COMPANY']//input[1]
2025-03-01 03:01:33 [main] INFO  com.zoho.pages.BasePage - Entered text 'invalidEmail' in element: By.id: Crm_Leads_EMAIL_LInput
2025-03-01 03:01:33 [main] INFO  com.zoho.pages.CreateLeadPage - Clicking 'Save' button.
2025-03-01 03:01:33 [main] INFO  com.zoho.pages.BasePage - Attempting to click on element: By.xpath: //lyte-button[@id='crm_create_savebutnLeads']//lyte-yield[1] | Attempt: 1
2025-03-01 03:01:34 [main] INFO  com.zoho.pages.BasePage - Successfully clicked on element: By.xpath: //lyte-button[@id='crm_create_savebutnLeads']//lyte-yield[1]
2025-03-01 03:01:34 [main] INFO  com.zoho.pages.CreateLeadPage - Fetching Email error message.
2025-03-01 03:01:34 [main] INFO  com.zoho.base.BaseTest - Closing browser after test execution.
2025-03-01 03:01:34 [main] INFO  com.zoho.utils.BrowserFactory - Browser session closed successfully.
2025-03-01 03:01:34 [main] INFO  com.zoho.base.BaseTest - Tearing down the test suite.
2025-03-01 03:01:34 [main] INFO  com.zoho.base.BaseTest - Extent Reports flushed.
